0	1	mikroCPIC1618.exe -MSF -DBG -pP18F45K22 -DL -O11111114 -fo8 -N"C:\Users\Attahiru Jibril\Documents\Design\Electronics_Circuits-Embedded_System\mikroC\PIC_Grind\I2C_DS1307_Digtal_Clock\Digtal_Clock.mcppi" -SP"C:\Users\Public\Documents\Mikroelektronika\mikroC PRO for PIC\Defs\" -SP"C:\Users\Public\Documents\Mikroelektronika\mikroC PRO for PIC\uses\P18\" -SP"C:\Users\Attahiru Jibril\Documents\Design\Electronics_Circuits-Embedded_System\mikroC\PIC_Grind\I2C_DS1307_Digtal_Clock\" -IP"C:\Users\Public\Documents\Mikroelektronika\mikroC PRO for PIC\uses\P18\" -IP"C:\Users\Attahiru Jibril\Documents\Design\Electronics_Circuits-Embedded_System\mikroC\PIC_Grind\I2C_DS1307_Digtal_Clock\" "Digtal_Clock.c" "ds1307.c" "__Lib_Math.mcl" "__Lib_MathDouble.mcl" "__Lib_System.mcl" "__Lib_Delays.mcl" "__Lib_CType.mcl" "__Lib_CString.mcl" "__Lib_Conversions.mcl" "__Lib_Sprintf.mcl" "__Lib_I2C_c34d01.mcl" "__Lib_UART_c67d67.mcl" "__Lib_LcdConsts.mcl" "__Lib_Lcd.mcl"	 
hint: 0	1139	Available RAM: 1515 [bytes], Available ROM: 32768 [bytes]	 
diagnostics: 0	122	Compilation Started	ds1307.h
warning: 51	1509	Generated baud rate is 9615 bps (error = 0.16 percent)	Digtal_Clock.c
warning: 197	1508	Implicit conversion of int to ptr	Digtal_Clock.c
warning: 198	1508	Implicit conversion of int to ptr	Digtal_Clock.c
diagnostics: 202	123	Compiled Successfully	Digtal_Clock.c
diagnostics: 0	122	Compilation Started	ds1307.h
warning: 74	1506	Implicit conversion of pointer to int	ds1307.c
warning: 91	1506	Implicit conversion of pointer to int	ds1307.c
diagnostics: 112	123	Compiled Successfully	ds1307.c
hint: 96	1164	Variable 'msb' has been eliminated by optimizer	ds1307.c
hint: 96	1164	Variable 'lsb' has been eliminated by optimizer	ds1307.c
hint: 106	1164	Variable 'msb' has been eliminated by optimizer	ds1307.c
hint: 106	1164	Variable 'lsb' has been eliminated by optimizer	ds1307.c
diagnostics: 0	127	All files Compiled in 172 ms	 
hint: 0	1144	Used RAM (bytes): 208 (14%)  Free RAM (bytes): 1307 (86%)	Used RAM (bytes): 208 (14%)  Free RAM (bytes): 1307 (86%)
hint: 0	1144	Used ROM (bytes): 3147 (10%)  Free ROM (bytes): 29621 (90%)	Used ROM (bytes): 3147 (10%)  Free ROM (bytes): 29621 (90%)
diagnostics: 0	125	Project Linked Successfully	Digtal_Clock.mcppi
diagnostics: 0	128	Linked in 47 ms	 
diagnostics: 0	129	Project 'Digtal_Clock.mcppi' completed: 250 ms	 
diagnostics: 0	103	Finished successfully: 30 May 2023, 21:09:40	Digtal_Clock.mcppi
