;  LST file generated by mikroListExporter - v.2.0 
; Date/Time: 5/30/2023 9:09:40 PM
;----------------------------------------------

;Address Opcode 	ASM
0x0000	0xF004EF97  	GOTO        2350
0x0004	0x0000      	NOP
0x0006	0x0000      	NOP
0x0008	0xF000EF00  	GOTO        0
0x000C	0x0000      	NOP
0x000E	0x0000      	NOP
0x0010	0x0000      	NOP
0x0012	0x0000      	NOP
0x0014	0x0000      	NOP
0x0016	0x0000      	NOP
0x0018	0xD7F3      	BRA         0
_UART1_Write:
;__Lib_UART_c67d67.c,63 :: 		
;__Lib_UART_c67d67.c,64 :: 		
L_UART1_Write3:
0x001C	0xB2AC      	BTFSC       TXSTA, 1 
0x001E	0xD002      	BRA         L_UART1_Write4
;__Lib_UART_c67d67.c,65 :: 		
0x0020	0x0000      	NOP
0x0022	0xD7FC      	BRA         L_UART1_Write3
L_UART1_Write4:
;__Lib_UART_c67d67.c,66 :: 		
0x0024	0xFFADC0E5  	MOVFF       FARG_UART1_Write_data_, TXREG
;__Lib_UART_c67d67.c,67 :: 		
L_end_UART1_Write:
0x0028	0x0012      	RETURN      0
; end of _UART1_Write
_UART2_Write:
;__Lib_UART_c67d67.c,160 :: 		
;__Lib_UART_c67d67.c,161 :: 		
L_UART2_Write19:
0x002A	0xB272      	BTFSC       TXSTA2, 1 
0x002C	0xD001      	BRA         L_UART2_Write20
;__Lib_UART_c67d67.c,162 :: 		
0x002E	0xD7FD      	BRA         L_UART2_Write19
L_UART2_Write20:
;__Lib_UART_c67d67.c,163 :: 		
0x0030	0xFF73C0E5  	MOVFF       FARG_UART2_Write_data_, TXREG2
;__Lib_UART_c67d67.c,164 :: 		
L_end_UART2_Write:
0x0034	0x0012      	RETURN      0
; end of _UART2_Write
_Delay_50us:
;__Lib_Delays.c,19 :: 		void Delay_50us() {
;__Lib_Delays.c,20 :: 		Delay_us(50);
0x0036	0x0E21      	MOVLW       33
0x0038	0x6E0D      	MOVWF       R13, 0
L_Delay_50us2:
0x003A	0x2E0D      	DECFSZ      R13, 1, 0
0x003C	0xD7FE      	BRA         L_Delay_50us2
;__Lib_Delays.c,21 :: 		}
L_end_Delay_50us:
0x003E	0x0012      	RETURN      0
; end of _Delay_50us
_Delay_1us:
;__Lib_Delays.c,7 :: 		void Delay_1us() {
;__Lib_Delays.c,8 :: 		Delay_us(1);
0x0040	0x0000      	NOP
0x0042	0x0000      	NOP
;__Lib_Delays.c,9 :: 		}
L_end_Delay_1us:
0x0044	0x0012      	RETURN      0
; end of _Delay_1us
_Delay_5500us:
;__Lib_Delays.c,31 :: 		void Delay_5500us() {
;__Lib_Delays.c,32 :: 		Delay_us(5500);
0x0046	0x0E0F      	MOVLW       15
0x0048	0x6E0C      	MOVWF       R12, 0
0x004A	0x0E47      	MOVLW       71
0x004C	0x6E0D      	MOVWF       R13, 0
L_Delay_5500us5:
0x004E	0x2E0D      	DECFSZ      R13, 1, 0
0x0050	0xD7FE      	BRA         L_Delay_5500us5
0x0052	0x2E0C      	DECFSZ      R12, 1, 0
0x0054	0xD7FC      	BRA         L_Delay_5500us5
0x0056	0x0000      	NOP
0x0058	0x0000      	NOP
;__Lib_Delays.c,33 :: 		}
L_end_Delay_5500us:
0x005A	0x0012      	RETURN      0
; end of _Delay_5500us
_I2C1_Is_Idle:
;__Lib_I2C_c34d01.c,39 :: 		
;__Lib_I2C_c34d01.c,40 :: 		
0x005C	0xB4C7      	BTFSC       SSPSTAT, 2 
0x005E	0xD009      	BRA         L_I2C1_Is_Idle0
;__Lib_I2C_c34d01.c,41 :: 		
0x0060	0x0E1F      	MOVLW       31
0x0062	0x14C5      	ANDWF       SSP1CON2, 0 
0x0064	0x6E01      	MOVWF       R1 
0x0066	0x5001      	MOVF        R1, 0 
0x0068	0x0A00      	XORLW       0
0x006A	0xE103      	BNZ         L_I2C1_Is_Idle1
;__Lib_I2C_c34d01.c,42 :: 		
0x006C	0x0E01      	MOVLW       1
0x006E	0x6E00      	MOVWF       R0 
0x0070	0xD001      	BRA         L_end_I2C1_Is_Idle
L_I2C1_Is_Idle1:
L_I2C1_Is_Idle0:
;__Lib_I2C_c34d01.c,43 :: 		
0x0072	0x6A00      	CLRF        R0 
;__Lib_I2C_c34d01.c,44 :: 		
L_end_I2C1_Is_Idle:
0x0074	0x0012      	RETURN      0
; end of _I2C1_Is_Idle
_Lcd_Cmd:
;__Lib_Lcd.c,18 :: 		
;__Lib_Lcd.c,20 :: 		
0x0076	0x0100      	MOVLB       0
0x0078	0xBFE4      	BTFSC       FARG_Lcd_Cmd_out_char, 7, 1
0x007A	0xD002      	BRA         L__Lcd_Cmd21
0x007C	0x9681      	BCF         LCD_D7, BitPos(LCD_D7+0) 
0x007E	0xD001      	BRA         L__Lcd_Cmd22
L__Lcd_Cmd21:
0x0080	0x8681      	BSF         LCD_D7, BitPos(LCD_D7+0) 
L__Lcd_Cmd22:
;__Lib_Lcd.c,21 :: 		
0x0082	0xBDE4      	BTFSC       FARG_Lcd_Cmd_out_char, 6, 1
0x0084	0xD002      	BRA         L__Lcd_Cmd23
0x0086	0x9481      	BCF         LCD_D6, BitPos(LCD_D6+0) 
0x0088	0xD001      	BRA         L__Lcd_Cmd24
L__Lcd_Cmd23:
0x008A	0x8481      	BSF         LCD_D6, BitPos(LCD_D6+0) 
L__Lcd_Cmd24:
;__Lib_Lcd.c,22 :: 		
0x008C	0xBBE4      	BTFSC       FARG_Lcd_Cmd_out_char, 5, 1
0x008E	0xD002      	BRA         L__Lcd_Cmd25
0x0090	0x9281      	BCF         LCD_D5, BitPos(LCD_D5+0) 
0x0092	0xD001      	BRA         L__Lcd_Cmd26
L__Lcd_Cmd25:
0x0094	0x8281      	BSF         LCD_D5, BitPos(LCD_D5+0) 
L__Lcd_Cmd26:
;__Lib_Lcd.c,23 :: 		
0x0096	0xB9E4      	BTFSC       FARG_Lcd_Cmd_out_char, 4, 1
0x0098	0xD002      	BRA         L__Lcd_Cmd27
0x009A	0x9081      	BCF         LCD_D4, BitPos(LCD_D4+0) 
0x009C	0xD001      	BRA         L__Lcd_Cmd28
L__Lcd_Cmd27:
0x009E	0x8081      	BSF         LCD_D4, BitPos(LCD_D4+0) 
L__Lcd_Cmd28:
;__Lib_Lcd.c,25 :: 		
0x00A0	0xB1A9      	BTFSC       __Lib_Lcd_cmd_status, BitPos(__Lib_Lcd_cmd_status+0), 1
0x00A2	0xD002      	BRA         L__Lcd_Cmd29
0x00A4	0x8881      	BSF         LCD_RS, BitPos(LCD_RS+0) 
0x00A6	0xD001      	BRA         L__Lcd_Cmd30
L__Lcd_Cmd29:
0x00A8	0x9881      	BCF         LCD_RS, BitPos(LCD_RS+0) 
L__Lcd_Cmd30:
;__Lib_Lcd.c,28 :: 		
0x00AA	0x8A81      	BSF         LCD_EN, BitPos(LCD_EN+0) 
;__Lib_Lcd.c,29 :: 		
0x00AC	0xDFC9      	RCALL       _Delay_1us
;__Lib_Lcd.c,30 :: 		
0x00AE	0x9A81      	BCF         LCD_EN, BitPos(LCD_EN+0) 
;__Lib_Lcd.c,33 :: 		
0x00B0	0xB7E4      	BTFSC       FARG_Lcd_Cmd_out_char, 3, 1
0x00B2	0xD002      	BRA         L__Lcd_Cmd31
0x00B4	0x9681      	BCF         LCD_D7, BitPos(LCD_D7+0) 
0x00B6	0xD001      	BRA         L__Lcd_Cmd32
L__Lcd_Cmd31:
0x00B8	0x8681      	BSF         LCD_D7, BitPos(LCD_D7+0) 
L__Lcd_Cmd32:
;__Lib_Lcd.c,34 :: 		
0x00BA	0xB5E4      	BTFSC       FARG_Lcd_Cmd_out_char, 2, 1
0x00BC	0xD002      	BRA         L__Lcd_Cmd33
0x00BE	0x9481      	BCF         LCD_D6, BitPos(LCD_D6+0) 
0x00C0	0xD001      	BRA         L__Lcd_Cmd34
L__Lcd_Cmd33:
0x00C2	0x8481      	BSF         LCD_D6, BitPos(LCD_D6+0) 
L__Lcd_Cmd34:
;__Lib_Lcd.c,35 :: 		
0x00C4	0xB3E4      	BTFSC       FARG_Lcd_Cmd_out_char, 1, 1
0x00C6	0xD002      	BRA         L__Lcd_Cmd35
0x00C8	0x9281      	BCF         LCD_D5, BitPos(LCD_D5+0) 
0x00CA	0xD001      	BRA         L__Lcd_Cmd36
L__Lcd_Cmd35:
0x00CC	0x8281      	BSF         LCD_D5, BitPos(LCD_D5+0) 
L__Lcd_Cmd36:
;__Lib_Lcd.c,36 :: 		
0x00CE	0xB1E4      	BTFSC       FARG_Lcd_Cmd_out_char, 0, 1
0x00D0	0xD002      	BRA         L__Lcd_Cmd37
0x00D2	0x9081      	BCF         LCD_D4, BitPos(LCD_D4+0) 
0x00D4	0xD001      	BRA         L__Lcd_Cmd38
L__Lcd_Cmd37:
0x00D6	0x8081      	BSF         LCD_D4, BitPos(LCD_D4+0) 
L__Lcd_Cmd38:
;__Lib_Lcd.c,38 :: 		
0x00D8	0xB1A9      	BTFSC       __Lib_Lcd_cmd_status, BitPos(__Lib_Lcd_cmd_status+0), 1
0x00DA	0xD002      	BRA         L__Lcd_Cmd39
0x00DC	0x8881      	BSF         LCD_RS, BitPos(LCD_RS+0) 
0x00DE	0xD001      	BRA         L__Lcd_Cmd40
L__Lcd_Cmd39:
0x00E0	0x9881      	BCF         LCD_RS, BitPos(LCD_RS+0) 
L__Lcd_Cmd40:
;__Lib_Lcd.c,40 :: 		
0x00E2	0x8A81      	BSF         LCD_EN, BitPos(LCD_EN+0) 
;__Lib_Lcd.c,41 :: 		
0x00E4	0xDFAD      	RCALL       _Delay_1us
;__Lib_Lcd.c,42 :: 		
0x00E6	0x9A81      	BCF         LCD_EN, BitPos(LCD_EN+0) 
;__Lib_Lcd.c,44 :: 		
0x00E8	0xA1A9      	BTFSS       __Lib_Lcd_cmd_status, BitPos(__Lib_Lcd_cmd_status+0), 1
0x00EA	0xD002      	BRA         L_Lcd_Cmd0
;__Lib_Lcd.c,45 :: 		
0x00EC	0xDFAC      	RCALL       _Delay_5500us
0x00EE	0xD001      	BRA         L_Lcd_Cmd1
L_Lcd_Cmd0:
;__Lib_Lcd.c,47 :: 		
0x00F0	0xDFA2      	RCALL       _Delay_50us
L_Lcd_Cmd1:
;__Lib_Lcd.c,48 :: 		
L_end_Lcd_Cmd:
0x00F2	0x0012      	RETURN      0
; end of _Lcd_Cmd
_____DoIFC:
;__Lib_System.c,93 :: 		
;__Lib_System.c,94 :: 		
0x00F4	0x50F2      	MOVF        INTCON, 0, 0
;__Lib_System.c,95 :: 		
0x00F6	0x6E02      	MOVWF       R2, 0
;__Lib_System.c,96 :: 		
0x00F8	0x9EF2      	BCF         INTCON, 7 
;__Lib_System.c,97 :: 		
0x00FA	0x0005      	PUSH
;__Lib_System.c,98 :: 		
0x00FC	0x6AFF      	CLRF        TOSU, 0
;__Lib_System.c,99 :: 		
0x00FE	0x5001      	MOVF        R1, 0, 0
;__Lib_System.c,100 :: 		
0x0100	0x6EFE      	MOVWF       TOSH, 0
;__Lib_System.c,101 :: 		
0x0102	0x5000      	MOVF        R0, 0, 0
;__Lib_System.c,102 :: 		
0x0104	0x6EFD      	MOVWF       TOSL, 0
;__Lib_System.c,103 :: 		
0x0106	0xBE02      	BTFSC       R2, 7, 0
;__Lib_System.c,104 :: 		
0x0108	0x8EF2      	BSF         INTCON, 7, 0
;__Lib_System.c,105 :: 		
;__Lib_System.c,107 :: 		
L_end_____DoIFC:
0x010A	0x0012      	RETURN      0
; end of _____DoIFC
_I2C1_Repeated_Start:
;__Lib_I2C_c34d01.c,77 :: 		
;__Lib_I2C_c34d01.c,80 :: 		
0x010C	0xF0DEC088  	MOVFF       __Lib_I2C_c34d01__I2C1_TIMEOUT, I2C1_Repeated_Start_timeout_L0
0x0110	0xF0DFC089  	MOVFF       __Lib_I2C_c34d01__I2C1_TIMEOUT+1, I2C1_Repeated_Start_timeout_L0+1
0x0114	0xF0E0C08A  	MOVFF       __Lib_I2C_c34d01__I2C1_TIMEOUT+2, I2C1_Repeated_Start_timeout_L0+2
0x0118	0xF0E1C08B  	MOVFF       __Lib_I2C_c34d01__I2C1_TIMEOUT+3, I2C1_Repeated_Start_timeout_L0+3
;__Lib_I2C_c34d01.c,82 :: 		
0x011C	0x82C5      	BSF         SSP1CON2, 1 
;__Lib_I2C_c34d01.c,83 :: 		
L_I2C1_Repeated_Start12:
0x011E	0xA2C5      	BTFSS       SSP1CON2, 1 
0x0120	0xD01F      	BRA         L_I2C1_Repeated_Start13
;__Lib_I2C_c34d01.c,85 :: 		
0x0122	0x0100      	MOVLB       0
0x0124	0x5188      	MOVF        __Lib_I2C_c34d01__I2C1_TIMEOUT, 0, 1
0x0126	0x1189      	IORWF       __Lib_I2C_c34d01__I2C1_TIMEOUT+1, 0, 1
0x0128	0x118A      	IORWF       __Lib_I2C_c34d01__I2C1_TIMEOUT+2, 0, 1
0x012A	0x118B      	IORWF       __Lib_I2C_c34d01__I2C1_TIMEOUT+3, 0, 1
0x012C	0xE018      	BZ          L_I2C1_Repeated_Start14
;__Lib_I2C_c34d01.c,87 :: 		
0x012E	0x51DE      	MOVF        I2C1_Repeated_Start_timeout_L0, 0, 1
0x0130	0x11DF      	IORWF       I2C1_Repeated_Start_timeout_L0+1, 0, 1
0x0132	0x11E0      	IORWF       I2C1_Repeated_Start_timeout_L0+2, 0, 1
0x0134	0x11E1      	IORWF       I2C1_Repeated_Start_timeout_L0+3, 0, 1
0x0136	0xE10C      	BNZ         L_I2C1_Repeated_Start15
;__Lib_I2C_c34d01.c,89 :: 		
0x0138	0xFFE1C0CE  	MOVFF       _I2C1_Timeout_Ptr+2, FSR1L
0x013C	0xFFE2C0CF  	MOVFF       _I2C1_Timeout_Ptr+3, FSR1H
0x0140	0x0E06      	MOVLW       6
0x0142	0x6EE6      	MOVWF       POSTINC1 
0x0144	0xF000C0CC  	MOVFF       _I2C1_Timeout_Ptr, R0
0x0148	0xF001C0CD  	MOVFF       _I2C1_Timeout_Ptr+1, R1
0x014C	0xDFD3      	RCALL       _____DoIFC
;__Lib_I2C_c34d01.c,90 :: 		
0x014E	0xD008      	BRA         L_I2C1_Repeated_Start13
;__Lib_I2C_c34d01.c,91 :: 		
L_I2C1_Repeated_Start15:
;__Lib_I2C_c34d01.c,92 :: 		
0x0150	0x0E01      	MOVLW       1
0x0152	0x0100      	MOVLB       0
0x0154	0x5FDE      	SUBWF       I2C1_Repeated_Start_timeout_L0, 1, 1
0x0156	0x0E00      	MOVLW       0
0x0158	0x5BDF      	SUBWFB      I2C1_Repeated_Start_timeout_L0+1, 1, 1
0x015A	0x5BE0      	SUBWFB      I2C1_Repeated_Start_timeout_L0+2, 1, 1
0x015C	0x5BE1      	SUBWFB      I2C1_Repeated_Start_timeout_L0+3, 1, 1
;__Lib_I2C_c34d01.c,93 :: 		
L_I2C1_Repeated_Start14:
;__Lib_I2C_c34d01.c,94 :: 		
0x015E	0xD7DF      	BRA         L_I2C1_Repeated_Start12
L_I2C1_Repeated_Start13:
;__Lib_I2C_c34d01.c,95 :: 		
L_end_I2C1_Repeated_Start:
0x0160	0x0012      	RETURN      0
; end of _I2C1_Repeated_Start
_I2C1_Rd:
;__Lib_I2C_c34d01.c,97 :: 		
;__Lib_I2C_c34d01.c,101 :: 		
0x0162	0xF0E0C088  	MOVFF       __Lib_I2C_c34d01__I2C1_TIMEOUT, I2C1_Rd_timeout_L0
0x0166	0xF0E1C089  	MOVFF       __Lib_I2C_c34d01__I2C1_TIMEOUT+1, I2C1_Rd_timeout_L0+1
0x016A	0xF0E2C08A  	MOVFF       __Lib_I2C_c34d01__I2C1_TIMEOUT+2, I2C1_Rd_timeout_L0+2
0x016E	0xF0E3C08B  	MOVFF       __Lib_I2C_c34d01__I2C1_TIMEOUT+3, I2C1_Rd_timeout_L0+3
;__Lib_I2C_c34d01.c,103 :: 		
0x0172	0x969E      	BCF         PIR1, 3 
;__Lib_I2C_c34d01.c,104 :: 		
0x0174	0x86C5      	BSF         SSP1CON2, 3 
;__Lib_I2C_c34d01.c,106 :: 		
L_I2C1_Rd16:
0x0176	0xB69E      	BTFSC       PIR1, 3 
0x0178	0xD01F      	BRA         L_I2C1_Rd17
;__Lib_I2C_c34d01.c,108 :: 		
0x017A	0x0100      	MOVLB       0
0x017C	0x5188      	MOVF        __Lib_I2C_c34d01__I2C1_TIMEOUT, 0, 1
0x017E	0x1189      	IORWF       __Lib_I2C_c34d01__I2C1_TIMEOUT+1, 0, 1
0x0180	0x118A      	IORWF       __Lib_I2C_c34d01__I2C1_TIMEOUT+2, 0, 1
0x0182	0x118B      	IORWF       __Lib_I2C_c34d01__I2C1_TIMEOUT+3, 0, 1
0x0184	0xE018      	BZ          L_I2C1_Rd18
;__Lib_I2C_c34d01.c,110 :: 		
0x0186	0x51E0      	MOVF        I2C1_Rd_timeout_L0, 0, 1
0x0188	0x11E1      	IORWF       I2C1_Rd_timeout_L0+1, 0, 1
0x018A	0x11E2      	IORWF       I2C1_Rd_timeout_L0+2, 0, 1
0x018C	0x11E3      	IORWF       I2C1_Rd_timeout_L0+3, 0, 1
0x018E	0xE10C      	BNZ         L_I2C1_Rd19
;__Lib_I2C_c34d01.c,112 :: 		
0x0190	0xFFE1C0CE  	MOVFF       _I2C1_Timeout_Ptr+2, FSR1L
0x0194	0xFFE2C0CF  	MOVFF       _I2C1_Timeout_Ptr+3, FSR1H
0x0198	0x0E03      	MOVLW       3
0x019A	0x6EE6      	MOVWF       POSTINC1 
0x019C	0xF000C0CC  	MOVFF       _I2C1_Timeout_Ptr, R0
0x01A0	0xF001C0CD  	MOVFF       _I2C1_Timeout_Ptr+1, R1
0x01A4	0xDFA7      	RCALL       _____DoIFC
;__Lib_I2C_c34d01.c,113 :: 		
0x01A6	0xD008      	BRA         L_I2C1_Rd17
;__Lib_I2C_c34d01.c,114 :: 		
L_I2C1_Rd19:
;__Lib_I2C_c34d01.c,115 :: 		
0x01A8	0x0E01      	MOVLW       1
0x01AA	0x0100      	MOVLB       0
0x01AC	0x5FE0      	SUBWF       I2C1_Rd_timeout_L0, 1, 1
0x01AE	0x0E00      	MOVLW       0
0x01B0	0x5BE1      	SUBWFB      I2C1_Rd_timeout_L0+1, 1, 1
0x01B2	0x5BE2      	SUBWFB      I2C1_Rd_timeout_L0+2, 1, 1
0x01B4	0x5BE3      	SUBWFB      I2C1_Rd_timeout_L0+3, 1, 1
;__Lib_I2C_c34d01.c,116 :: 		
L_I2C1_Rd18:
;__Lib_I2C_c34d01.c,117 :: 		
0x01B6	0xD7DF      	BRA         L_I2C1_Rd16
L_I2C1_Rd17:
0x01B8	0x0100      	MOVLB       0
;__Lib_I2C_c34d01.c,119 :: 		
0x01BA	0xF0DFCFC9  	MOVFF       SSP1BUF, I2C1_Rd_tmp_L0
;__Lib_I2C_c34d01.c,120 :: 		
0x01BE	0x51DE      	MOVF        FARG_I2C1_Rd_ack, 0, 1
0x01C0	0x0A00      	XORLW       0
0x01C2	0xE102      	BNZ         L_I2C1_Rd20
;__Lib_I2C_c34d01.c,121 :: 		
0x01C4	0x8AC5      	BSF         SSP1CON2, 5 
0x01C6	0xD001      	BRA         L_I2C1_Rd21
L_I2C1_Rd20:
;__Lib_I2C_c34d01.c,123 :: 		
0x01C8	0x9AC5      	BCF         SSP1CON2, 5 
L_I2C1_Rd21:
;__Lib_I2C_c34d01.c,125 :: 		
0x01CA	0x969E      	BCF         PIR1, 3 
;__Lib_I2C_c34d01.c,126 :: 		
0x01CC	0x88C5      	BSF         SSP1CON2, 4 
;__Lib_I2C_c34d01.c,129 :: 		
0x01CE	0xF0E0C088  	MOVFF       __Lib_I2C_c34d01__I2C1_TIMEOUT, I2C1_Rd_timeout_L0
0x01D2	0xF0E1C089  	MOVFF       __Lib_I2C_c34d01__I2C1_TIMEOUT+1, I2C1_Rd_timeout_L0+1
0x01D6	0xF0E2C08A  	MOVFF       __Lib_I2C_c34d01__I2C1_TIMEOUT+2, I2C1_Rd_timeout_L0+2
0x01DA	0xF0E3C08B  	MOVFF       __Lib_I2C_c34d01__I2C1_TIMEOUT+3, I2C1_Rd_timeout_L0+3
;__Lib_I2C_c34d01.c,131 :: 		
L_I2C1_Rd22:
0x01DE	0xB69E      	BTFSC       PIR1, 3 
0x01E0	0xD01E      	BRA         L_I2C1_Rd23
;__Lib_I2C_c34d01.c,133 :: 		
0x01E2	0x5188      	MOVF        __Lib_I2C_c34d01__I2C1_TIMEOUT, 0, 1
0x01E4	0x1189      	IORWF       __Lib_I2C_c34d01__I2C1_TIMEOUT+1, 0, 1
0x01E6	0x118A      	IORWF       __Lib_I2C_c34d01__I2C1_TIMEOUT+2, 0, 1
0x01E8	0x118B      	IORWF       __Lib_I2C_c34d01__I2C1_TIMEOUT+3, 0, 1
0x01EA	0xE018      	BZ          L_I2C1_Rd24
;__Lib_I2C_c34d01.c,135 :: 		
0x01EC	0x51E0      	MOVF        I2C1_Rd_timeout_L0, 0, 1
0x01EE	0x11E1      	IORWF       I2C1_Rd_timeout_L0+1, 0, 1
0x01F0	0x11E2      	IORWF       I2C1_Rd_timeout_L0+2, 0, 1
0x01F2	0x11E3      	IORWF       I2C1_Rd_timeout_L0+3, 0, 1
0x01F4	0xE10C      	BNZ         L_I2C1_Rd25
;__Lib_I2C_c34d01.c,137 :: 		
0x01F6	0xFFE1C0CE  	MOVFF       _I2C1_Timeout_Ptr+2, FSR1L
0x01FA	0xFFE2C0CF  	MOVFF       _I2C1_Timeout_Ptr+3, FSR1H
0x01FE	0x0E03      	MOVLW       3
0x0200	0x6EE6      	MOVWF       POSTINC1 
0x0202	0xF000C0CC  	MOVFF       _I2C1_Timeout_Ptr, R0
0x0206	0xF001C0CD  	MOVFF       _I2C1_Timeout_Ptr+1, R1
0x020A	0xDF74      	RCALL       _____DoIFC
;__Lib_I2C_c34d01.c,138 :: 		
0x020C	0xD008      	BRA         L_I2C1_Rd23
;__Lib_I2C_c34d01.c,139 :: 		
L_I2C1_Rd25:
;__Lib_I2C_c34d01.c,140 :: 		
0x020E	0x0E01      	MOVLW       1
0x0210	0x0100      	MOVLB       0
0x0212	0x5FE0      	SUBWF       I2C1_Rd_timeout_L0, 1, 1
0x0214	0x0E00      	MOVLW       0
0x0216	0x5BE1      	SUBWFB      I2C1_Rd_timeout_L0+1, 1, 1
0x0218	0x5BE2      	SUBWFB      I2C1_Rd_timeout_L0+2, 1, 1
0x021A	0x5BE3      	SUBWFB      I2C1_Rd_timeout_L0+3, 1, 1
;__Lib_I2C_c34d01.c,141 :: 		
L_I2C1_Rd24:
;__Lib_I2C_c34d01.c,142 :: 		
0x021C	0xD7E0      	BRA         L_I2C1_Rd22
L_I2C1_Rd23:
;__Lib_I2C_c34d01.c,144 :: 		
0x021E	0xF000C0DF  	MOVFF       I2C1_Rd_tmp_L0, R0
;__Lib_I2C_c34d01.c,145 :: 		
L_end_I2C1_Rd:
0x0222	0x0012      	RETURN      0
; end of _I2C1_Rd
_Lcd_Chr_CP:
;__Lib_Lcd.c,50 :: 		
;__Lib_Lcd.c,52 :: 		
0x0224	0x0100      	MOVLB       0
0x0226	0x91A9      	BCF         __Lib_Lcd_cmd_status, BitPos(__Lib_Lcd_cmd_status+0), 1
;__Lib_Lcd.c,53 :: 		
0x0228	0xF0E4C0DE  	MOVFF       FARG_Lcd_Chr_CP_out_char, FARG_Lcd_Cmd_out_char
0x022C	0xDF24      	RCALL       _Lcd_Cmd
;__Lib_Lcd.c,54 :: 		
0x022E	0x81A9      	BSF         __Lib_Lcd_cmd_status, BitPos(__Lib_Lcd_cmd_status+0), 1
;__Lib_Lcd.c,55 :: 		
L_end_Lcd_Chr_CP:
0x0230	0x0012      	RETURN      0
; end of _Lcd_Chr_CP
_I2C1_Init:
;__Lib_I2C_c34d01.c,197 :: 		
;__Lib_I2C_c34d01.c,199 :: 		
0x0232	0x0E5C      	MOVLW       _I2C1_Is_Idle
0x0234	0x0100      	MOVLB       0
0x0236	0x6FC4      	MOVWF       _I2C_Is_Idle_Ptr, 1
0x0238	0x0E00      	MOVLW       hi_addr(_I2C1_Is_Idle)
0x023A	0x6FC5      	MOVWF       _I2C_Is_Idle_Ptr+1, 1
0x023C	0x0E00      	MOVLW       0
0x023E	0x6FC6      	MOVWF       _I2C_Is_Idle_Ptr+2, 1
0x0240	0x0E00      	MOVLW       0
0x0242	0x6FC7      	MOVWF       _I2C_Is_Idle_Ptr+3, 1
;__Lib_I2C_c34d01.c,200 :: 		
0x0244	0x0EAA      	MOVLW       _I2C1_Start
0x0246	0x6FC8      	MOVWF       _I2C_Start_Ptr, 1
0x0248	0x0E02      	MOVLW       hi_addr(_I2C1_Start)
0x024A	0x6FC9      	MOVWF       _I2C_Start_Ptr+1, 1
0x024C	0x0E00      	MOVLW       0
0x024E	0x6FCA      	MOVWF       _I2C_Start_Ptr+2, 1
0x0250	0x0E00      	MOVLW       0
0x0252	0x6FCB      	MOVWF       _I2C_Start_Ptr+3, 1
;__Lib_I2C_c34d01.c,201 :: 		
0x0254	0x0E0C      	MOVLW       _I2C1_Repeated_Start
0x0256	0x6FA1      	MOVWF       _I2C_Restart_Ptr, 1
0x0258	0x0E01      	MOVLW       hi_addr(_I2C1_Repeated_Start)
0x025A	0x6FA2      	MOVWF       _I2C_Restart_Ptr+1, 1
0x025C	0x0E00      	MOVLW       0
0x025E	0x6FA3      	MOVWF       _I2C_Restart_Ptr+2, 1
0x0260	0x0E00      	MOVLW       0
0x0262	0x6FA4      	MOVWF       _I2C_Restart_Ptr+3, 1
;__Lib_I2C_c34d01.c,202 :: 		
0x0264	0x0E62      	MOVLW       _I2C1_Rd
0x0266	0x6FA5      	MOVWF       _I2C_Read_Ptr, 1
0x0268	0x0E01      	MOVLW       hi_addr(_I2C1_Rd)
0x026A	0x6FA6      	MOVWF       _I2C_Read_Ptr+1, 1
0x026C	0x0EDE      	MOVLW       FARG_I2C1_Rd_ack
0x026E	0x6FA7      	MOVWF       _I2C_Read_Ptr+2, 1
0x0270	0x0E00      	MOVLW       hi_addr(FARG_I2C1_Rd_ack)
0x0272	0x6FA8      	MOVWF       _I2C_Read_Ptr+3, 1
;__Lib_I2C_c34d01.c,203 :: 		
0x0274	0x0E3E      	MOVLW       _I2C1_Wr
0x0276	0x6F99      	MOVWF       _I2C_Write_Ptr, 1
0x0278	0x0E03      	MOVLW       hi_addr(_I2C1_Wr)
0x027A	0x6F9A      	MOVWF       _I2C_Write_Ptr+1, 1
0x027C	0x0EDE      	MOVLW       FARG_I2C1_Wr_data_
0x027E	0x6F9B      	MOVWF       _I2C_Write_Ptr+2, 1
0x0280	0x0E00      	MOVLW       hi_addr(FARG_I2C1_Wr_data_)
0x0282	0x6F9C      	MOVWF       _I2C_Write_Ptr+3, 1
;__Lib_I2C_c34d01.c,204 :: 		
0x0284	0x0E3A      	MOVLW       _I2C1_Stop
0x0286	0x6F9D      	MOVWF       _I2C_Stop_Ptr, 1
0x0288	0x0E03      	MOVLW       hi_addr(_I2C1_Stop)
0x028A	0x6F9E      	MOVWF       _I2C_Stop_Ptr+1, 1
0x028C	0x0E00      	MOVLW       0
0x028E	0x6F9F      	MOVWF       _I2C_Stop_Ptr+2, 1
0x0290	0x0E00      	MOVLW       0
0x0292	0x6FA0      	MOVWF       _I2C_Stop_Ptr+3, 1
;__Lib_I2C_c34d01.c,211 :: 		
0x0294	0x9894      	BCF         TRISC4_bit, BitPos(TRISC4_bit+0) 
;__Lib_I2C_c34d01.c,212 :: 		
0x0296	0x9694      	BCF         TRISC3_bit, BitPos(TRISC3_bit+0) 
;__Lib_I2C_c34d01.c,215 :: 		
0x0298	0x988B      	BCF         LATC4_bit, BitPos(LATC4_bit+0) 
;__Lib_I2C_c34d01.c,216 :: 		
0x029A	0x968B      	BCF         LATC3_bit, BitPos(LATC3_bit+0) 
;__Lib_I2C_c34d01.c,219 :: 		
0x029C	0x8894      	BSF         TRISC4_bit, BitPos(TRISC4_bit+0) 
;__Lib_I2C_c34d01.c,220 :: 		
0x029E	0x8694      	BSF         TRISC3_bit, BitPos(TRISC3_bit+0) 
;__Lib_I2C_c34d01.c,222 :: 		
0x02A0	0x9EC7      	BCF         SSP1STAT, 7 
;__Lib_I2C_c34d01.c,223 :: 		
0x02A2	0x9CC7      	BCF         SSP1STAT, 6 
;__Lib_I2C_c34d01.c,224 :: 		
0x02A4	0x0E38      	MOVLW       56
0x02A6	0x6EC6      	MOVWF       SSP1CON1 
;__Lib_I2C_c34d01.c,227 :: 		
L_end_I2C1_Init:
0x02A8	0x0012      	RETURN      0
; end of _I2C1_Init
_I2C1_Start:
;__Lib_I2C_c34d01.c,46 :: 		
;__Lib_I2C_c34d01.c,50 :: 		
0x02AA	0xF0E0C088  	MOVFF       __Lib_I2C_c34d01__I2C1_TIMEOUT, I2C1_Start_timeout_L0
0x02AE	0xF0E1C089  	MOVFF       __Lib_I2C_c34d01__I2C1_TIMEOUT+1, I2C1_Start_timeout_L0+1
0x02B2	0xF0E2C08A  	MOVFF       __Lib_I2C_c34d01__I2C1_TIMEOUT+2, I2C1_Start_timeout_L0+2
0x02B6	0xF0E3C08B  	MOVFF       __Lib_I2C_c34d01__I2C1_TIMEOUT+3, I2C1_Start_timeout_L0+3
;__Lib_I2C_c34d01.c,52 :: 		
0x02BA	0x0100      	MOVLB       0
0x02BC	0x6BDE      	CLRF        I2C1_Start_j_L0, 1
0x02BE	0x6BDF      	CLRF        I2C1_Start_j_L0+1, 1
L_I2C1_Start2:
0x02C0	0x51DF      	MOVF        I2C1_Start_j_L0+1, 0, 1
0x02C2	0x0812      	SUBLW       18
0x02C4	0xE102      	BNZ         L__I2C1_Start76
0x02C6	0x51DE      	MOVF        I2C1_Start_j_L0, 0, 1
0x02C8	0x088E      	SUBLW       142
L__I2C1_Start76:
0x02CA	0xE308      	BNC         L_I2C1_Start3
;__Lib_I2C_c34d01.c,53 :: 		
0x02CC	0xDEC7      	RCALL       _I2C1_Is_Idle
0x02CE	0x5200      	MOVF        R0, 1 
0x02D0	0xE001      	BZ          L_I2C1_Start5
;__Lib_I2C_c34d01.c,54 :: 		
0x02D2	0xD004      	BRA         L_I2C1_Start3
L_I2C1_Start5:
;__Lib_I2C_c34d01.c,52 :: 		
0x02D4	0x0100      	MOVLB       0
0x02D6	0x4BDE      	INFSNZ      I2C1_Start_j_L0, 1, 1
0x02D8	0x2BDF      	INCF        I2C1_Start_j_L0+1, 1, 1
;__Lib_I2C_c34d01.c,55 :: 		
0x02DA	0xD7F2      	BRA         L_I2C1_Start2
L_I2C1_Start3:
0x02DC	0x0100      	MOVLB       0
;__Lib_I2C_c34d01.c,57 :: 		
0x02DE	0x0E12      	MOVLW       18
0x02E0	0x5DDF      	SUBWF       I2C1_Start_j_L0+1, 0, 1
0x02E2	0xE102      	BNZ         L__I2C1_Start77
0x02E4	0x0E8F      	MOVLW       143
0x02E6	0x5DDE      	SUBWF       I2C1_Start_j_L0, 0, 1
L__I2C1_Start77:
0x02E8	0xE303      	BNC         L_I2C1_Start6
;__Lib_I2C_c34d01.c,58 :: 		
0x02EA	0x0E7B      	MOVLW       123
0x02EC	0x6E00      	MOVWF       R0 
0x02EE	0xD024      	BRA         L_end_I2C1_Start
L_I2C1_Start6:
;__Lib_I2C_c34d01.c,60 :: 		
0x02F0	0x80C5      	BSF         SSP1CON2, 0 
;__Lib_I2C_c34d01.c,61 :: 		
L_I2C1_Start8:
0x02F2	0xA0C5      	BTFSS       SSP1CON2, 0 
0x02F4	0xD020      	BRA         L_I2C1_Start9
;__Lib_I2C_c34d01.c,63 :: 		
0x02F6	0x5188      	MOVF        __Lib_I2C_c34d01__I2C1_TIMEOUT, 0, 1
0x02F8	0x1189      	IORWF       __Lib_I2C_c34d01__I2C1_TIMEOUT+1, 0, 1
0x02FA	0x118A      	IORWF       __Lib_I2C_c34d01__I2C1_TIMEOUT+2, 0, 1
0x02FC	0x118B      	IORWF       __Lib_I2C_c34d01__I2C1_TIMEOUT+3, 0, 1
0x02FE	0xE01A      	BZ          L_I2C1_Start10
;__Lib_I2C_c34d01.c,65 :: 		
0x0300	0x51E0      	MOVF        I2C1_Start_timeout_L0, 0, 1
0x0302	0x11E1      	IORWF       I2C1_Start_timeout_L0+1, 0, 1
0x0304	0x11E2      	IORWF       I2C1_Start_timeout_L0+2, 0, 1
0x0306	0x11E3      	IORWF       I2C1_Start_timeout_L0+3, 0, 1
0x0308	0xE10E      	BNZ         L_I2C1_Start11
;__Lib_I2C_c34d01.c,67 :: 		
0x030A	0xFFE1C0CE  	MOVFF       _I2C1_Timeout_Ptr+2, FSR1L
0x030E	0xFFE2C0CF  	MOVFF       _I2C1_Timeout_Ptr+3, FSR1H
0x0312	0x0E05      	MOVLW       5
0x0314	0x6EE6      	MOVWF       POSTINC1 
0x0316	0xF000C0CC  	MOVFF       _I2C1_Timeout_Ptr, R0
0x031A	0xF001C0CD  	MOVFF       _I2C1_Timeout_Ptr+1, R1
0x031E	0xDEEA      	RCALL       _____DoIFC
;__Lib_I2C_c34d01.c,68 :: 		
0x0320	0x0E01      	MOVLW       1
0x0322	0x6E00      	MOVWF       R0 
0x0324	0xD009      	BRA         L_end_I2C1_Start
;__Lib_I2C_c34d01.c,69 :: 		
L_I2C1_Start11:
;__Lib_I2C_c34d01.c,70 :: 		
0x0326	0x0E01      	MOVLW       1
0x0328	0x0100      	MOVLB       0
0x032A	0x5FE0      	SUBWF       I2C1_Start_timeout_L0, 1, 1
0x032C	0x0E00      	MOVLW       0
0x032E	0x5BE1      	SUBWFB      I2C1_Start_timeout_L0+1, 1, 1
0x0330	0x5BE2      	SUBWFB      I2C1_Start_timeout_L0+2, 1, 1
0x0332	0x5BE3      	SUBWFB      I2C1_Start_timeout_L0+3, 1, 1
;__Lib_I2C_c34d01.c,71 :: 		
L_I2C1_Start10:
;__Lib_I2C_c34d01.c,72 :: 		
0x0334	0xD7DE      	BRA         L_I2C1_Start8
L_I2C1_Start9:
;__Lib_I2C_c34d01.c,73 :: 		
0x0336	0x6A00      	CLRF        R0 
;__Lib_I2C_c34d01.c,75 :: 		
L_end_I2C1_Start:
0x0338	0x0012      	RETURN      0
; end of _I2C1_Start
_I2C1_Stop:
;__Lib_I2C_c34d01.c,193 :: 		
;__Lib_I2C_c34d01.c,194 :: 		
0x033A	0x84C5      	BSF         SSP1CON2, 2 
;__Lib_I2C_c34d01.c,195 :: 		
L_end_I2C1_Stop:
0x033C	0x0012      	RETURN      0
; end of _I2C1_Stop
_I2C1_Wr:
;__Lib_I2C_c34d01.c,147 :: 		
;__Lib_I2C_c34d01.c,150 :: 		
0x033E	0x969E      	BCF         PIR1, 3 
;__Lib_I2C_c34d01.c,151 :: 		
0x0340	0xFFC9C0DE  	MOVFF       FARG_I2C1_Wr_data_, SSP1BUF
;__Lib_I2C_c34d01.c,153 :: 		
0x0344	0xF0DFC088  	MOVFF       __Lib_I2C_c34d01__I2C1_TIMEOUT, I2C1_Wr_timeout_L0
0x0348	0xF0E0C089  	MOVFF       __Lib_I2C_c34d01__I2C1_TIMEOUT+1, I2C1_Wr_timeout_L0+1
0x034C	0xF0E1C08A  	MOVFF       __Lib_I2C_c34d01__I2C1_TIMEOUT+2, I2C1_Wr_timeout_L0+2
0x0350	0xF0E2C08B  	MOVFF       __Lib_I2C_c34d01__I2C1_TIMEOUT+3, I2C1_Wr_timeout_L0+3
;__Lib_I2C_c34d01.c,155 :: 		
L_I2C1_Wr26:
0x0354	0xA4C7      	BTFSS       SSPSTAT, 2 
0x0356	0xD021      	BRA         L_I2C1_Wr27
;__Lib_I2C_c34d01.c,157 :: 		
0x0358	0x0100      	MOVLB       0
0x035A	0x5188      	MOVF        __Lib_I2C_c34d01__I2C1_TIMEOUT, 0, 1
0x035C	0x1189      	IORWF       __Lib_I2C_c34d01__I2C1_TIMEOUT+1, 0, 1
0x035E	0x118A      	IORWF       __Lib_I2C_c34d01__I2C1_TIMEOUT+2, 0, 1
0x0360	0x118B      	IORWF       __Lib_I2C_c34d01__I2C1_TIMEOUT+3, 0, 1
0x0362	0xE01A      	BZ          L_I2C1_Wr28
;__Lib_I2C_c34d01.c,159 :: 		
0x0364	0x51DF      	MOVF        I2C1_Wr_timeout_L0, 0, 1
0x0366	0x11E0      	IORWF       I2C1_Wr_timeout_L0+1, 0, 1
0x0368	0x11E1      	IORWF       I2C1_Wr_timeout_L0+2, 0, 1
0x036A	0x11E2      	IORWF       I2C1_Wr_timeout_L0+3, 0, 1
0x036C	0xE10E      	BNZ         L_I2C1_Wr29
;__Lib_I2C_c34d01.c,161 :: 		
0x036E	0xFFE1C0CE  	MOVFF       _I2C1_Timeout_Ptr+2, FSR1L
0x0372	0xFFE2C0CF  	MOVFF       _I2C1_Timeout_Ptr+3, FSR1H
0x0376	0x0E04      	MOVLW       4
0x0378	0x6EE6      	MOVWF       POSTINC1 
0x037A	0xF000C0CC  	MOVFF       _I2C1_Timeout_Ptr, R0
0x037E	0xF001C0CD  	MOVFF       _I2C1_Timeout_Ptr+1, R1
0x0382	0xDEB8      	RCALL       _____DoIFC
;__Lib_I2C_c34d01.c,162 :: 		
0x0384	0x0E01      	MOVLW       1
0x0386	0x6E00      	MOVWF       R0 
0x0388	0xD03A      	BRA         L_end_I2C1_Wr
;__Lib_I2C_c34d01.c,163 :: 		
L_I2C1_Wr29:
;__Lib_I2C_c34d01.c,164 :: 		
0x038A	0x0E01      	MOVLW       1
0x038C	0x0100      	MOVLB       0
0x038E	0x5FDF      	SUBWF       I2C1_Wr_timeout_L0, 1, 1
0x0390	0x0E00      	MOVLW       0
0x0392	0x5BE0      	SUBWFB      I2C1_Wr_timeout_L0+1, 1, 1
0x0394	0x5BE1      	SUBWFB      I2C1_Wr_timeout_L0+2, 1, 1
0x0396	0x5BE2      	SUBWFB      I2C1_Wr_timeout_L0+3, 1, 1
;__Lib_I2C_c34d01.c,165 :: 		
L_I2C1_Wr28:
;__Lib_I2C_c34d01.c,166 :: 		
0x0398	0xD7DD      	BRA         L_I2C1_Wr26
L_I2C1_Wr27:
;__Lib_I2C_c34d01.c,168 :: 		
0x039A	0xF0DFC088  	MOVFF       __Lib_I2C_c34d01__I2C1_TIMEOUT, I2C1_Wr_timeout_L0
0x039E	0xF0E0C089  	MOVFF       __Lib_I2C_c34d01__I2C1_TIMEOUT+1, I2C1_Wr_timeout_L0+1
0x03A2	0xF0E1C08A  	MOVFF       __Lib_I2C_c34d01__I2C1_TIMEOUT+2, I2C1_Wr_timeout_L0+2
0x03A6	0xF0E2C08B  	MOVFF       __Lib_I2C_c34d01__I2C1_TIMEOUT+3, I2C1_Wr_timeout_L0+3
;__Lib_I2C_c34d01.c,170 :: 		
L_I2C1_Wr30:
0x03AA	0xB69E      	BTFSC       PIR1, 3 
0x03AC	0xD021      	BRA         L_I2C1_Wr31
;__Lib_I2C_c34d01.c,172 :: 		
0x03AE	0x0100      	MOVLB       0
0x03B0	0x5188      	MOVF        __Lib_I2C_c34d01__I2C1_TIMEOUT, 0, 1
0x03B2	0x1189      	IORWF       __Lib_I2C_c34d01__I2C1_TIMEOUT+1, 0, 1
0x03B4	0x118A      	IORWF       __Lib_I2C_c34d01__I2C1_TIMEOUT+2, 0, 1
0x03B6	0x118B      	IORWF       __Lib_I2C_c34d01__I2C1_TIMEOUT+3, 0, 1
0x03B8	0xE01A      	BZ          L_I2C1_Wr32
;__Lib_I2C_c34d01.c,174 :: 		
0x03BA	0x51DF      	MOVF        I2C1_Wr_timeout_L0, 0, 1
0x03BC	0x11E0      	IORWF       I2C1_Wr_timeout_L0+1, 0, 1
0x03BE	0x11E1      	IORWF       I2C1_Wr_timeout_L0+2, 0, 1
0x03C0	0x11E2      	IORWF       I2C1_Wr_timeout_L0+3, 0, 1
0x03C2	0xE10E      	BNZ         L_I2C1_Wr33
;__Lib_I2C_c34d01.c,176 :: 		
0x03C4	0xFFE1C0CE  	MOVFF       _I2C1_Timeout_Ptr+2, FSR1L
0x03C8	0xFFE2C0CF  	MOVFF       _I2C1_Timeout_Ptr+3, FSR1H
0x03CC	0x0E04      	MOVLW       4
0x03CE	0x6EE6      	MOVWF       POSTINC1 
0x03D0	0xF000C0CC  	MOVFF       _I2C1_Timeout_Ptr, R0
0x03D4	0xF001C0CD  	MOVFF       _I2C1_Timeout_Ptr+1, R1
0x03D8	0xDE8D      	RCALL       _____DoIFC
;__Lib_I2C_c34d01.c,177 :: 		
0x03DA	0x0E01      	MOVLW       1
0x03DC	0x6E00      	MOVWF       R0 
0x03DE	0xD00F      	BRA         L_end_I2C1_Wr
;__Lib_I2C_c34d01.c,178 :: 		
L_I2C1_Wr33:
;__Lib_I2C_c34d01.c,179 :: 		
0x03E0	0x0E01      	MOVLW       1
0x03E2	0x0100      	MOVLB       0
0x03E4	0x5FDF      	SUBWF       I2C1_Wr_timeout_L0, 1, 1
0x03E6	0x0E00      	MOVLW       0
0x03E8	0x5BE0      	SUBWFB      I2C1_Wr_timeout_L0+1, 1, 1
0x03EA	0x5BE1      	SUBWFB      I2C1_Wr_timeout_L0+2, 1, 1
0x03EC	0x5BE2      	SUBWFB      I2C1_Wr_timeout_L0+3, 1, 1
;__Lib_I2C_c34d01.c,180 :: 		
L_I2C1_Wr32:
;__Lib_I2C_c34d01.c,181 :: 		
0x03EE	0xD7DD      	BRA         L_I2C1_Wr30
L_I2C1_Wr31:
;__Lib_I2C_c34d01.c,184 :: 		
0x03F0	0xBCC5      	BTFSC       SSP1CON2, 6 
0x03F2	0xD002      	BRA         L_I2C1_Wr34
;__Lib_I2C_c34d01.c,185 :: 		
0x03F4	0x6A00      	CLRF        R0 
0x03F6	0xD003      	BRA         L_end_I2C1_Wr
;__Lib_I2C_c34d01.c,186 :: 		
L_I2C1_Wr34:
;__Lib_I2C_c34d01.c,188 :: 		
0x03F8	0x84C5      	BSF         SSP1CON2, 2 
;__Lib_I2C_c34d01.c,189 :: 		
0x03FA	0x0E02      	MOVLW       2
0x03FC	0x6E00      	MOVWF       R0 
;__Lib_I2C_c34d01.c,191 :: 		
L_end_I2C1_Wr:
0x03FE	0x0012      	RETURN      0
; end of _I2C1_Wr
_Div_8X8_U:
;__Lib_Math.c,77 :: 		
;__Lib_Math.c,84 :: 		
0x0400	0x6A08      	CLRF        R8, 0
;__Lib_Math.c,85 :: 		
0x0402	0x0E08      	MOVLW       8
;__Lib_Math.c,86 :: 		
0x0404	0x6E0C      	MOVWF       R12, 0
;__Lib_Math.c,87 :: 		
0x0406	0x3400      	RLCF        R0, 0, 0
;__Lib_Math.c,88 :: 		
0x0408	0x3608      	RLCF        R8, 1, 0
;__Lib_Math.c,89 :: 		
0x040A	0x5004      	MOVF        R4, 0, 0
;__Lib_Math.c,90 :: 		
0x040C	0x5E08      	SUBWF       R8, 1, 0
;__Lib_Math.c,91 :: 		
0x040E	0xB0D8      	BTFSC       STATUS, 0, 0
;__Lib_Math.c,92 :: 		
0x0410	0xD002      	BRA         $+6
;__Lib_Math.c,93 :: 		
0x0412	0x2608      	ADDWF       R8, 1, 0
;__Lib_Math.c,94 :: 		
0x0414	0x90D8      	BCF         STATUS, 0, 0
;__Lib_Math.c,95 :: 		
0x0416	0x3600      	RLCF        R0, 1, 0
;__Lib_Math.c,96 :: 		
0x0418	0x2E0C      	DECFSZ      R12, 1, 0
;__Lib_Math.c,97 :: 		
0x041A	0xD7F5      	BRA         $-20
;__Lib_Math.c,99 :: 		
L_end_Div_8X8_U:
0x041C	0x0012      	RETURN      0
; end of _Div_8X8_U
_UART1_Write_Text:
;__Lib_UART_c67d67.c,71 :: 		
;__Lib_UART_c67d67.c,72 :: 		
0x041E	0x0100      	MOVLB       0
0x0420	0x6BDC      	CLRF        UART1_Write_Text_counter_L0, 1
;__Lib_UART_c67d67.c,74 :: 		
0x0422	0xFFE9C0D9  	MOVFF       FARG_UART1_Write_Text_uart_text, FSR0L
0x0426	0xFFEAC0DA  	MOVFF       FARG_UART1_Write_Text_uart_text+1, FSR0H
0x042A	0xF0DBCFEE  	MOVFF       POSTINC0, UART1_Write_Text_data__L0
;__Lib_UART_c67d67.c,75 :: 		
L_UART1_Write_Text5:
0x042E	0x51DB      	MOVF        UART1_Write_Text_data__L0, 0, 1
0x0430	0x0A00      	XORLW       0
0x0432	0xE00E      	BZ          L_UART1_Write_Text6
;__Lib_UART_c67d67.c,76 :: 		
0x0434	0xF0E5C0DB  	MOVFF       UART1_Write_Text_data__L0, FARG_UART1_Write_data_
0x0438	0xDDF1      	RCALL       _UART1_Write
;__Lib_UART_c67d67.c,77 :: 		
0x043A	0x0100      	MOVLB       0
0x043C	0x2BDC      	INCF        UART1_Write_Text_counter_L0, 1, 1
;__Lib_UART_c67d67.c,78 :: 		
0x043E	0x51DC      	MOVF        UART1_Write_Text_counter_L0, 0, 1
0x0440	0x25D9      	ADDWF       FARG_UART1_Write_Text_uart_text, 0, 1
0x0442	0x6EE9      	MOVWF       FSR0L 
0x0444	0x0E00      	MOVLW       0
0x0446	0x21DA      	ADDWFC      FARG_UART1_Write_Text_uart_text+1, 0, 1
0x0448	0x6EEA      	MOVWF       FSR0H 
0x044A	0xF0DBCFEE  	MOVFF       POSTINC0, UART1_Write_Text_data__L0
;__Lib_UART_c67d67.c,79 :: 		
0x044E	0xD7EF      	BRA         L_UART1_Write_Text5
L_UART1_Write_Text6:
;__Lib_UART_c67d67.c,80 :: 		
L_end_UART1_Write_Text:
0x0450	0x0012      	RETURN      0
; end of _UART1_Write_Text
_d_LSB:
;ds1307.c,29 :: 		unsigned char d_LSB(unsigned char value){
;ds1307.c,30 :: 		return ((value & 0x0F) +'0');
0x0452	0x0E0F      	MOVLW       15
0x0454	0x0100      	MOVLB       0
0x0456	0x15D9      	ANDWF       FARG_d_LSB_value, 0, 1
0x0458	0x6E00      	MOVWF       R0 
0x045A	0x0E30      	MOVLW       48
0x045C	0x2600      	ADDWF       R0, 1 
;ds1307.c,31 :: 		}
L_end_d_LSB:
0x045E	0x0012      	RETURN      0
; end of _d_LSB
_Lcd_Init:
;__Lib_Lcd.c,84 :: 		
;__Lib_Lcd.c,86 :: 		
0x0460	0x9A93      	BCF         LCD_EN_Direction, BitPos(LCD_EN_Direction+0) 
;__Lib_Lcd.c,87 :: 		
0x0462	0x9893      	BCF         LCD_RS_Direction, BitPos(LCD_RS_Direction+0) 
;__Lib_Lcd.c,88 :: 		
0x0464	0x9093      	BCF         LCD_D4_Direction, BitPos(LCD_D4_Direction+0) 
;__Lib_Lcd.c,89 :: 		
0x0466	0x9293      	BCF         LCD_D5_Direction, BitPos(LCD_D5_Direction+0) 
;__Lib_Lcd.c,90 :: 		
0x0468	0x9493      	BCF         LCD_D6_Direction, BitPos(LCD_D6_Direction+0) 
;__Lib_Lcd.c,91 :: 		
0x046A	0x9693      	BCF         LCD_D7_Direction, BitPos(LCD_D7_Direction+0) 
;__Lib_Lcd.c,93 :: 		
0x046C	0x9A81      	BCF         LCD_EN, BitPos(LCD_EN+0) 
;__Lib_Lcd.c,94 :: 		
0x046E	0x9881      	BCF         LCD_RS, BitPos(LCD_RS+0) 
;__Lib_Lcd.c,95 :: 		
0x0470	0x9681      	BCF         LCD_D7, BitPos(LCD_D7+0) 
;__Lib_Lcd.c,96 :: 		
0x0472	0x9481      	BCF         LCD_D6, BitPos(LCD_D6+0) 
;__Lib_Lcd.c,97 :: 		
0x0474	0x9281      	BCF         LCD_D5, BitPos(LCD_D5+0) 
;__Lib_Lcd.c,98 :: 		
0x0476	0x9081      	BCF         LCD_D4, BitPos(LCD_D4+0) 
;__Lib_Lcd.c,100 :: 		
0x0478	0xDDE6      	RCALL       _Delay_5500us
;__Lib_Lcd.c,101 :: 		
0x047A	0xDDE5      	RCALL       _Delay_5500us
;__Lib_Lcd.c,102 :: 		
0x047C	0xDDE4      	RCALL       _Delay_5500us
;__Lib_Lcd.c,105 :: 		
0x047E	0x8281      	BSF         LCD_D5, BitPos(LCD_D5+0) 
;__Lib_Lcd.c,106 :: 		
0x0480	0x8081      	BSF         LCD_D4, BitPos(LCD_D4+0) 
;__Lib_Lcd.c,107 :: 		
0x0482	0x8A81      	BSF         LCD_EN, BitPos(LCD_EN+0) 
;__Lib_Lcd.c,108 :: 		
0x0484	0xDDDD      	RCALL       _Delay_1us
;__Lib_Lcd.c,109 :: 		
0x0486	0x9A81      	BCF         LCD_EN, BitPos(LCD_EN+0) 
;__Lib_Lcd.c,110 :: 		
0x0488	0xDDDE      	RCALL       _Delay_5500us
;__Lib_Lcd.c,112 :: 		
0x048A	0x8A81      	BSF         LCD_EN, BitPos(LCD_EN+0) 
;__Lib_Lcd.c,113 :: 		
0x048C	0xDDD9      	RCALL       _Delay_1us
;__Lib_Lcd.c,114 :: 		
0x048E	0x9A81      	BCF         LCD_EN, BitPos(LCD_EN+0) 
;__Lib_Lcd.c,115 :: 		
0x0490	0xDDDA      	RCALL       _Delay_5500us
;__Lib_Lcd.c,117 :: 		
0x0492	0x8A81      	BSF         LCD_EN, BitPos(LCD_EN+0) 
;__Lib_Lcd.c,118 :: 		
0x0494	0xDDD5      	RCALL       _Delay_1us
;__Lib_Lcd.c,119 :: 		
0x0496	0x9A81      	BCF         LCD_EN, BitPos(LCD_EN+0) 
;__Lib_Lcd.c,120 :: 		
0x0498	0xDDD6      	RCALL       _Delay_5500us
;__Lib_Lcd.c,123 :: 		
0x049A	0x9081      	BCF         LCD_D4, BitPos(LCD_D4+0) 
;__Lib_Lcd.c,124 :: 		
0x049C	0x8A81      	BSF         LCD_EN, BitPos(LCD_EN+0) 
;__Lib_Lcd.c,125 :: 		
0x049E	0xDDD0      	RCALL       _Delay_1us
;__Lib_Lcd.c,126 :: 		
0x04A0	0x9A81      	BCF         LCD_EN, BitPos(LCD_EN+0) 
;__Lib_Lcd.c,127 :: 		
0x04A2	0xDDD1      	RCALL       _Delay_5500us
;__Lib_Lcd.c,130 :: 		
0x04A4	0x8A81      	BSF         LCD_EN, BitPos(LCD_EN+0) 
;__Lib_Lcd.c,131 :: 		
0x04A6	0xDDCC      	RCALL       _Delay_1us
;__Lib_Lcd.c,132 :: 		
0x04A8	0x9A81      	BCF         LCD_EN, BitPos(LCD_EN+0) 
;__Lib_Lcd.c,134 :: 		
0x04AA	0x9281      	BCF         LCD_D5, BitPos(LCD_D5+0) 
;__Lib_Lcd.c,135 :: 		
0x04AC	0x8681      	BSF         LCD_D7, BitPos(LCD_D7+0) 
;__Lib_Lcd.c,136 :: 		
0x04AE	0x8A81      	BSF         LCD_EN, BitPos(LCD_EN+0) 
;__Lib_Lcd.c,137 :: 		
0x04B0	0xDDC7      	RCALL       _Delay_1us
;__Lib_Lcd.c,138 :: 		
0x04B2	0x9A81      	BCF         LCD_EN, BitPos(LCD_EN+0) 
;__Lib_Lcd.c,139 :: 		
0x04B4	0xDDC8      	RCALL       _Delay_5500us
;__Lib_Lcd.c,142 :: 		
0x04B6	0x9681      	BCF         LCD_D7, BitPos(LCD_D7+0) 
;__Lib_Lcd.c,143 :: 		
0x04B8	0x8081      	BSF         LCD_D4, BitPos(LCD_D4+0) 
;__Lib_Lcd.c,144 :: 		
0x04BA	0x8A81      	BSF         LCD_EN, BitPos(LCD_EN+0) 
;__Lib_Lcd.c,145 :: 		
0x04BC	0xDDC1      	RCALL       _Delay_1us
;__Lib_Lcd.c,146 :: 		
0x04BE	0x9A81      	BCF         LCD_EN, BitPos(LCD_EN+0) 
;__Lib_Lcd.c,148 :: 		
0x04C0	0x9081      	BCF         LCD_D4, BitPos(LCD_D4+0) 
;__Lib_Lcd.c,149 :: 		
0x04C2	0x8A81      	BSF         LCD_EN, BitPos(LCD_EN+0) 
;__Lib_Lcd.c,150 :: 		
0x04C4	0xDDBD      	RCALL       _Delay_1us
;__Lib_Lcd.c,151 :: 		
0x04C6	0x9A81      	BCF         LCD_EN, BitPos(LCD_EN+0) 
;__Lib_Lcd.c,152 :: 		
0x04C8	0xDDBE      	RCALL       _Delay_5500us
;__Lib_Lcd.c,155 :: 		
0x04CA	0x8A81      	BSF         LCD_EN, BitPos(LCD_EN+0) 
;__Lib_Lcd.c,156 :: 		
0x04CC	0xDDB9      	RCALL       _Delay_1us
;__Lib_Lcd.c,157 :: 		
0x04CE	0x9A81      	BCF         LCD_EN, BitPos(LCD_EN+0) 
;__Lib_Lcd.c,159 :: 		
0x04D0	0x8081      	BSF         LCD_D4, BitPos(LCD_D4+0) 
;__Lib_Lcd.c,160 :: 		
0x04D2	0x8A81      	BSF         LCD_EN, BitPos(LCD_EN+0) 
;__Lib_Lcd.c,161 :: 		
0x04D4	0xDDB5      	RCALL       _Delay_1us
;__Lib_Lcd.c,162 :: 		
0x04D6	0x9A81      	BCF         LCD_EN, BitPos(LCD_EN+0) 
;__Lib_Lcd.c,163 :: 		
0x04D8	0xDDB6      	RCALL       _Delay_5500us
;__Lib_Lcd.c,166 :: 		
0x04DA	0x9081      	BCF         LCD_D4, BitPos(LCD_D4+0) 
;__Lib_Lcd.c,167 :: 		
0x04DC	0x8A81      	BSF         LCD_EN, BitPos(LCD_EN+0) 
;__Lib_Lcd.c,168 :: 		
0x04DE	0xDDB0      	RCALL       _Delay_1us
;__Lib_Lcd.c,169 :: 		
0x04E0	0x9A81      	BCF         LCD_EN, BitPos(LCD_EN+0) 
;__Lib_Lcd.c,171 :: 		
0x04E2	0x8681      	BSF         LCD_D7, BitPos(LCD_D7+0) 
;__Lib_Lcd.c,172 :: 		
0x04E4	0x8481      	BSF         LCD_D6, BitPos(LCD_D6+0) 
;__Lib_Lcd.c,173 :: 		
0x04E6	0x8281      	BSF         LCD_D5, BitPos(LCD_D5+0) 
;__Lib_Lcd.c,174 :: 		
0x04E8	0x8081      	BSF         LCD_D4, BitPos(LCD_D4+0) 
;__Lib_Lcd.c,175 :: 		
0x04EA	0x8A81      	BSF         LCD_EN, BitPos(LCD_EN+0) 
;__Lib_Lcd.c,176 :: 		
0x04EC	0xDDA9      	RCALL       _Delay_1us
;__Lib_Lcd.c,177 :: 		
0x04EE	0x9A81      	BCF         LCD_EN, BitPos(LCD_EN+0) 
;__Lib_Lcd.c,179 :: 		
0x04F0	0xDDAA      	RCALL       _Delay_5500us
;__Lib_Lcd.c,181 :: 		
0x04F2	0x0100      	MOVLB       0
0x04F4	0x81A9      	BSF         __Lib_Lcd_cmd_status, BitPos(__Lib_Lcd_cmd_status+0), 1
;__Lib_Lcd.c,182 :: 		
L_end_Lcd_Init:
0x04F6	0x0012      	RETURN      0
; end of _Lcd_Init
_Lcd_Out:
;__Lib_Lcd.c,184 :: 		
;__Lib_Lcd.c,187 :: 		
0x04F8	0xD010      	BRA         L_Lcd_Out11
;__Lib_Lcd.c,188 :: 		
L_Lcd_Out13:
0x04FA	0x0E80      	MOVLW       128
0x04FC	0x0100      	MOVLB       0
0x04FE	0x6FD9      	MOVWF       FARG_Lcd_Out_row, 1
0x0500	0xD01A      	BRA         L_Lcd_Out12
;__Lib_Lcd.c,189 :: 		
L_Lcd_Out14:
0x0502	0x0EC0      	MOVLW       192
0x0504	0x6FD9      	MOVWF       FARG_Lcd_Out_row, 1
0x0506	0xD017      	BRA         L_Lcd_Out12
;__Lib_Lcd.c,190 :: 		
L_Lcd_Out15:
0x0508	0x0E94      	MOVLW       148
0x050A	0x6FD9      	MOVWF       FARG_Lcd_Out_row, 1
0x050C	0xD014      	BRA         L_Lcd_Out12
;__Lib_Lcd.c,191 :: 		
L_Lcd_Out16:
0x050E	0x0ED4      	MOVLW       212
0x0510	0x6FD9      	MOVWF       FARG_Lcd_Out_row, 1
0x0512	0xD011      	BRA         L_Lcd_Out12
;__Lib_Lcd.c,192 :: 		
L_Lcd_Out17:
0x0514	0x0E80      	MOVLW       128
0x0516	0x6FD9      	MOVWF       FARG_Lcd_Out_row, 1
;__Lib_Lcd.c,193 :: 		
0x0518	0xD00E      	BRA         L_Lcd_Out12
L_Lcd_Out11:
0x051A	0x0100      	MOVLB       0
0x051C	0x51D9      	MOVF        FARG_Lcd_Out_row, 0, 1
0x051E	0x0A01      	XORLW       1
0x0520	0xE0EC      	BZ          L_Lcd_Out13
0x0522	0x51D9      	MOVF        FARG_Lcd_Out_row, 0, 1
0x0524	0x0A02      	XORLW       2
0x0526	0xE0ED      	BZ          L_Lcd_Out14
0x0528	0x51D9      	MOVF        FARG_Lcd_Out_row, 0, 1
0x052A	0x0A03      	XORLW       3
0x052C	0xE0ED      	BZ          L_Lcd_Out15
0x052E	0x51D9      	MOVF        FARG_Lcd_Out_row, 0, 1
0x0530	0x0A04      	XORLW       4
0x0532	0xE0ED      	BZ          L_Lcd_Out16
0x0534	0xD7EF      	BRA         L_Lcd_Out17
L_Lcd_Out12:
;__Lib_Lcd.c,194 :: 		
0x0536	0x05DA      	DECF        FARG_Lcd_Out_column, 0, 1
0x0538	0x6E00      	MOVWF       R0 
0x053A	0x51D9      	MOVF        FARG_Lcd_Out_row, 0, 1
0x053C	0x2600      	ADDWF       R0, 1 
0x053E	0xF0D9C000  	MOVFF       R0, FARG_Lcd_Out_row
;__Lib_Lcd.c,196 :: 		
0x0542	0xF0E4C000  	MOVFF       R0, FARG_Lcd_Cmd_out_char
0x0546	0xDD97      	RCALL       _Lcd_Cmd
;__Lib_Lcd.c,197 :: 		
0x0548	0x91A9      	BCF         __Lib_Lcd_cmd_status, BitPos(__Lib_Lcd_cmd_status+0), 1
;__Lib_Lcd.c,198 :: 		
0x054A	0x6BDD      	CLRF        Lcd_Out_i_L0, 1
;__Lib_Lcd.c,199 :: 		
L_Lcd_Out18:
0x054C	0x51DD      	MOVF        Lcd_Out_i_L0, 0, 1
0x054E	0x25DB      	ADDWF       FARG_Lcd_Out_text, 0, 1
0x0550	0x6EE9      	MOVWF       FSR0L 
0x0552	0x0E00      	MOVLW       0
0x0554	0x21DC      	ADDWFC      FARG_Lcd_Out_text+1, 0, 1
0x0556	0x6EEA      	MOVWF       FSR0H 
0x0558	0x52EE      	MOVF        POSTINC0, 1 
0x055A	0xE00B      	BZ          L_Lcd_Out19
;__Lib_Lcd.c,200 :: 		
0x055C	0x51DD      	MOVF        Lcd_Out_i_L0, 0, 1
0x055E	0x25DB      	ADDWF       FARG_Lcd_Out_text, 0, 1
0x0560	0x6EE9      	MOVWF       FSR0L 
0x0562	0x0E00      	MOVLW       0
0x0564	0x21DC      	ADDWFC      FARG_Lcd_Out_text+1, 0, 1
0x0566	0x6EEA      	MOVWF       FSR0H 
0x0568	0xF0DECFEE  	MOVFF       POSTINC0, FARG_Lcd_Chr_CP_out_char
0x056C	0xDE5B      	RCALL       _Lcd_Chr_CP
0x056E	0x2BDD      	INCF        Lcd_Out_i_L0, 1, 1
0x0570	0xD7ED      	BRA         L_Lcd_Out18
L_Lcd_Out19:
;__Lib_Lcd.c,201 :: 		
0x0572	0x81A9      	BSF         __Lib_Lcd_cmd_status, BitPos(__Lib_Lcd_cmd_status+0), 1
;__Lib_Lcd.c,202 :: 		
L_end_Lcd_Out:
0x0574	0x0012      	RETURN      0
; end of _Lcd_Out
_ds1307_init:
;ds1307.c,17 :: 		unsigned char ds1307_init(){
;ds1307.c,18 :: 		I2C1_Init(100000);                    //initialize i2c at 100khz
0x0576	0x0E14      	MOVLW       20
0x0578	0x6EC8      	MOVWF       SSP1ADD 
0x057A	0xDE5B      	RCALL       _I2C1_Init
;ds1307.c,19 :: 		I2C1_Start();                         //start i2c
0x057C	0xDE96      	RCALL       _I2C1_Start
;ds1307.c,20 :: 		I2C1_Wr(ds1307_write);                //DS1307 module address when in write mode
0x057E	0x0ED0      	MOVLW       208
0x0580	0x0100      	MOVLB       0
0x0582	0x6FDE      	MOVWF       FARG_I2C1_Wr_data_, 1
0x0584	0xDEDC      	RCALL       _I2C1_Wr
;ds1307.c,21 :: 		I2C1_Stop();                          //stop i2c
0x0586	0xDED9      	RCALL       _I2C1_Stop
;ds1307.c,22 :: 		return 1;
0x0588	0x0E01      	MOVLW       1
0x058A	0x6E00      	MOVWF       R0 
;ds1307.c,23 :: 		}
L_end_ds1307_init:
0x058C	0x0012      	RETURN      0
; end of _ds1307_init
_d_MSB:
;ds1307.c,25 :: 		unsigned char d_MSB(unsigned char value){
;ds1307.c,26 :: 		return ((value >> 4) +'0');           //shift MSB to right 4bit, + '0' is used to convert digit to a character
0x058E	0xF000C0D9  	MOVFF       FARG_d_MSB_value, R0
0x0592	0x3200      	RRCF        R0, 1 
0x0594	0x9E00      	BCF         R0, 7 
0x0596	0x3200      	RRCF        R0, 1 
0x0598	0x9E00      	BCF         R0, 7 
0x059A	0x3200      	RRCF        R0, 1 
0x059C	0x9E00      	BCF         R0, 7 
0x059E	0x3200      	RRCF        R0, 1 
0x05A0	0x9E00      	BCF         R0, 7 
0x05A2	0x0E30      	MOVLW       48
0x05A4	0x2600      	ADDWF       R0, 1 
;ds1307.c,27 :: 		}
L_end_d_MSB:
0x05A6	0x0012      	RETURN      0
; end of _d_MSB
_ds1307_reader:
;ds1307.c,34 :: 		unsigned char ds1307_reader(unsigned char reg_addr){
;ds1307.c,37 :: 		I2C1_Start();                         //start i2c
0x05A8	0xDE80      	RCALL       _I2C1_Start
;ds1307.c,38 :: 		I2C1_Wr(ds1307_write);                //DS1307 module address when in write mode
0x05AA	0x0ED0      	MOVLW       208
0x05AC	0x0100      	MOVLB       0
0x05AE	0x6FDE      	MOVWF       FARG_I2C1_Wr_data_, 1
0x05B0	0xDEC6      	RCALL       _I2C1_Wr
;ds1307.c,39 :: 		I2C1_Wr(reg_addr);                    //write the name of address you want to read from
0x05B2	0xF0DEC0D9  	MOVFF       FARG_ds1307_reader_reg_addr, FARG_I2C1_Wr_data_
0x05B6	0xDEC3      	RCALL       _I2C1_Wr
;ds1307.c,40 :: 		I2C1_Repeated_Start();                //restart i2c
0x05B8	0xDDA9      	RCALL       _I2C1_Repeated_Start
;ds1307.c,41 :: 		I2C1_Wr(ds1307_read);                 //DS1307 module address when in read mode
0x05BA	0x0ED1      	MOVLW       209
0x05BC	0x0100      	MOVLB       0
0x05BE	0x6FDE      	MOVWF       FARG_I2C1_Wr_data_, 1
0x05C0	0xDEBE      	RCALL       _I2C1_Wr
;ds1307.c,42 :: 		data_read = I2C1_Rd(0);               //read date of register and dont acknowledge - 0
0x05C2	0x0100      	MOVLB       0
0x05C4	0x6BDE      	CLRF        FARG_I2C1_Rd_ack, 1
0x05C6	0xDDCD      	RCALL       _I2C1_Rd
0x05C8	0xF0DAC000  	MOVFF       R0, ds1307_reader_data_read_L0
;ds1307.c,43 :: 		I2C1_Stop();
0x05CC	0xDEB6      	RCALL       _I2C1_Stop
;ds1307.c,45 :: 		return data_read;
0x05CE	0xF000C0DA  	MOVFF       ds1307_reader_data_read_L0, R0
;ds1307.c,46 :: 		}
L_end_ds1307_reader:
0x05D2	0x0012      	RETURN      0
; end of _ds1307_reader
_UART1_Init:
;__Lib_UART_c67d67.c,20 :: 		
;__Lib_UART_c67d67.c,23 :: 		
0x05D4	0x0E1C      	MOVLW       _UART1_Write
0x05D6	0x0100      	MOVLB       0
0x05D8	0x6FB2      	MOVWF       _UART_Wr_Ptr, 1
0x05DA	0x0E00      	MOVLW       hi_addr(_UART1_Write)
0x05DC	0x6FB3      	MOVWF       _UART_Wr_Ptr+1, 1
0x05DE	0x0EE5      	MOVLW       FARG_UART1_Write_data_
0x05E0	0x6FB4      	MOVWF       _UART_Wr_Ptr+2, 1
0x05E2	0x0E00      	MOVLW       hi_addr(FARG_UART1_Write_data_)
0x05E4	0x6FB5      	MOVWF       _UART_Wr_Ptr+3, 1
;__Lib_UART_c67d67.c,24 :: 		
0x05E6	0x0EFF      	MOVLW       _UART1_Read
0x05E8	0x6FB6      	MOVWF       _UART_Rd_Ptr, 1
0x05EA	0x0EFF      	MOVLW       hi_addr(_UART1_Read)
0x05EC	0x6FB7      	MOVWF       _UART_Rd_Ptr+1, 1
0x05EE	0x0E00      	MOVLW       0
0x05F0	0x6FB8      	MOVWF       _UART_Rd_Ptr+2, 1
0x05F2	0x0E00      	MOVLW       0
0x05F4	0x6FB9      	MOVWF       _UART_Rd_Ptr+3, 1
;__Lib_UART_c67d67.c,25 :: 		
0x05F6	0x0EFF      	MOVLW       _UART1_Data_Ready
0x05F8	0x6FAA      	MOVWF       _UART_Rdy_Ptr, 1
0x05FA	0x0EFF      	MOVLW       hi_addr(_UART1_Data_Ready)
0x05FC	0x6FAB      	MOVWF       _UART_Rdy_Ptr+1, 1
0x05FE	0x0E00      	MOVLW       0
0x0600	0x6FAC      	MOVWF       _UART_Rdy_Ptr+2, 1
0x0602	0x0E00      	MOVLW       0
0x0604	0x6FAD      	MOVWF       _UART_Rdy_Ptr+3, 1
;__Lib_UART_c67d67.c,26 :: 		
0x0606	0x0EFF      	MOVLW       _UART1_Tx_Idle
0x0608	0x6FAE      	MOVWF       _UART_Tx_Idle_Ptr, 1
0x060A	0x0EFF      	MOVLW       hi_addr(_UART1_Tx_Idle)
0x060C	0x6FAF      	MOVWF       _UART_Tx_Idle_Ptr+1, 1
0x060E	0x0E00      	MOVLW       0
0x0610	0x6FB0      	MOVWF       _UART_Tx_Idle_Ptr+2, 1
0x0612	0x0E00      	MOVLW       0
0x0614	0x6FB1      	MOVWF       _UART_Tx_Idle_Ptr+3, 1
;__Lib_UART_c67d67.c,28 :: 		
0x0616	0x8AAC      	BSF         TXSTA, 5 
;__Lib_UART_c67d67.c,29 :: 		
0x0618	0x0E90      	MOVLW       144
0x061A	0x6EAB      	MOVWF       RCSTA 
;__Lib_UART_c67d67.c,30 :: 		
0x061C	0x8E94      	BSF         TRISC7_bit, BitPos(TRISC7_bit+0) 
;__Lib_UART_c67d67.c,31 :: 		
0x061E	0x9C94      	BCF         TRISC6_bit, BitPos(TRISC6_bit+0) 
;__Lib_UART_c67d67.c,33 :: 		
L_UART1_Init0:
0x0620	0xAA9E      	BTFSS       PIR1, 5 
0x0622	0xD003      	BRA         L_UART1_Init1
;__Lib_UART_c67d67.c,34 :: 		
0x0624	0xF000CFAE  	MOVFF       RCREG, R0
0x0628	0xD7FB      	BRA         L_UART1_Init0
L_UART1_Init1:
;__Lib_UART_c67d67.c,35 :: 		
L_end_UART1_Init:
0x062A	0x0012      	RETURN      0
; end of _UART1_Init
___CC2DW:
;__Lib_System.c,21 :: 		
;__Lib_System.c,23 :: 		
_CC2DL_Loop1:
;__Lib_System.c,24 :: 		
0x062C	0x0009      	TBLRD*+
;__Lib_System.c,25 :: 		
0x062E	0xFFE6CFF5  	MOVFF       TABLAT, POSTINC1
;__Lib_System.c,26 :: 		
0x0632	0x0600      	DECF        R0, 1, 0
;__Lib_System.c,27 :: 		
0x0634	0xE1FB      	BNZ         _CC2DL_Loop1
;__Lib_System.c,28 :: 		
0x0636	0x0601      	DECF        R1, 1, 0
;__Lib_System.c,29 :: 		
0x0638	0xE1F9      	BNZ         _CC2DL_Loop1
;__Lib_System.c,31 :: 		
L_end___CC2DW:
0x063A	0x0012      	RETURN      0
; end of ___CC2DW
_boot:
;Digtal_Clock.c,44 :: 		void boot(){
;Digtal_Clock.c,45 :: 		OSCCON = 0x66;
0x063C	0x0E66      	MOVLW       102
0x063E	0x6ED3      	MOVWF       OSCCON 
;Digtal_Clock.c,46 :: 		ANSELD = 0;
0x0640	0x010F      	MOVLB       15
0x0642	0x6B3B      	CLRF        ANSELD, 1
;Digtal_Clock.c,47 :: 		TRISD = 1;
0x0644	0x0E01      	MOVLW       1
0x0646	0x6E95      	MOVWF       TRISD 
;Digtal_Clock.c,48 :: 		ANSELC = 0;
0x0648	0x6B3A      	CLRF        ANSELC, 1
;Digtal_Clock.c,51 :: 		UART1_Init(9600);
0x064A	0x86B8      	BSF         BAUDCON, 3, 0
0x064C	0x6AB0      	CLRF        SPBRGH 
0x064E	0x0ECF      	MOVLW       207
0x0650	0x6EAF      	MOVWF       SPBRG 
0x0652	0x84AC      	BSF         TXSTA, 2, 0
0x0654	0xDFBF      	RCALL       _UART1_Init
;Digtal_Clock.c,52 :: 		delay_ms(200);
0x0656	0x0E03      	MOVLW       3
0x0658	0x6E0B      	MOVWF       R11, 0
0x065A	0x0E08      	MOVLW       8
0x065C	0x6E0C      	MOVWF       R12, 0
0x065E	0x0E77      	MOVLW       119
0x0660	0x6E0D      	MOVWF       R13, 0
L_boot0:
0x0662	0x2E0D      	DECFSZ      R13, 1, 0
0x0664	0xD7FE      	BRA         L_boot0
0x0666	0x2E0C      	DECFSZ      R12, 1, 0
0x0668	0xD7FC      	BRA         L_boot0
0x066A	0x2E0B      	DECFSZ      R11, 1, 0
0x066C	0xD7FA      	BRA         L_boot0
;Digtal_Clock.c,53 :: 		UART1_Write_Text("UART Init\r\n");
0x066E	0x0E3B      	MOVLW       ?lstr1_Digtal_Clock
0x0670	0x6FD9      	MOVWF       FARG_UART1_Write_Text_uart_text, 1
0x0672	0x0E00      	MOVLW       hi_addr(?lstr1_Digtal_Clock)
0x0674	0x6FDA      	MOVWF       FARG_UART1_Write_Text_uart_text+1, 1
0x0676	0xDED3      	RCALL       _UART1_Write_Text
;Digtal_Clock.c,54 :: 		delay_ms(200);
0x0678	0x0E03      	MOVLW       3
0x067A	0x6E0B      	MOVWF       R11, 0
0x067C	0x0E08      	MOVLW       8
0x067E	0x6E0C      	MOVWF       R12, 0
0x0680	0x0E77      	MOVLW       119
0x0682	0x6E0D      	MOVWF       R13, 0
L_boot1:
0x0684	0x2E0D      	DECFSZ      R13, 1, 0
0x0686	0xD7FE      	BRA         L_boot1
0x0688	0x2E0C      	DECFSZ      R12, 1, 0
0x068A	0xD7FC      	BRA         L_boot1
0x068C	0x2E0B      	DECFSZ      R11, 1, 0
0x068E	0xD7FA      	BRA         L_boot1
;Digtal_Clock.c,57 :: 		ANSELB = 0;
0x0690	0x010F      	MOVLB       15
0x0692	0x6B39      	CLRF        ANSELB, 1
;Digtal_Clock.c,58 :: 		Lcd_Init();
0x0694	0xDEE5      	RCALL       _Lcd_Init
;Digtal_Clock.c,59 :: 		Lcd_Cmd(_LCD_CLEAR);
0x0696	0x0E01      	MOVLW       1
0x0698	0x6FE4      	MOVWF       FARG_Lcd_Cmd_out_char, 1
0x069A	0xDCED      	RCALL       _Lcd_Cmd
;Digtal_Clock.c,60 :: 		Lcd_Cmd(_LCD_CURSOR_OFF);
0x069C	0x0E0C      	MOVLW       12
0x069E	0x6FE4      	MOVWF       FARG_Lcd_Cmd_out_char, 1
0x06A0	0xDCEA      	RCALL       _Lcd_Cmd
;Digtal_Clock.c,61 :: 		UART1_Write_Text("LCD init \r\n");
0x06A2	0x0E47      	MOVLW       ?lstr2_Digtal_Clock
0x06A4	0x6FD9      	MOVWF       FARG_UART1_Write_Text_uart_text, 1
0x06A6	0x0E00      	MOVLW       hi_addr(?lstr2_Digtal_Clock)
0x06A8	0x6FDA      	MOVWF       FARG_UART1_Write_Text_uart_text+1, 1
0x06AA	0xDEB9      	RCALL       _UART1_Write_Text
;Digtal_Clock.c,62 :: 		Lcd_Out(1, 1,"Digital Clock");
0x06AC	0x0E01      	MOVLW       1
0x06AE	0x6FD9      	MOVWF       FARG_Lcd_Out_row, 1
0x06B0	0x0E01      	MOVLW       1
0x06B2	0x6FDA      	MOVWF       FARG_Lcd_Out_column, 1
0x06B4	0x0E26      	MOVLW       ?lstr3_Digtal_Clock
0x06B6	0x6FDB      	MOVWF       FARG_Lcd_Out_text, 1
0x06B8	0x0E00      	MOVLW       hi_addr(?lstr3_Digtal_Clock)
0x06BA	0x6FDC      	MOVWF       FARG_Lcd_Out_text+1, 1
0x06BC	0xDF1D      	RCALL       _Lcd_Out
;Digtal_Clock.c,63 :: 		delay_ms(200);
0x06BE	0x0E03      	MOVLW       3
0x06C0	0x6E0B      	MOVWF       R11, 0
0x06C2	0x0E08      	MOVLW       8
0x06C4	0x6E0C      	MOVWF       R12, 0
0x06C6	0x0E77      	MOVLW       119
0x06C8	0x6E0D      	MOVWF       R13, 0
L_boot2:
0x06CA	0x2E0D      	DECFSZ      R13, 1, 0
0x06CC	0xD7FE      	BRA         L_boot2
0x06CE	0x2E0C      	DECFSZ      R12, 1, 0
0x06D0	0xD7FC      	BRA         L_boot2
0x06D2	0x2E0B      	DECFSZ      R11, 1, 0
0x06D4	0xD7FA      	BRA         L_boot2
;Digtal_Clock.c,64 :: 		Lcd_Cmd(_LCD_CLEAR);
0x06D6	0x0E01      	MOVLW       1
0x06D8	0x6FE4      	MOVWF       FARG_Lcd_Cmd_out_char, 1
0x06DA	0xDCCD      	RCALL       _Lcd_Cmd
;Digtal_Clock.c,65 :: 		Lcd_Out(1,1, "Time: ");
0x06DC	0x0E01      	MOVLW       1
0x06DE	0x6FD9      	MOVWF       FARG_Lcd_Out_row, 1
0x06E0	0x0E01      	MOVLW       1
0x06E2	0x6FDA      	MOVWF       FARG_Lcd_Out_column, 1
0x06E4	0x0E34      	MOVLW       ?lstr4_Digtal_Clock
0x06E6	0x6FDB      	MOVWF       FARG_Lcd_Out_text, 1
0x06E8	0x0E00      	MOVLW       hi_addr(?lstr4_Digtal_Clock)
0x06EA	0x6FDC      	MOVWF       FARG_Lcd_Out_text+1, 1
0x06EC	0xDF05      	RCALL       _Lcd_Out
;Digtal_Clock.c,66 :: 		Lcd_Out(2,1, "Date: ");
0x06EE	0x0E02      	MOVLW       2
0x06F0	0x6FD9      	MOVWF       FARG_Lcd_Out_row, 1
0x06F2	0x0E01      	MOVLW       1
0x06F4	0x6FDA      	MOVWF       FARG_Lcd_Out_column, 1
0x06F6	0x0E53      	MOVLW       ?lstr5_Digtal_Clock
0x06F8	0x6FDB      	MOVWF       FARG_Lcd_Out_text, 1
0x06FA	0x0E00      	MOVLW       hi_addr(?lstr5_Digtal_Clock)
0x06FC	0x6FDC      	MOVWF       FARG_Lcd_Out_text+1, 1
0x06FE	0xDEFC      	RCALL       _Lcd_Out
;Digtal_Clock.c,70 :: 		if(ds1307_init() == 1){
0x0700	0xDF3A      	RCALL       _ds1307_init
0x0702	0x5000      	MOVF        R0, 0 
0x0704	0x0A01      	XORLW       1
0x0706	0xE107      	BNZ         L_boot3
;Digtal_Clock.c,71 :: 		UART1_Write_Text("ds1307 init \r\n");
0x0708	0x0E64      	MOVLW       ?lstr6_Digtal_Clock
0x070A	0x0100      	MOVLB       0
0x070C	0x6FD9      	MOVWF       FARG_UART1_Write_Text_uart_text, 1
0x070E	0x0E00      	MOVLW       hi_addr(?lstr6_Digtal_Clock)
0x0710	0x6FDA      	MOVWF       FARG_UART1_Write_Text_uart_text+1, 1
0x0712	0xDE85      	RCALL       _UART1_Write_Text
;Digtal_Clock.c,72 :: 		}else UART1_Write_Text("ds1307 init failed\r\n");
0x0714	0xD006      	BRA         L_boot4
L_boot3:
0x0716	0x0100      	MOVLB       0
0x0718	0x0E73      	MOVLW       ?lstr7_Digtal_Clock
0x071A	0x6FD9      	MOVWF       FARG_UART1_Write_Text_uart_text, 1
0x071C	0x0E00      	MOVLW       hi_addr(?lstr7_Digtal_Clock)
0x071E	0x6FDA      	MOVWF       FARG_UART1_Write_Text_uart_text+1, 1
0x0720	0xDE7E      	RCALL       _UART1_Write_Text
L_boot4:
;Digtal_Clock.c,73 :: 		delay_ms(200);
0x0722	0x0E03      	MOVLW       3
0x0724	0x6E0B      	MOVWF       R11, 0
0x0726	0x0E08      	MOVLW       8
0x0728	0x6E0C      	MOVWF       R12, 0
0x072A	0x0E77      	MOVLW       119
0x072C	0x6E0D      	MOVWF       R13, 0
L_boot5:
0x072E	0x2E0D      	DECFSZ      R13, 1, 0
0x0730	0xD7FE      	BRA         L_boot5
0x0732	0x2E0C      	DECFSZ      R12, 1, 0
0x0734	0xD7FC      	BRA         L_boot5
0x0736	0x2E0B      	DECFSZ      R11, 1, 0
0x0738	0xD7FA      	BRA         L_boot5
;Digtal_Clock.c,76 :: 		ANSELA = 0;                    //disable  analog on port A
0x073A	0x010F      	MOVLB       15
0x073C	0x6B38      	CLRF        ANSELA, 1
;Digtal_Clock.c,77 :: 		TRISD = 0x07;                  //set  RA1, RA2 and RA3 as input
0x073E	0x0E07      	MOVLW       7
0x0740	0x6E95      	MOVWF       TRISD 
;Digtal_Clock.c,78 :: 		PORTA = 0x00;                  //initialise port A to 0
0x0742	0x6A80      	CLRF        PORTA 
;Digtal_Clock.c,80 :: 		UART1_Write_Text("Boot OK\r\n");
0x0744	0x0E5A      	MOVLW       ?lstr8_Digtal_Clock
0x0746	0x0100      	MOVLB       0
0x0748	0x6FD9      	MOVWF       FARG_UART1_Write_Text_uart_text, 1
0x074A	0x0E00      	MOVLW       hi_addr(?lstr8_Digtal_Clock)
0x074C	0x6FDA      	MOVWF       FARG_UART1_Write_Text_uart_text+1, 1
0x074E	0xDE67      	RCALL       _UART1_Write_Text
;Digtal_Clock.c,82 :: 		}
L_end_boot:
0x0750	0x0012      	RETURN      0
; end of _boot
_binaryToBCD:
;ds1307.c,95 :: 		unsigned char binaryToBCD(unsigned char binary){
;ds1307.c,97 :: 		lsb = (binary%10)&0x0F;
0x0752	0x0E0A      	MOVLW       10
0x0754	0x6E04      	MOVWF       R4 
0x0756	0xF000C0D0  	MOVFF       FARG_binaryToBCD_binary, R0
0x075A	0xDE52      	RCALL       _Div_8X8_U
0x075C	0xF000C008  	MOVFF       R8, R0
0x0760	0x0E0F      	MOVLW       15
0x0762	0x1400      	ANDWF       R0, 0 
0x0764	0x0100      	MOVLB       0
0x0766	0x6FD1      	MOVWF       FLOC__binaryToBCD, 1
;ds1307.c,98 :: 		msb = binary - lsb;
0x0768	0x51D1      	MOVF        FLOC__binaryToBCD, 0, 1
0x076A	0x5DD0      	SUBWF       FARG_binaryToBCD_binary, 0, 1
0x076C	0x6E00      	MOVWF       R0 
;ds1307.c,99 :: 		msb /=10;
0x076E	0x0E0A      	MOVLW       10
0x0770	0x6E04      	MOVWF       R4 
0x0772	0xDE46      	RCALL       _Div_8X8_U
;ds1307.c,100 :: 		msb = msb<<4;
0x0774	0xF001C000  	MOVFF       R0, R1
0x0778	0x3601      	RLCF        R1, 1 
0x077A	0x9001      	BCF         R1, 0 
0x077C	0x3601      	RLCF        R1, 1 
0x077E	0x9001      	BCF         R1, 0 
0x0780	0x3601      	RLCF        R1, 1 
0x0782	0x9001      	BCF         R1, 0 
0x0784	0x3601      	RLCF        R1, 1 
0x0786	0x9001      	BCF         R1, 0 
;ds1307.c,101 :: 		msb = msb & 0xF0;
0x0788	0x0EF0      	MOVLW       240
0x078A	0x1401      	ANDWF       R1, 0 
0x078C	0x6E00      	MOVWF       R0 
;ds1307.c,102 :: 		return (msb|lsb);
0x078E	0x51D1      	MOVF        FLOC__binaryToBCD, 0, 1
0x0790	0x1200      	IORWF       R0, 1 
;ds1307.c,103 :: 		}
L_end_binaryToBCD:
0x0792	0x0012      	RETURN      0
; end of _binaryToBCD
_bcdToBinary:
;ds1307.c,105 :: 		unsigned char bcdToBinary(unsigned char bcd){
;ds1307.c,107 :: 		lsb = bcd & 0x0F;
0x0794	0x0E0F      	MOVLW       15
0x0796	0x0100      	MOVLB       0
0x0798	0x15D0      	ANDWF       FARG_bcdToBinary_bcd, 0, 1
0x079A	0x6E03      	MOVWF       R3 
;ds1307.c,108 :: 		msb = bcd & 0xF0;
0x079C	0x0EF0      	MOVLW       240
0x079E	0x15D0      	ANDWF       FARG_bcdToBinary_bcd, 0, 1
0x07A0	0x6E02      	MOVWF       R2 
;ds1307.c,109 :: 		msb = msb >>4;
0x07A2	0xF000C002  	MOVFF       R2, R0
0x07A6	0x3200      	RRCF        R0, 1 
0x07A8	0x9E00      	BCF         R0, 7 
0x07AA	0x3200      	RRCF        R0, 1 
0x07AC	0x9E00      	BCF         R0, 7 
0x07AE	0x3200      	RRCF        R0, 1 
0x07B0	0x9E00      	BCF         R0, 7 
0x07B2	0x3200      	RRCF        R0, 1 
0x07B4	0x9E00      	BCF         R0, 7 
;ds1307.c,110 :: 		msb *=10;
0x07B6	0x0E0A      	MOVLW       10
0x07B8	0x0200      	MULWF       R0 
0x07BA	0xF000CFF3  	MOVFF       PRODL, R0
;ds1307.c,111 :: 		return(msb+lsb);
0x07BE	0x5003      	MOVF        R3, 0 
0x07C0	0x2600      	ADDWF       R0, 1 
;ds1307.c,112 :: 		}
L_end_bcdToBinary:
0x07C2	0x0012      	RETURN      0
; end of _bcdToBinary
_ds1307_writer:
;ds1307.c,49 :: 		void ds1307_writer(unsigned char reg_addr, unsigned char data_write){
;ds1307.c,51 :: 		I2C1_Start();                         //start i2c
0x07C4	0xDD72      	RCALL       _I2C1_Start
;ds1307.c,52 :: 		I2C1_Wr(ds1307_write);                //DS1307 module address when in write mode
0x07C6	0x0ED0      	MOVLW       208
0x07C8	0x0100      	MOVLB       0
0x07CA	0x6FDE      	MOVWF       FARG_I2C1_Wr_data_, 1
0x07CC	0xDDB8      	RCALL       _I2C1_Wr
;ds1307.c,53 :: 		I2C1_Wr(reg_addr);                    //write the name of address you want to read from
0x07CE	0xF0DEC0D0  	MOVFF       FARG_ds1307_writer_reg_addr, FARG_I2C1_Wr_data_
0x07D2	0xDDB5      	RCALL       _I2C1_Wr
;ds1307.c,54 :: 		I2C1_Wr(data_write);                 //DS1307 module address when in read mode
0x07D4	0xF0DEC0D1  	MOVFF       FARG_ds1307_writer_data_write, FARG_I2C1_Wr_data_
0x07D8	0xDDB2      	RCALL       _I2C1_Wr
;ds1307.c,56 :: 		I2C1_Stop();
0x07DA	0xDDAF      	RCALL       _I2C1_Stop
;ds1307.c,58 :: 		}
L_end_ds1307_writer:
0x07DC	0x0012      	RETURN      0
; end of _ds1307_writer
_ds1307_getTime:
;ds1307.c,60 :: 		char ds1307_getTime(){
;ds1307.c,61 :: 		char time_t[] = "00:00:00";
0x07DE	0x0E30      	MOVLW       48
0x07E0	0x0100      	MOVLB       0
0x07E2	0x6FD0      	MOVWF       ds1307_getTime_time_t_L0, 1
0x07E4	0x0E30      	MOVLW       48
0x07E6	0x6FD1      	MOVWF       ds1307_getTime_time_t_L0+1, 1
0x07E8	0x0E3A      	MOVLW       58
0x07EA	0x6FD2      	MOVWF       ds1307_getTime_time_t_L0+2, 1
0x07EC	0x0E30      	MOVLW       48
0x07EE	0x6FD3      	MOVWF       ds1307_getTime_time_t_L0+3, 1
0x07F0	0x0E30      	MOVLW       48
0x07F2	0x6FD4      	MOVWF       ds1307_getTime_time_t_L0+4, 1
0x07F4	0x0E3A      	MOVLW       58
0x07F6	0x6FD5      	MOVWF       ds1307_getTime_time_t_L0+5, 1
0x07F8	0x0E30      	MOVLW       48
0x07FA	0x6FD6      	MOVWF       ds1307_getTime_time_t_L0+6, 1
0x07FC	0x0E30      	MOVLW       48
0x07FE	0x6FD7      	MOVWF       ds1307_getTime_time_t_L0+7, 1
0x0800	0x6BD8      	CLRF        ds1307_getTime_time_t_L0+8, 1
;ds1307.c,62 :: 		second = ds1307_reader(ds1307_sec);
0x0802	0x6BD9      	CLRF        FARG_ds1307_reader_reg_addr, 1
0x0804	0xDED1      	RCALL       _ds1307_reader
0x0806	0xF0C0C000  	MOVFF       R0, _second
0x080A	0x0E00      	MOVLW       0
0x080C	0x0100      	MOVLB       0
0x080E	0x6FC1      	MOVWF       _second+1, 1
;ds1307.c,63 :: 		minute = ds1307_reader(ds1307_min);
0x0810	0x0E01      	MOVLW       1
0x0812	0x6FD9      	MOVWF       FARG_ds1307_reader_reg_addr, 1
0x0814	0xDEC9      	RCALL       _ds1307_reader
0x0816	0xF0BAC000  	MOVFF       R0, _minute
0x081A	0x0E00      	MOVLW       0
0x081C	0x0100      	MOVLB       0
0x081E	0x6FBB      	MOVWF       _minute+1, 1
;ds1307.c,64 :: 		hr = ds1307_reader(ds1307_hour);
0x0820	0x0E02      	MOVLW       2
0x0822	0x6FD9      	MOVWF       FARG_ds1307_reader_reg_addr, 1
0x0824	0xDEC1      	RCALL       _ds1307_reader
0x0826	0xF0BCC000  	MOVFF       R0, _hr
0x082A	0x0E00      	MOVLW       0
0x082C	0x0100      	MOVLB       0
0x082E	0x6FBD      	MOVWF       _hr+1, 1
;ds1307.c,65 :: 		hour = hr & 0b00011111;
0x0830	0x0E1F      	MOVLW       31
0x0832	0x15BC      	ANDWF       _hr, 0, 1
0x0834	0x6E00      	MOVWF       R0 
0x0836	0xF001C0BD  	MOVFF       _hr+1, R1
0x083A	0x0E00      	MOVLW       0
0x083C	0x1601      	ANDWF       R1, 1 
0x083E	0xF0C2C000  	MOVFF       R0, _hour
0x0842	0xF0C3C001  	MOVFF       R1, _hour+1
;ds1307.c,67 :: 		time_t[0] = d_MSB(hour);
0x0846	0xF0D9C000  	MOVFF       R0, FARG_d_MSB_value
0x084A	0xDEA1      	RCALL       _d_MSB
0x084C	0xF0D0C000  	MOVFF       R0, ds1307_getTime_time_t_L0
;ds1307.c,68 :: 		time_t[1] = d_LSB(hour);
0x0850	0xF0D9C0C2  	MOVFF       _hour, FARG_d_LSB_value
0x0854	0xDDFE      	RCALL       _d_LSB
0x0856	0xF0D1C000  	MOVFF       R0, ds1307_getTime_time_t_L0+1
;ds1307.c,69 :: 		time_t[3] = d_MSB(minute);
0x085A	0xF0D9C0BA  	MOVFF       _minute, FARG_d_MSB_value
0x085E	0xDE97      	RCALL       _d_MSB
0x0860	0xF0D3C000  	MOVFF       R0, ds1307_getTime_time_t_L0+3
;ds1307.c,70 :: 		time_t[4] = d_LSB(minute);
0x0864	0xF0D9C0BA  	MOVFF       _minute, FARG_d_LSB_value
0x0868	0xDDF4      	RCALL       _d_LSB
0x086A	0xF0D4C000  	MOVFF       R0, ds1307_getTime_time_t_L0+4
;ds1307.c,71 :: 		time_t[6] = d_MSB(second);
0x086E	0xF0D9C0C0  	MOVFF       _second, FARG_d_MSB_value
0x0872	0xDE8D      	RCALL       _d_MSB
0x0874	0xF0D6C000  	MOVFF       R0, ds1307_getTime_time_t_L0+6
;ds1307.c,72 :: 		time_t[7] = d_LSB(second);
0x0878	0xF0D9C0C0  	MOVFF       _second, FARG_d_LSB_value
0x087C	0xDDEA      	RCALL       _d_LSB
0x087E	0xF0D7C000  	MOVFF       R0, ds1307_getTime_time_t_L0+7
;ds1307.c,74 :: 		return time_t;
0x0882	0x0ED0      	MOVLW       ds1307_getTime_time_t_L0
0x0884	0x6E00      	MOVWF       R0 
;ds1307.c,75 :: 		}
L_end_ds1307_getTime:
0x0886	0x0012      	RETURN      0
; end of _ds1307_getTime
_ds1307_getDate:
;ds1307.c,77 :: 		char ds1307_getDate(){
;ds1307.c,78 :: 		char date_t[] = "00/00/00";
0x0888	0x0E30      	MOVLW       48
0x088A	0x0100      	MOVLB       0
0x088C	0x6FD0      	MOVWF       ds1307_getDate_date_t_L0, 1
0x088E	0x0E30      	MOVLW       48
0x0890	0x6FD1      	MOVWF       ds1307_getDate_date_t_L0+1, 1
0x0892	0x0E2F      	MOVLW       47
0x0894	0x6FD2      	MOVWF       ds1307_getDate_date_t_L0+2, 1
0x0896	0x0E30      	MOVLW       48
0x0898	0x6FD3      	MOVWF       ds1307_getDate_date_t_L0+3, 1
0x089A	0x0E30      	MOVLW       48
0x089C	0x6FD4      	MOVWF       ds1307_getDate_date_t_L0+4, 1
0x089E	0x0E2F      	MOVLW       47
0x08A0	0x6FD5      	MOVWF       ds1307_getDate_date_t_L0+5, 1
0x08A2	0x0E30      	MOVLW       48
0x08A4	0x6FD6      	MOVWF       ds1307_getDate_date_t_L0+6, 1
0x08A6	0x0E30      	MOVLW       48
0x08A8	0x6FD7      	MOVWF       ds1307_getDate_date_t_L0+7, 1
0x08AA	0x6BD8      	CLRF        ds1307_getDate_date_t_L0+8, 1
;ds1307.c,79 :: 		day = ds1307_reader(ds1307_day);
0x08AC	0x0E03      	MOVLW       3
0x08AE	0x6FD9      	MOVWF       FARG_ds1307_reader_reg_addr, 1
0x08B0	0xDE7B      	RCALL       _ds1307_reader
0x08B2	0xF090C000  	MOVFF       R0, _day
0x08B6	0x0E00      	MOVLW       0
0x08B8	0x0100      	MOVLB       0
0x08BA	0x6F91      	MOVWF       _day+1, 1
;ds1307.c,80 :: 		date = ds1307_reader(ds1307_date);
0x08BC	0x0E04      	MOVLW       4
0x08BE	0x6FD9      	MOVWF       FARG_ds1307_reader_reg_addr, 1
0x08C0	0xDE73      	RCALL       _ds1307_reader
0x08C2	0xF092C000  	MOVFF       R0, _date
0x08C6	0x0E00      	MOVLW       0
0x08C8	0x0100      	MOVLB       0
0x08CA	0x6F93      	MOVWF       _date+1, 1
;ds1307.c,81 :: 		month = ds1307_reader(ds1307_month);
0x08CC	0x0E05      	MOVLW       5
0x08CE	0x6FD9      	MOVWF       FARG_ds1307_reader_reg_addr, 1
0x08D0	0xDE6B      	RCALL       _ds1307_reader
0x08D2	0xF097C000  	MOVFF       R0, _month
0x08D6	0x0E00      	MOVLW       0
0x08D8	0x0100      	MOVLB       0
0x08DA	0x6F98      	MOVWF       _month+1, 1
;ds1307.c,82 :: 		year = ds1307_reader(ds1307_year);
0x08DC	0x0E06      	MOVLW       6
0x08DE	0x6FD9      	MOVWF       FARG_ds1307_reader_reg_addr, 1
0x08E0	0xDE63      	RCALL       _ds1307_reader
0x08E2	0xF0BEC000  	MOVFF       R0, _year
0x08E6	0x0E00      	MOVLW       0
0x08E8	0x0100      	MOVLB       0
0x08EA	0x6FBF      	MOVWF       _year+1, 1
;ds1307.c,84 :: 		date_t[0] = d_MSB(day);
0x08EC	0xF0D9C090  	MOVFF       _day, FARG_d_MSB_value
0x08F0	0xDE4E      	RCALL       _d_MSB
0x08F2	0xF0D0C000  	MOVFF       R0, ds1307_getDate_date_t_L0
;ds1307.c,85 :: 		date_t[1] = d_LSB(day);
0x08F6	0xF0D9C090  	MOVFF       _day, FARG_d_LSB_value
0x08FA	0xDDAB      	RCALL       _d_LSB
0x08FC	0xF0D1C000  	MOVFF       R0, ds1307_getDate_date_t_L0+1
;ds1307.c,86 :: 		date_t[3] = d_MSB(month);
0x0900	0xF0D9C097  	MOVFF       _month, FARG_d_MSB_value
0x0904	0xDE44      	RCALL       _d_MSB
0x0906	0xF0D3C000  	MOVFF       R0, ds1307_getDate_date_t_L0+3
;ds1307.c,87 :: 		date_t[4] = d_LSB(month);
0x090A	0xF0D9C097  	MOVFF       _month, FARG_d_LSB_value
0x090E	0xDDA1      	RCALL       _d_LSB
0x0910	0xF0D4C000  	MOVFF       R0, ds1307_getDate_date_t_L0+4
;ds1307.c,88 :: 		date_t[6] = d_MSB(year);
0x0914	0xF0D9C0BE  	MOVFF       _year, FARG_d_MSB_value
0x0918	0xDE3A      	RCALL       _d_MSB
0x091A	0xF0D6C000  	MOVFF       R0, ds1307_getDate_date_t_L0+6
;ds1307.c,89 :: 		date_t[7] = d_LSB(year);
0x091E	0xF0D9C0BE  	MOVFF       _year, FARG_d_LSB_value
0x0922	0xDD97      	RCALL       _d_LSB
0x0924	0xF0D7C000  	MOVFF       R0, ds1307_getDate_date_t_L0+7
;ds1307.c,91 :: 		return date_t;
0x0928	0x0ED0      	MOVLW       ds1307_getDate_date_t_L0
0x092A	0x6E00      	MOVWF       R0 
;ds1307.c,92 :: 		}
L_end_ds1307_getDate:
0x092C	0x0012      	RETURN      0
; end of _ds1307_getDate
_main:
0x092E	0xF006EC17  	CALL        3118, 0
;Digtal_Clock.c,85 :: 		void main() {
;Digtal_Clock.c,87 :: 		boot();
0x0932	0xDE84      	RCALL       _boot
;Digtal_Clock.c,89 :: 		while (1){
L_main6:
;Digtal_Clock.c,91 :: 		set = 0;
0x0934	0x6B96      	CLRF        _set, 1
;Digtal_Clock.c,92 :: 		if(!setBtn){
0x0936	0xB080      	BTFSC       PORTA, 0 
0x0938	0xD015      	BRA         L_main8
;Digtal_Clock.c,93 :: 		delay_ms(10);
0x093A	0x0E1A      	MOVLW       26
0x093C	0x6E0C      	MOVWF       R12, 0
0x093E	0x0EF8      	MOVLW       248
0x0940	0x6E0D      	MOVWF       R13, 0
L_main9:
0x0942	0x2E0D      	DECFSZ      R13, 1, 0
0x0944	0xD7FE      	BRA         L_main9
0x0946	0x2E0C      	DECFSZ      R12, 1, 0
0x0948	0xD7FC      	BRA         L_main9
0x094A	0x0000      	NOP
;Digtal_Clock.c,94 :: 		if(!setBtn){
0x094C	0xB080      	BTFSC       PORTA, 0 
0x094E	0xD00A      	BRA         L_main10
;Digtal_Clock.c,95 :: 		set_position++; UART1_Write_Text("setBtn pressed\r\n");
0x0950	0x2B8E      	INCF        _set_position, 1, 1
0x0952	0x0E15      	MOVLW       ?lstr9_Digtal_Clock
0x0954	0x6FD9      	MOVWF       FARG_UART1_Write_Text_uart_text, 1
0x0956	0x0E00      	MOVLW       hi_addr(?lstr9_Digtal_Clock)
0x0958	0x6FDA      	MOVWF       FARG_UART1_Write_Text_uart_text+1, 1
0x095A	0xDD61      	RCALL       _UART1_Write_Text
;Digtal_Clock.c,96 :: 		if(set_position >= 7){
0x095C	0x0E07      	MOVLW       7
0x095E	0x5D8E      	SUBWF       _set_position, 0, 1
0x0960	0xB0D8      	BTFSC       STATUS, 0 
;Digtal_Clock.c,97 :: 		set_position = 0;
0x0962	0x6B8E      	CLRF        _set_position, 1
;Digtal_Clock.c,98 :: 		}
L_main11:
;Digtal_Clock.c,99 :: 		}
L_main10:
;Digtal_Clock.c,100 :: 		}
L_main8:
;Digtal_Clock.c,102 :: 		if(set_position){
0x0964	0x538E      	MOVF        _set_position, 1, 1
0x0966	0xE01E      	BZ          L_main12
;Digtal_Clock.c,104 :: 		if(!upBtn){
0x0968	0xB280      	BTFSC       PORTA, 1 
0x096A	0xD00D      	BRA         L_main13
;Digtal_Clock.c,105 :: 		delay_ms(10);
0x096C	0x0E1A      	MOVLW       26
0x096E	0x6E0C      	MOVWF       R12, 0
0x0970	0x0EF8      	MOVLW       248
0x0972	0x6E0D      	MOVWF       R13, 0
L_main14:
0x0974	0x2E0D      	DECFSZ      R13, 1, 0
0x0976	0xD7FE      	BRA         L_main14
0x0978	0x2E0C      	DECFSZ      R12, 1, 0
0x097A	0xD7FC      	BRA         L_main14
0x097C	0x0000      	NOP
;Digtal_Clock.c,106 :: 		if(!upBtn){
0x097E	0xB280      	BTFSC       PORTA, 1 
0x0980	0xD002      	BRA         L_main15
;Digtal_Clock.c,107 :: 		set = 1;
0x0982	0x0E01      	MOVLW       1
0x0984	0x6F96      	MOVWF       _set, 1
;Digtal_Clock.c,108 :: 		}
L_main15:
;Digtal_Clock.c,109 :: 		}
L_main13:
;Digtal_Clock.c,111 :: 		if(!downBtn){
0x0986	0xB480      	BTFSC       PORTA, 2 
0x0988	0xD00D      	BRA         L_main16
;Digtal_Clock.c,112 :: 		delay_ms(10);
0x098A	0x0E1A      	MOVLW       26
0x098C	0x6E0C      	MOVWF       R12, 0
0x098E	0x0EF8      	MOVLW       248
0x0990	0x6E0D      	MOVWF       R13, 0
L_main17:
0x0992	0x2E0D      	DECFSZ      R13, 1, 0
0x0994	0xD7FE      	BRA         L_main17
0x0996	0x2E0C      	DECFSZ      R12, 1, 0
0x0998	0xD7FC      	BRA         L_main17
0x099A	0x0000      	NOP
;Digtal_Clock.c,113 :: 		if(!downBtn){
0x099C	0xB480      	BTFSC       PORTA, 2 
0x099E	0xD002      	BRA         L_main18
;Digtal_Clock.c,114 :: 		set = -1;
0x09A0	0x0EFF      	MOVLW       255
0x09A2	0x6F96      	MOVWF       _set, 1
;Digtal_Clock.c,115 :: 		}
L_main18:
;Digtal_Clock.c,116 :: 		}
L_main16:
;Digtal_Clock.c,117 :: 		}
L_main12:
;Digtal_Clock.c,119 :: 		if(set_position && set){
0x09A4	0x538E      	MOVF        _set_position, 1, 1
0x09A6	0xB4D8      	BTFSC       STATUS, 2 
0x09A8	0xD0E3      	BRA         L_main21
0x09AA	0x5396      	MOVF        _set, 1, 1
0x09AC	0xB4D8      	BTFSC       STATUS, 2 
0x09AE	0xD0E0      	BRA         L_main21
L__main43:
;Digtal_Clock.c,120 :: 		switch(set_position){
0x09B0	0xD0C8      	BRA         L_main22
;Digtal_Clock.c,121 :: 		case 1:
L_main24:
;Digtal_Clock.c,122 :: 		set_hour = ds1307_reader(ds1307_hour);
0x09B2	0x0E02      	MOVLW       2
0x09B4	0x6FD9      	MOVWF       FARG_ds1307_reader_reg_addr, 1
0x09B6	0xDDF8      	RCALL       _ds1307_reader
0x09B8	0xF08CC000  	MOVFF       R0, _set_hour
;Digtal_Clock.c,123 :: 		set_hour = bcdToBinary(set_hour);
0x09BC	0xF0D0C000  	MOVFF       R0, FARG_bcdToBinary_bcd
0x09C0	0xDEE9      	RCALL       _bcdToBinary
0x09C2	0xF08CC000  	MOVFF       R0, _set_hour
;Digtal_Clock.c,124 :: 		set_hour = set_hour + set;
0x09C6	0x5196      	MOVF        _set, 0, 1
0x09C8	0x2600      	ADDWF       R0, 1 
0x09CA	0xF08CC000  	MOVFF       R0, _set_hour
;Digtal_Clock.c,125 :: 		set_hour = binaryToBcd(set_hour);
0x09CE	0xF0D0C000  	MOVFF       R0, FARG_binaryToBCD_binary
0x09D2	0xDEBF      	RCALL       _binaryToBCD
0x09D4	0xF08CC000  	MOVFF       R0, _set_hour
;Digtal_Clock.c,126 :: 		if((set_hour & 0x1F) >= 0x13){
0x09D8	0x0E1F      	MOVLW       31
0x09DA	0x1400      	ANDWF       R0, 0 
0x09DC	0x6E01      	MOVWF       R1 
0x09DE	0x0E13      	MOVLW       19
0x09E0	0x5C01      	SUBWF       R1, 0 
0x09E2	0xE304      	BNC         L_main25
;Digtal_Clock.c,127 :: 		set_hour = set_hour & 0b11100001;
0x09E4	0x0EE1      	MOVLW       225
0x09E6	0x178C      	ANDWF       _set_hour, 1, 1
;Digtal_Clock.c,128 :: 		set_hour = set_hour ^ 0x20;
0x09E8	0x7B8C      	BTG         _set_hour, 5, 1
;Digtal_Clock.c,129 :: 		}
0x09EA	0xD009      	BRA         L_main26
L_main25:
;Digtal_Clock.c,130 :: 		else if((set_hour & 0x1F) <= 0x00){
0x09EC	0x0E1F      	MOVLW       31
0x09EE	0x158C      	ANDWF       _set_hour, 0, 1
0x09F0	0x6E01      	MOVWF       R1 
0x09F2	0x5001      	MOVF        R1, 0 
0x09F4	0x0800      	SUBLW       0
0x09F6	0xE303      	BNC         L_main27
;Digtal_Clock.c,131 :: 		set_hour = set_hour | 0b00010010;
0x09F8	0x0E12      	MOVLW       18
0x09FA	0x138C      	IORWF       _set_hour, 1, 1
;Digtal_Clock.c,132 :: 		set_hour = set_hour ^ 0x20;
0x09FC	0x7B8C      	BTG         _set_hour, 5, 1
;Digtal_Clock.c,133 :: 		}
L_main27:
L_main26:
;Digtal_Clock.c,134 :: 		ds1307_writer(ds1307_hour, set_hour);
0x09FE	0x0E02      	MOVLW       2
0x0A00	0x6FD0      	MOVWF       FARG_ds1307_writer_reg_addr, 1
0x0A02	0xF0D1C08C  	MOVFF       _set_hour, FARG_ds1307_writer_data_write
0x0A06	0xDEDE      	RCALL       _ds1307_writer
;Digtal_Clock.c,135 :: 		break;
0x0A08	0xD0B3      	BRA         L_main23
;Digtal_Clock.c,137 :: 		case 2:
L_main28:
;Digtal_Clock.c,138 :: 		set_minute = ds1307_reader(ds1307_min);
0x0A0A	0x0E01      	MOVLW       1
0x0A0C	0x0100      	MOVLB       0
0x0A0E	0x6FD9      	MOVWF       FARG_ds1307_reader_reg_addr, 1
0x0A10	0xDDCB      	RCALL       _ds1307_reader
0x0A12	0xF08DC000  	MOVFF       R0, _set_minute
;Digtal_Clock.c,139 :: 		set_minute = bcdToBinary(set_minute);
0x0A16	0xF0D0C000  	MOVFF       R0, FARG_bcdToBinary_bcd
0x0A1A	0xDEBC      	RCALL       _bcdToBinary
0x0A1C	0xF08DC000  	MOVFF       R0, _set_minute
;Digtal_Clock.c,140 :: 		set_minute = set_minute + set;
0x0A20	0x5196      	MOVF        _set, 0, 1
0x0A22	0x2400      	ADDWF       R0, 0 
0x0A24	0x6E01      	MOVWF       R1 
0x0A26	0xF08DC001  	MOVFF       R1, _set_minute
;Digtal_Clock.c,141 :: 		if(set_minute >= 60) set_minute = 0;
0x0A2A	0x0E3C      	MOVLW       60
0x0A2C	0x5C01      	SUBWF       R1, 0 
0x0A2E	0xB0D8      	BTFSC       STATUS, 0 
0x0A30	0x6B8D      	CLRF        _set_minute, 1
L_main29:
;Digtal_Clock.c,142 :: 		if(set_minute <= 0) set_minute = 59;
0x0A32	0x518D      	MOVF        _set_minute, 0, 1
0x0A34	0x0800      	SUBLW       0
0x0A36	0xE302      	BNC         L_main30
0x0A38	0x0E3B      	MOVLW       59
0x0A3A	0x6F8D      	MOVWF       _set_minute, 1
L_main30:
;Digtal_Clock.c,143 :: 		set_minute = binaryToBcd(set_minute);
0x0A3C	0xF0D0C08D  	MOVFF       _set_minute, FARG_binaryToBCD_binary
0x0A40	0xDE88      	RCALL       _binaryToBCD
0x0A42	0xF08DC000  	MOVFF       R0, _set_minute
;Digtal_Clock.c,144 :: 		ds1307_writer(ds1307_min, set_minute);
0x0A46	0x0E01      	MOVLW       1
0x0A48	0x6FD0      	MOVWF       FARG_ds1307_writer_reg_addr, 1
0x0A4A	0xF0D1C000  	MOVFF       R0, FARG_ds1307_writer_data_write
0x0A4E	0xDEBA      	RCALL       _ds1307_writer
;Digtal_Clock.c,145 :: 		break;
0x0A50	0xD08F      	BRA         L_main23
;Digtal_Clock.c,147 :: 		case 3:
L_main31:
;Digtal_Clock.c,148 :: 		if(set){
0x0A52	0x0100      	MOVLB       0
0x0A54	0x5396      	MOVF        _set, 1, 1
0x0A56	0xE003      	BZ          L_main32
;Digtal_Clock.c,149 :: 		ds1307_writer(ds1307_sec, 0x00);
0x0A58	0x6BD0      	CLRF        FARG_ds1307_writer_reg_addr, 1
0x0A5A	0x6BD1      	CLRF        FARG_ds1307_writer_data_write, 1
0x0A5C	0xDEB3      	RCALL       _ds1307_writer
;Digtal_Clock.c,150 :: 		}
L_main32:
;Digtal_Clock.c,151 :: 		break;
0x0A5E	0xD088      	BRA         L_main23
;Digtal_Clock.c,153 :: 		case 4:
L_main33:
;Digtal_Clock.c,154 :: 		set_day = ds1307_reader(ds1307_day);
0x0A60	0x0E03      	MOVLW       3
0x0A62	0x0100      	MOVLB       0
0x0A64	0x6FD9      	MOVWF       FARG_ds1307_reader_reg_addr, 1
0x0A66	0xDDA0      	RCALL       _ds1307_reader
0x0A68	0xF08FC000  	MOVFF       R0, _set_day
;Digtal_Clock.c,155 :: 		set_day = bcdToBinary(set_day);
0x0A6C	0xF0D0C000  	MOVFF       R0, FARG_bcdToBinary_bcd
0x0A70	0xDE91      	RCALL       _bcdToBinary
0x0A72	0xF08FC000  	MOVFF       R0, _set_day
;Digtal_Clock.c,156 :: 		set_day = set_day + set;
0x0A76	0x5196      	MOVF        _set, 0, 1
0x0A78	0x2600      	ADDWF       R0, 1 
0x0A7A	0xF08FC000  	MOVFF       R0, _set_day
;Digtal_Clock.c,157 :: 		set_day = binaryToBcd(set_day);
0x0A7E	0xF0D0C000  	MOVFF       R0, FARG_binaryToBCD_binary
0x0A82	0xDE67      	RCALL       _binaryToBCD
0x0A84	0xF08FC000  	MOVFF       R0, _set_day
;Digtal_Clock.c,158 :: 		if(set_day >= 0x32){
0x0A88	0x0E32      	MOVLW       50
0x0A8A	0x5C00      	SUBWF       R0, 0 
0x0A8C	0xE302      	BNC         L_main34
;Digtal_Clock.c,159 :: 		set_day = 1;
0x0A8E	0x0E01      	MOVLW       1
0x0A90	0x6F8F      	MOVWF       _set_day, 1
;Digtal_Clock.c,160 :: 		}
L_main34:
;Digtal_Clock.c,161 :: 		if(set_day <= 0x00){
0x0A92	0x518F      	MOVF        _set_day, 0, 1
0x0A94	0x0800      	SUBLW       0
0x0A96	0xE302      	BNC         L_main35
;Digtal_Clock.c,162 :: 		set_day = 0x31;
0x0A98	0x0E31      	MOVLW       49
0x0A9A	0x6F8F      	MOVWF       _set_day, 1
;Digtal_Clock.c,163 :: 		}
L_main35:
;Digtal_Clock.c,164 :: 		ds1307_writer(ds1307_day, set_day);
0x0A9C	0x0E03      	MOVLW       3
0x0A9E	0x6FD0      	MOVWF       FARG_ds1307_writer_reg_addr, 1
0x0AA0	0xF0D1C08F  	MOVFF       _set_day, FARG_ds1307_writer_data_write
0x0AA4	0xDE8F      	RCALL       _ds1307_writer
;Digtal_Clock.c,165 :: 		break;
0x0AA6	0xD064      	BRA         L_main23
;Digtal_Clock.c,167 :: 		case 5:
L_main36:
;Digtal_Clock.c,168 :: 		set_month = ds1307_reader(ds1307_month);
0x0AA8	0x0E05      	MOVLW       5
0x0AAA	0x0100      	MOVLB       0
0x0AAC	0x6FD9      	MOVWF       FARG_ds1307_reader_reg_addr, 1
0x0AAE	0xDD7C      	RCALL       _ds1307_reader
0x0AB0	0xF094C000  	MOVFF       R0, _set_month
;Digtal_Clock.c,169 :: 		set_month = bcdToBinary(set_month);
0x0AB4	0xF0D0C000  	MOVFF       R0, FARG_bcdToBinary_bcd
0x0AB8	0xDE6D      	RCALL       _bcdToBinary
0x0ABA	0xF094C000  	MOVFF       R0, _set_month
;Digtal_Clock.c,170 :: 		set_month = set_month + set;
0x0ABE	0x5196      	MOVF        _set, 0, 1
0x0AC0	0x2600      	ADDWF       R0, 1 
0x0AC2	0xF094C000  	MOVFF       R0, _set_month
;Digtal_Clock.c,171 :: 		set_month = binaryToBcd(set_month);
0x0AC6	0xF0D0C000  	MOVFF       R0, FARG_binaryToBCD_binary
0x0ACA	0xDE43      	RCALL       _binaryToBCD
0x0ACC	0xF094C000  	MOVFF       R0, _set_month
;Digtal_Clock.c,172 :: 		if(set_month >= 0x12){
0x0AD0	0x0E12      	MOVLW       18
0x0AD2	0x5C00      	SUBWF       R0, 0 
0x0AD4	0xE302      	BNC         L_main37
;Digtal_Clock.c,173 :: 		set_month = 1;
0x0AD6	0x0E01      	MOVLW       1
0x0AD8	0x6F94      	MOVWF       _set_month, 1
;Digtal_Clock.c,174 :: 		}
L_main37:
;Digtal_Clock.c,175 :: 		if(set_month <= 0x00){
0x0ADA	0x5194      	MOVF        _set_month, 0, 1
0x0ADC	0x0800      	SUBLW       0
0x0ADE	0xE302      	BNC         L_main38
;Digtal_Clock.c,176 :: 		set_month = 0x12;
0x0AE0	0x0E12      	MOVLW       18
0x0AE2	0x6F94      	MOVWF       _set_month, 1
;Digtal_Clock.c,177 :: 		}
L_main38:
;Digtal_Clock.c,178 :: 		ds1307_writer(ds1307_month, set_month);
0x0AE4	0x0E05      	MOVLW       5
0x0AE6	0x6FD0      	MOVWF       FARG_ds1307_writer_reg_addr, 1
0x0AE8	0xF0D1C094  	MOVFF       _set_month, FARG_ds1307_writer_data_write
0x0AEC	0xDE6B      	RCALL       _ds1307_writer
;Digtal_Clock.c,179 :: 		break;
0x0AEE	0xD040      	BRA         L_main23
;Digtal_Clock.c,181 :: 		case 6:
L_main39:
;Digtal_Clock.c,182 :: 		set_year = ds1307_reader(ds1307_day);
0x0AF0	0x0E03      	MOVLW       3
0x0AF2	0x0100      	MOVLB       0
0x0AF4	0x6FD9      	MOVWF       FARG_ds1307_reader_reg_addr, 1
0x0AF6	0xDD58      	RCALL       _ds1307_reader
0x0AF8	0xF095C000  	MOVFF       R0, _set_year
;Digtal_Clock.c,183 :: 		set_year = bcdToBinary(set_year);
0x0AFC	0xF0D0C000  	MOVFF       R0, FARG_bcdToBinary_bcd
0x0B00	0xDE49      	RCALL       _bcdToBinary
0x0B02	0xF095C000  	MOVFF       R0, _set_year
;Digtal_Clock.c,184 :: 		set_year = set_day + set;
0x0B06	0x5196      	MOVF        _set, 0, 1
0x0B08	0x258F      	ADDWF       _set_day, 0, 1
0x0B0A	0x6E00      	MOVWF       R0 
0x0B0C	0xF095C000  	MOVFF       R0, _set_year
;Digtal_Clock.c,185 :: 		set_year = binaryToBcd(set_year);
0x0B10	0xF0D0C000  	MOVFF       R0, FARG_binaryToBCD_binary
0x0B14	0xDE1E      	RCALL       _binaryToBCD
0x0B16	0xF095C000  	MOVFF       R0, _set_year
;Digtal_Clock.c,186 :: 		if(set_year >= 0x50){
0x0B1A	0x0E50      	MOVLW       80
0x0B1C	0x5C00      	SUBWF       R0, 0 
0x0B1E	0xB0D8      	BTFSC       STATUS, 0 
;Digtal_Clock.c,187 :: 		set_year = 0x00;
0x0B20	0x6B95      	CLRF        _set_year, 1
;Digtal_Clock.c,188 :: 		}
L_main40:
;Digtal_Clock.c,189 :: 		if(set_year <= -1){
0x0B22	0x0E7F      	MOVLW       127
0x0B24	0x6E00      	MOVWF       R0 
0x0B26	0x0E80      	MOVLW       128
0x0B28	0x5C00      	SUBWF       R0, 0 
0x0B2A	0xE102      	BNZ         L__main46
0x0B2C	0x5195      	MOVF        _set_year, 0, 1
0x0B2E	0x08FF      	SUBLW       255
L__main46:
0x0B30	0xE302      	BNC         L_main41
;Digtal_Clock.c,190 :: 		set_year = 0x99;
0x0B32	0x0E99      	MOVLW       153
0x0B34	0x6F95      	MOVWF       _set_year, 1
;Digtal_Clock.c,191 :: 		}
L_main41:
;Digtal_Clock.c,192 :: 		ds1307_writer(ds1307_year, set_year);
0x0B36	0x0E06      	MOVLW       6
0x0B38	0x6FD0      	MOVWF       FARG_ds1307_writer_reg_addr, 1
0x0B3A	0xF0D1C095  	MOVFF       _set_year, FARG_ds1307_writer_data_write
0x0B3E	0xDE42      	RCALL       _ds1307_writer
;Digtal_Clock.c,193 :: 		break;
0x0B40	0xD017      	BRA         L_main23
;Digtal_Clock.c,194 :: 		}
L_main22:
0x0B42	0x0100      	MOVLB       0
0x0B44	0x518E      	MOVF        _set_position, 0, 1
0x0B46	0x0A01      	XORLW       1
0x0B48	0xB4D8      	BTFSC       STATUS, 2 
0x0B4A	0xD733      	BRA         L_main24
0x0B4C	0x518E      	MOVF        _set_position, 0, 1
0x0B4E	0x0A02      	XORLW       2
0x0B50	0xB4D8      	BTFSC       STATUS, 2 
0x0B52	0xD75B      	BRA         L_main28
0x0B54	0x518E      	MOVF        _set_position, 0, 1
0x0B56	0x0A03      	XORLW       3
0x0B58	0xB4D8      	BTFSC       STATUS, 2 
0x0B5A	0xD77B      	BRA         L_main31
0x0B5C	0x518E      	MOVF        _set_position, 0, 1
0x0B5E	0x0A04      	XORLW       4
0x0B60	0xB4D8      	BTFSC       STATUS, 2 
0x0B62	0xD77E      	BRA         L_main33
0x0B64	0x518E      	MOVF        _set_position, 0, 1
0x0B66	0x0A05      	XORLW       5
0x0B68	0xE09F      	BZ          L_main36
0x0B6A	0x518E      	MOVF        _set_position, 0, 1
0x0B6C	0x0A06      	XORLW       6
0x0B6E	0xE0C0      	BZ          L_main39
L_main23:
;Digtal_Clock.c,195 :: 		}
L_main21:
;Digtal_Clock.c,197 :: 		Lcd_Out(1,7, ds1307_getTime());
0x0B70	0xDE36      	RCALL       _ds1307_getTime
0x0B72	0xF0DBC000  	MOVFF       R0, FARG_Lcd_Out_text
0x0B76	0x0E00      	MOVLW       0
0x0B78	0x6FDC      	MOVWF       FARG_Lcd_Out_text+1, 1
0x0B7A	0x0E01      	MOVLW       1
0x0B7C	0x6FD9      	MOVWF       FARG_Lcd_Out_row, 1
0x0B7E	0x0E07      	MOVLW       7
0x0B80	0x6FDA      	MOVWF       FARG_Lcd_Out_column, 1
0x0B82	0xDCBA      	RCALL       _Lcd_Out
;Digtal_Clock.c,198 :: 		Lcd_Out(2,7, ds1307_getDate());
0x0B84	0xDE81      	RCALL       _ds1307_getDate
0x0B86	0xF0DBC000  	MOVFF       R0, FARG_Lcd_Out_text
0x0B8A	0x0E00      	MOVLW       0
0x0B8C	0x6FDC      	MOVWF       FARG_Lcd_Out_text+1, 1
0x0B8E	0x0E02      	MOVLW       2
0x0B90	0x6FD9      	MOVWF       FARG_Lcd_Out_row, 1
0x0B92	0x0E07      	MOVLW       7
0x0B94	0x6FDA      	MOVWF       FARG_Lcd_Out_column, 1
0x0B96	0xDCB0      	RCALL       _Lcd_Out
;Digtal_Clock.c,200 :: 		delay_ms(100);
0x0B98	0x0E02      	MOVLW       2
0x0B9A	0x6E0B      	MOVWF       R11, 0
0x0B9C	0x0E04      	MOVLW       4
0x0B9E	0x6E0C      	MOVWF       R12, 0
0x0BA0	0x0EBA      	MOVLW       186
0x0BA2	0x6E0D      	MOVWF       R13, 0
L_main42:
0x0BA4	0x2E0D      	DECFSZ      R13, 1, 0
0x0BA6	0xD7FE      	BRA         L_main42
0x0BA8	0x2E0C      	DECFSZ      R12, 1, 0
0x0BAA	0xD7FC      	BRA         L_main42
0x0BAC	0x2E0B      	DECFSZ      R11, 1, 0
0x0BAE	0xD7FA      	BRA         L_main42
0x0BB0	0x0000      	NOP
;Digtal_Clock.c,201 :: 		}
0x0BB2	0xD6C0      	BRA         L_main6
;Digtal_Clock.c,202 :: 		}
L_end_main:
0x0BB4	0xD7FF      	BRA         $+0
; end of _main
0x0C2E	0xF015EE10  	LFSR        1, 21
0x0C32	0x0E77      	MOVLW       119
0x0C34	0x6E00      	MOVWF       R0 
0x0C36	0x0E01      	MOVLW       1
0x0C38	0x6E01      	MOVWF       R1 
0x0C3A	0x0EB6      	MOVLW       182
0x0C3C	0x6EF6      	MOVWF       4086 
0x0C3E	0x0E0B      	MOVLW       11
0x0C40	0x6EF7      	MOVWF       TBLPTRH 
0x0C42	0x0E00      	MOVLW       0
0x0C44	0x6EF8      	MOVWF       TBLPTRU 
0x0C46	0xF003EC16  	CALL        1580, 0
0x0C4A	0x0012      	RETURN      0
;Digtal_Clock.c,0 :: ?ICS?lstr9_Digtal_Clock
0x0BB6	0x6573 ;?ICS?lstr9_Digtal_Clock+0
0x0BB8	0x4274 ;?ICS?lstr9_Digtal_Clock+2
0x0BBA	0x6E74 ;?ICS?lstr9_Digtal_Clock+4
0x0BBC	0x7020 ;?ICS?lstr9_Digtal_Clock+6
0x0BBE	0x6572 ;?ICS?lstr9_Digtal_Clock+8
0x0BC0	0x7373 ;?ICS?lstr9_Digtal_Clock+10
0x0BC2	0x6465 ;?ICS?lstr9_Digtal_Clock+12
0x0BC4	0x0A0D ;?ICS?lstr9_Digtal_Clock+14
0x0BC6	0x00 ;?ICS?lstr9_Digtal_Clock+16
; end of ?ICS?lstr9_Digtal_Clock
;Digtal_Clock.c,0 :: ?ICS?lstr3_Digtal_Clock
0x0BC7	0x6944 ;?ICS?lstr3_Digtal_Clock+0
0x0BC9	0x6967 ;?ICS?lstr3_Digtal_Clock+2
0x0BCB	0x6174 ;?ICS?lstr3_Digtal_Clock+4
0x0BCD	0x206C ;?ICS?lstr3_Digtal_Clock+6
0x0BCF	0x6C43 ;?ICS?lstr3_Digtal_Clock+8
0x0BD1	0x636F ;?ICS?lstr3_Digtal_Clock+10
0x0BD3	0x006B ;?ICS?lstr3_Digtal_Clock+12
; end of ?ICS?lstr3_Digtal_Clock
;Digtal_Clock.c,0 :: ?ICS?lstr4_Digtal_Clock
0x0BD5	0x6954 ;?ICS?lstr4_Digtal_Clock+0
0x0BD7	0x656D ;?ICS?lstr4_Digtal_Clock+2
0x0BD9	0x203A ;?ICS?lstr4_Digtal_Clock+4
0x0BDB	0x00 ;?ICS?lstr4_Digtal_Clock+6
; end of ?ICS?lstr4_Digtal_Clock
;Digtal_Clock.c,0 :: ?ICS?lstr1_Digtal_Clock
0x0BDC	0x4155 ;?ICS?lstr1_Digtal_Clock+0
0x0BDE	0x5452 ;?ICS?lstr1_Digtal_Clock+2
0x0BE0	0x4920 ;?ICS?lstr1_Digtal_Clock+4
0x0BE2	0x696E ;?ICS?lstr1_Digtal_Clock+6
0x0BE4	0x0D74 ;?ICS?lstr1_Digtal_Clock+8
0x0BE6	0x000A ;?ICS?lstr1_Digtal_Clock+10
; end of ?ICS?lstr1_Digtal_Clock
;Digtal_Clock.c,0 :: ?ICS?lstr2_Digtal_Clock
0x0BE8	0x434C ;?ICS?lstr2_Digtal_Clock+0
0x0BEA	0x2044 ;?ICS?lstr2_Digtal_Clock+2
0x0BEC	0x6E69 ;?ICS?lstr2_Digtal_Clock+4
0x0BEE	0x7469 ;?ICS?lstr2_Digtal_Clock+6
0x0BF0	0x0D20 ;?ICS?lstr2_Digtal_Clock+8
0x0BF2	0x000A ;?ICS?lstr2_Digtal_Clock+10
; end of ?ICS?lstr2_Digtal_Clock
;Digtal_Clock.c,0 :: ?ICS?lstr5_Digtal_Clock
0x0BF4	0x6144 ;?ICS?lstr5_Digtal_Clock+0
0x0BF6	0x6574 ;?ICS?lstr5_Digtal_Clock+2
0x0BF8	0x203A ;?ICS?lstr5_Digtal_Clock+4
0x0BFA	0x00 ;?ICS?lstr5_Digtal_Clock+6
; end of ?ICS?lstr5_Digtal_Clock
;Digtal_Clock.c,0 :: ?ICS?lstr8_Digtal_Clock
0x0BFB	0x6F42 ;?ICS?lstr8_Digtal_Clock+0
0x0BFD	0x746F ;?ICS?lstr8_Digtal_Clock+2
0x0BFF	0x4F20 ;?ICS?lstr8_Digtal_Clock+4
0x0C01	0x0D4B ;?ICS?lstr8_Digtal_Clock+6
0x0C03	0x000A ;?ICS?lstr8_Digtal_Clock+8
; end of ?ICS?lstr8_Digtal_Clock
;Digtal_Clock.c,0 :: ?ICS?lstr6_Digtal_Clock
0x0C05	0x7364 ;?ICS?lstr6_Digtal_Clock+0
0x0C07	0x3331 ;?ICS?lstr6_Digtal_Clock+2
0x0C09	0x3730 ;?ICS?lstr6_Digtal_Clock+4
0x0C0B	0x6920 ;?ICS?lstr6_Digtal_Clock+6
0x0C0D	0x696E ;?ICS?lstr6_Digtal_Clock+8
0x0C0F	0x2074 ;?ICS?lstr6_Digtal_Clock+10
0x0C11	0x0A0D ;?ICS?lstr6_Digtal_Clock+12
0x0C13	0x00 ;?ICS?lstr6_Digtal_Clock+14
; end of ?ICS?lstr6_Digtal_Clock
;Digtal_Clock.c,0 :: ?ICS?lstr7_Digtal_Clock
0x0C14	0x7364 ;?ICS?lstr7_Digtal_Clock+0
0x0C16	0x3331 ;?ICS?lstr7_Digtal_Clock+2
0x0C18	0x3730 ;?ICS?lstr7_Digtal_Clock+4
0x0C1A	0x6920 ;?ICS?lstr7_Digtal_Clock+6
0x0C1C	0x696E ;?ICS?lstr7_Digtal_Clock+8
0x0C1E	0x2074 ;?ICS?lstr7_Digtal_Clock+10
0x0C20	0x6166 ;?ICS?lstr7_Digtal_Clock+12
0x0C22	0x6C69 ;?ICS?lstr7_Digtal_Clock+14
0x0C24	0x6465 ;?ICS?lstr7_Digtal_Clock+16
0x0C26	0x0A0D ;?ICS?lstr7_Digtal_Clock+18
0x0C28	0x00 ;?ICS?lstr7_Digtal_Clock+20
; end of ?ICS?lstr7_Digtal_Clock
;__Lib_I2C_c34d01.c,0 :: ?ICS__Lib_I2C_c34d01__I2C1_TIMEOUT
0x0C29	0x0000 ;?ICS__Lib_I2C_c34d01__I2C1_TIMEOUT+0
0x0C2B	0x0000 ;?ICS__Lib_I2C_c34d01__I2C1_TIMEOUT+2
; end of ?ICS__Lib_I2C_c34d01__I2C1_TIMEOUT
Symbol List:
//** Routines locations **
//ADDRESS    SIZE    PROCEDURE
//----------------------------------------------
0x001C      [14]    _UART1_Write
0x002A      [12]    _UART2_Write
0x0036      [10]    _Delay_50us
0x0040       [6]    _Delay_1us
0x0046      [22]    _Delay_5500us
0x005C      [26]    _I2C1_Is_Idle
0x0076     [126]    _Lcd_Cmd
0x00F4      [24]    _____DoIFC
0x010C      [86]    _I2C1_Repeated_Start
0x0162     [194]    _I2C1_Rd
0x0224      [14]    _Lcd_Chr_CP
0x0232     [120]    _I2C1_Init
0x02AA     [144]    _I2C1_Start
0x033A       [4]    _I2C1_Stop
0x033E     [194]    _I2C1_Wr
0x0400      [30]    _Div_8X8_U
0x041E      [52]    _UART1_Write_Text
0x0452      [14]    _d_LSB
0x0460     [152]    _Lcd_Init
0x04F8     [126]    _Lcd_Out
0x0576      [24]    _ds1307_init
0x058E      [26]    _d_MSB
0x05A8      [44]    _ds1307_reader
0x05D4      [88]    _UART1_Init
0x062C      [16]    ___CC2DW
0x063C     [278]    _boot
0x0752      [66]    _binaryToBCD
0x0794      [48]    _bcdToBinary
0x07C4      [26]    _ds1307_writer
0x07DE     [170]    _ds1307_getTime
0x0888     [166]    _ds1307_getDate
0x092E     [648]    _main
//** Variables locations ** 
//ADDRESS    SIZE    VARIABLE
//----------------------------------------------
0x0000       [1]    R0
0x0000       [1]    UART1_Init_tmp_L0
0x0000       [1]    UART2_Init_tmp_L0
0x0001       [1]    R1
0x0001       [1]    UART1_Read___tmp_UART1_Read_L0
0x0001       [1]    ispunct_rslt_L0
0x0001       [1]    UART2_Read___tmp_UART2_Read_L0
0x0002       [2]    strlen_cp_L0
0x0002       [2]    memchr_s_L0
0x0002       [1]    R2
0x0002       [2]    memcpy_dd_L0
0x0002       [2]    memset_pp_L0
0x0003       [1]    R3
0x0003       [2]    Ltrim_original_L0
0x0003       [2]    memmove_tt_L0
0x0004       [2]    strncpy_cp_L0
0x0004       [2]    strcat_cp_L0
0x0004       [2]    memcpy_ss_L0
0x0004       [2]    strcpy_cp_L0
0x0004       [2]    strncat_cp_L0
0x0004       [1]    R4
0x0005       [2]    Ltrim_p_L0
0x0005       [2]    LongIntToHex_input_half_L0
0x0005       [1]    R5
0x0005       [2]    memmove_ff_L0
0x0005       [2]    LongWordToHex_input_half_L0
0x0006       [1]    R6
0x0007       [1]    R7
0x0008       [1]    R8
0x0009       [1]    R9
0x000A       [1]    R10
0x000B       [1]    R11
0x000C       [1]    R12
0x000D       [1]    R13
0x000E       [1]    R14
0x000F       [1]    R15
0x0010       [1]    R16
0x0011       [1]    R17
0x0012       [1]    R18
0x0013       [1]    R19
0x0014       [1]    R20
0x0015      [17]    ?lstr9_Digtal_Clock
0x0026      [14]    ?lstr3_Digtal_Clock
0x0034       [7]    ?lstr4_Digtal_Clock
0x003B      [12]    ?lstr1_Digtal_Clock
0x0047      [12]    ?lstr2_Digtal_Clock
0x0053       [7]    ?lstr5_Digtal_Clock
0x005A      [10]    ?lstr8_Digtal_Clock
0x0064      [15]    ?lstr6_Digtal_Clock
0x0073      [21]    ?lstr7_Digtal_Clock
0x0088       [4]    __Lib_I2C_c34d01__I2C1_TIMEOUT
0x008C       [1]    _set_hour
0x008D       [1]    _set_minute
0x008E       [1]    _set_position
0x008F       [1]    _set_day
0x0090       [2]    _day
0x0092       [2]    _date
0x0094       [1]    _set_month
0x0095       [1]    _set_year
0x0096       [1]    _set
0x0097       [2]    _month
0x0099       [4]    _I2C_Write_Ptr
0x009D       [4]    _I2C_Stop_Ptr
0x00A1       [4]    _I2C_Restart_Ptr
0x00A5       [4]    _I2C_Read_Ptr
0x00A9       [0]    __Lib_Lcd_cmd_status
0x00AA       [4]    _UART_Rdy_Ptr
0x00AE       [4]    _UART_Tx_Idle_Ptr
0x00B2       [4]    _UART_Wr_Ptr
0x00B6       [4]    _UART_Rd_Ptr
0x00BA       [2]    _minute
0x00BC       [2]    _hr
0x00BE       [2]    _year
0x00C0       [2]    _second
0x00C2       [2]    _hour
0x00C4       [4]    _I2C_Is_Idle_Ptr
0x00C8       [4]    _I2C_Start_Ptr
0x00CC       [4]    _I2C1_Timeout_Ptr
0x00D0       [1]    FARG_binaryToBCD_binary
0x00D0       [9]    ds1307_getDate_date_t_L0
0x00D0       [9]    ds1307_getTime_time_t_L0
0x00D0       [1]    FARG_ds1307_writer_reg_addr
0x00D0       [1]    FARG_bcdToBinary_bcd
0x00D1       [1]    FARG_ds1307_writer_data_write
0x00D1       [1]    FLOC__binaryToBCD
0x00D9       [1]    FARG_d_LSB_value
0x00D9       [1]    FARG_d_MSB_value
0x00D9       [1]    FARG_Lcd_Out_row
0x00D9       [2]    FARG_UART1_Write_Text_uart_text
0x00D9       [1]    FARG_ds1307_reader_reg_addr
0x00DA       [1]    FARG_Lcd_Out_column
0x00DA       [1]    ds1307_reader_data_read_L0
0x00DB       [2]    FARG_Lcd_Out_text
0x00DB       [1]    UART1_Write_Text_data__L0
0x00DC       [1]    UART1_Write_Text_counter_L0
0x00DD       [1]    Lcd_Out_i_L0
0x00DE       [4]    I2C1_Repeated_Start_timeout_L0
0x00DE       [1]    FARG_I2C1_Rd_ack
0x00DE       [2]    I2C1_Start_j_L0
0x00DE       [1]    FARG_Lcd_Chr_CP_out_char
0x00DE       [1]    FARG_I2C1_Wr_data_
0x00DE       [4]    FARG_I2C1_Init_clock
0x00DF       [1]    I2C1_Rd_tmp_L0
0x00DF       [4]    I2C1_Wr_timeout_L0
0x00E0       [4]    I2C1_Rd_timeout_L0
0x00E0       [4]    I2C1_Start_timeout_L0
0x00E4       [1]    FARG_Lcd_Cmd_out_char
0x00E5       [1]    FARG_UART1_Write_data_
0x00E5       [1]    FARG_UART2_Write_data_
0x0F38       [1]    ANSELA
0x0F39       [1]    ANSELB
0x0F3A       [1]    ANSELC
0x0F3B       [1]    ANSELD
0x0F72       [1]    TXSTA2
0x0F73       [1]    TXREG2
0x0F80       [1]    PORTA
0x0F81       [0]    RB2_bit
0x0F81       [0]    RB3_bit
0x0F81       [0]    RB0_bit
0x0F81       [0]    RB1_bit
0x0F81       [0]    RB4_bit
0x0F81       [0]    RB5_bit
0x0F81       [0]    LCD_EN
0x0F81       [0]    LCD_D7
0x0F81       [0]    LCD_RS
0x0F81       [0]    LCD_D6
0x0F81       [0]    LCD_D5
0x0F81       [0]    LCD_D4
0x0F8B       [0]    LATC4_bit
0x0F8B       [0]    LATC3_bit
0x0F93       [0]    TRISB2_bit
0x0F93       [0]    TRISB1_bit
0x0F93       [0]    TRISB3_bit
0x0F93       [0]    LCD_D4_Direction
0x0F93       [0]    LCD_D7_Direction
0x0F93       [0]    LCD_EN_Direction
0x0F93       [0]    LCD_RS_Direction
0x0F93       [0]    TRISB0_bit
0x0F93       [0]    TRISB5_bit
0x0F93       [0]    LCD_D6_Direction
0x0F93       [0]    TRISB4_bit
0x0F93       [0]    LCD_D5_Direction
0x0F94       [0]    TRISC7_bit
0x0F94       [0]    TRISC6_bit
0x0F94       [0]    TRISC4_bit
0x0F94       [0]    TRISC3_bit
0x0F95       [1]    TRISD
0x0F9E       [1]    PIR1
0x0FAB       [1]    RCSTA
0x0FAC       [1]    TXSTA
0x0FAD       [1]    TXREG
0x0FAE       [1]    RCREG
0x0FAF       [1]    SPBRG
0x0FB0       [1]    SPBRGH
0x0FB8       [1]    BAUDCON
0x0FC5       [1]    SSP1CON2
0x0FC6       [1]    SSP1CON1
0x0FC7       [1]    SSP1STAT
0x0FC7       [1]    SSPSTAT
0x0FC8       [1]    SSP1ADD
0x0FC9       [1]    SSP1BUF
0x0FD3       [1]    OSCCON
0x0FD8       [1]    STATUS
0x0FD9       [1]    FSR2L
0x0FDA       [1]    FSR2H
0x0FDE       [1]    POSTINC2
0x0FE0       [1]    BSR
0x0FE1       [2]    FSR1
0x0FE1       [1]    FSR1L
0x0FE2       [1]    FSR1H
0x0FE4       [1]    PREINC1
0x0FE6       [1]    POSTINC1
0x0FE7       [1]    INDF1
0x0FE8       [1]    WREG
0x0FE9       [1]    FSR0L
0x0FEA       [1]    FSR0H
0x0FEE       [1]    POSTINC0
0x0FF2       [1]    INTCON
0x0FF3       [1]    PRODL
0x0FF4       [1]    PRODH
0x0FF5       [1]    TABLAT
0x0FF6       [1]    TBLPTRL
0x0FF7       [1]    TBLPTRH
0x0FF8       [1]    TBLPTRU
0x0FFD       [1]    TOSL
0x0FFE       [1]    TOSH
0x0FFF       [1]    TOSU
//** Constants locations ** 
//ADDRESS    SIZE    CONSTANT
//----------------------------------------------
0x0BB6      [17]    ?ICS?lstr9_Digtal_Clock
0x0BC7      [14]    ?ICS?lstr3_Digtal_Clock
0x0BD5       [7]    ?ICS?lstr4_Digtal_Clock
0x0BDC      [12]    ?ICS?lstr1_Digtal_Clock
0x0BE8      [12]    ?ICS?lstr2_Digtal_Clock
0x0BF4       [7]    ?ICS?lstr5_Digtal_Clock
0x0BFB      [10]    ?ICS?lstr8_Digtal_Clock
0x0C05      [15]    ?ICS?lstr6_Digtal_Clock
0x0C14      [21]    ?ICS?lstr7_Digtal_Clock
0x0C29       [4]    ?ICS__Lib_I2C_c34d01__I2C1_TIMEOUT
