;  LST file generated by mikroListExporter - v.2.0 
; Date/Time: 5/16/2023 9:20:18 PM
;----------------------------------------------

;Address Opcode 	ASM
0x0000	0xF005EFE9  	GOTO        3026
0x0004	0x0000      	NOP
0x0006	0x0000      	NOP
0x0008	0xF000EF00  	GOTO        0
0x000C	0x0000      	NOP
0x000E	0x0000      	NOP
0x0010	0x0000      	NOP
0x0012	0x0000      	NOP
0x0014	0x0000      	NOP
0x0016	0x0000      	NOP
0x0018	0xD7F3      	BRA         0
_Delay_5500us:
;__Lib_Delays.c,31 :: 		void Delay_5500us() {
;__Lib_Delays.c,32 :: 		Delay_us(5500);
0x001C	0x0E0F      	MOVLW       15
0x001E	0x6E0C      	MOVWF       R12, 0
0x0020	0x0E47      	MOVLW       71
0x0022	0x6E0D      	MOVWF       R13, 0
L_Delay_5500us5:
0x0024	0x2E0D      	DECFSZ      R13, 1, 0
0x0026	0xD7FE      	BRA         L_Delay_5500us5
0x0028	0x2E0C      	DECFSZ      R12, 1, 0
0x002A	0xD7FC      	BRA         L_Delay_5500us5
0x002C	0x0000      	NOP
0x002E	0x0000      	NOP
;__Lib_Delays.c,33 :: 		}
L_end_Delay_5500us:
0x0030	0x0012      	RETURN      0
; end of _Delay_5500us
_Delay_50us:
;__Lib_Delays.c,19 :: 		void Delay_50us() {
;__Lib_Delays.c,20 :: 		Delay_us(50);
0x0032	0x0E21      	MOVLW       33
0x0034	0x6E0D      	MOVWF       R13, 0
L_Delay_50us2:
0x0036	0x2E0D      	DECFSZ      R13, 1, 0
0x0038	0xD7FE      	BRA         L_Delay_50us2
;__Lib_Delays.c,21 :: 		}
L_end_Delay_50us:
0x003A	0x0012      	RETURN      0
; end of _Delay_50us
_Delay_1us:
;__Lib_Delays.c,7 :: 		void Delay_1us() {
;__Lib_Delays.c,8 :: 		Delay_us(1);
0x003C	0x0000      	NOP
0x003E	0x0000      	NOP
;__Lib_Delays.c,9 :: 		}
L_end_Delay_1us:
0x0040	0x0012      	RETURN      0
; end of _Delay_1us
_SETFUN32:
;__Lib_MathDouble.c,144 :: 		
;__Lib_MathDouble.c,152 :: 		
0x0042	0x840B      	BSF         R11, 2, 0
;__Lib_MathDouble.c,153 :: 		
0x0044	0xAE0B      	BTFSS       R11, 7, 0
;__Lib_MathDouble.c,154 :: 		
0x0046	0xF000EF2C  	GOTO        SETFUN32EEE
;__Lib_MathDouble.c,156 :: 		
0x004A	0x0E01      	MOVLW       1
;__Lib_MathDouble.c,157 :: 		
0x004C	0x6E03      	MOVWF       R3, 0
;__Lib_MathDouble.c,158 :: 		
0x004E	0x6A02      	CLRF        R2, 0
;__Lib_MathDouble.c,159 :: 		
0x0050	0x6A01      	CLRF        R1, 0
;__Lib_MathDouble.c,160 :: 		
0x0052	0x6A00      	CLRF        R0, 0
;__Lib_MathDouble.c,161 :: 		
0x0054	0x360A      	RLCF        R10, 1, 0
;__Lib_MathDouble.c,162 :: 		
0x0056	0x3202      	RRCF        R2, 1, 0
;__Lib_MathDouble.c,163 :: 		
SETFUN32EEE:
;__Lib_MathDouble.c,164 :: 		
0x0058	0x0EFF      	MOVLW       255
;__Lib_MathDouble.c,166 :: 		
L_end_SETFUN32:
0x005A	0x0012      	RETURN      0
; end of _SETFUN32
_FIXSIGN32:
;__Lib_MathDouble.c,117 :: 		
;__Lib_MathDouble.c,121 :: 		
0x005C	0xAE0A      	BTFSS       R10, 7, 0
;__Lib_MathDouble.c,122 :: 		
0x005E	0x9E02      	BCF         R2, 7, 0
;__Lib_MathDouble.c,123 :: 		
0x0060	0x0E00      	MOVLW       0
;__Lib_MathDouble.c,125 :: 		
L_end_FIXSIGN32:
0x0062	0x0012      	RETURN      0
; end of _FIXSIGN32
_Lcd_Cmd:
;__Lib_Lcd.c,18 :: 		
;__Lib_Lcd.c,20 :: 		
0x0064	0xBE50      	BTFSC       FARG_Lcd_Cmd_out_char, 7 
0x0066	0xD002      	BRA         L__Lcd_Cmd21
0x0068	0x9681      	BCF         LCD_D7, BitPos(LCD_D7+0) 
0x006A	0xD001      	BRA         L__Lcd_Cmd22
L__Lcd_Cmd21:
0x006C	0x8681      	BSF         LCD_D7, BitPos(LCD_D7+0) 
L__Lcd_Cmd22:
;__Lib_Lcd.c,21 :: 		
0x006E	0xBC50      	BTFSC       FARG_Lcd_Cmd_out_char, 6 
0x0070	0xD002      	BRA         L__Lcd_Cmd23
0x0072	0x9481      	BCF         LCD_D6, BitPos(LCD_D6+0) 
0x0074	0xD001      	BRA         L__Lcd_Cmd24
L__Lcd_Cmd23:
0x0076	0x8481      	BSF         LCD_D6, BitPos(LCD_D6+0) 
L__Lcd_Cmd24:
;__Lib_Lcd.c,22 :: 		
0x0078	0xBA50      	BTFSC       FARG_Lcd_Cmd_out_char, 5 
0x007A	0xD002      	BRA         L__Lcd_Cmd25
0x007C	0x9281      	BCF         LCD_D5, BitPos(LCD_D5+0) 
0x007E	0xD001      	BRA         L__Lcd_Cmd26
L__Lcd_Cmd25:
0x0080	0x8281      	BSF         LCD_D5, BitPos(LCD_D5+0) 
L__Lcd_Cmd26:
;__Lib_Lcd.c,23 :: 		
0x0082	0xB850      	BTFSC       FARG_Lcd_Cmd_out_char, 4 
0x0084	0xD002      	BRA         L__Lcd_Cmd27
0x0086	0x9081      	BCF         LCD_D4, BitPos(LCD_D4+0) 
0x0088	0xD001      	BRA         L__Lcd_Cmd28
L__Lcd_Cmd27:
0x008A	0x8081      	BSF         LCD_D4, BitPos(LCD_D4+0) 
L__Lcd_Cmd28:
;__Lib_Lcd.c,25 :: 		
0x008C	0xB03D      	BTFSC       __Lib_Lcd_cmd_status, BitPos(__Lib_Lcd_cmd_status+0) 
0x008E	0xD002      	BRA         L__Lcd_Cmd29
0x0090	0x8881      	BSF         LCD_RS, BitPos(LCD_RS+0) 
0x0092	0xD001      	BRA         L__Lcd_Cmd30
L__Lcd_Cmd29:
0x0094	0x9881      	BCF         LCD_RS, BitPos(LCD_RS+0) 
L__Lcd_Cmd30:
;__Lib_Lcd.c,28 :: 		
0x0096	0x8A81      	BSF         LCD_EN, BitPos(LCD_EN+0) 
;__Lib_Lcd.c,29 :: 		
0x0098	0xDFD1      	RCALL       _Delay_1us
;__Lib_Lcd.c,30 :: 		
0x009A	0x9A81      	BCF         LCD_EN, BitPos(LCD_EN+0) 
;__Lib_Lcd.c,33 :: 		
0x009C	0xB650      	BTFSC       FARG_Lcd_Cmd_out_char, 3 
0x009E	0xD002      	BRA         L__Lcd_Cmd31
0x00A0	0x9681      	BCF         LCD_D7, BitPos(LCD_D7+0) 
0x00A2	0xD001      	BRA         L__Lcd_Cmd32
L__Lcd_Cmd31:
0x00A4	0x8681      	BSF         LCD_D7, BitPos(LCD_D7+0) 
L__Lcd_Cmd32:
;__Lib_Lcd.c,34 :: 		
0x00A6	0xB450      	BTFSC       FARG_Lcd_Cmd_out_char, 2 
0x00A8	0xD002      	BRA         L__Lcd_Cmd33
0x00AA	0x9481      	BCF         LCD_D6, BitPos(LCD_D6+0) 
0x00AC	0xD001      	BRA         L__Lcd_Cmd34
L__Lcd_Cmd33:
0x00AE	0x8481      	BSF         LCD_D6, BitPos(LCD_D6+0) 
L__Lcd_Cmd34:
;__Lib_Lcd.c,35 :: 		
0x00B0	0xB250      	BTFSC       FARG_Lcd_Cmd_out_char, 1 
0x00B2	0xD002      	BRA         L__Lcd_Cmd35
0x00B4	0x9281      	BCF         LCD_D5, BitPos(LCD_D5+0) 
0x00B6	0xD001      	BRA         L__Lcd_Cmd36
L__Lcd_Cmd35:
0x00B8	0x8281      	BSF         LCD_D5, BitPos(LCD_D5+0) 
L__Lcd_Cmd36:
;__Lib_Lcd.c,36 :: 		
0x00BA	0xB050      	BTFSC       FARG_Lcd_Cmd_out_char, 0 
0x00BC	0xD002      	BRA         L__Lcd_Cmd37
0x00BE	0x9081      	BCF         LCD_D4, BitPos(LCD_D4+0) 
0x00C0	0xD001      	BRA         L__Lcd_Cmd38
L__Lcd_Cmd37:
0x00C2	0x8081      	BSF         LCD_D4, BitPos(LCD_D4+0) 
L__Lcd_Cmd38:
;__Lib_Lcd.c,38 :: 		
0x00C4	0xB03D      	BTFSC       __Lib_Lcd_cmd_status, BitPos(__Lib_Lcd_cmd_status+0) 
0x00C6	0xD002      	BRA         L__Lcd_Cmd39
0x00C8	0x8881      	BSF         LCD_RS, BitPos(LCD_RS+0) 
0x00CA	0xD001      	BRA         L__Lcd_Cmd40
L__Lcd_Cmd39:
0x00CC	0x9881      	BCF         LCD_RS, BitPos(LCD_RS+0) 
L__Lcd_Cmd40:
;__Lib_Lcd.c,40 :: 		
0x00CE	0x8A81      	BSF         LCD_EN, BitPos(LCD_EN+0) 
;__Lib_Lcd.c,41 :: 		
0x00D0	0xDFB5      	RCALL       _Delay_1us
;__Lib_Lcd.c,42 :: 		
0x00D2	0x9A81      	BCF         LCD_EN, BitPos(LCD_EN+0) 
;__Lib_Lcd.c,44 :: 		
0x00D4	0xA03D      	BTFSS       __Lib_Lcd_cmd_status, BitPos(__Lib_Lcd_cmd_status+0) 
0x00D6	0xD002      	BRA         L_Lcd_Cmd0
;__Lib_Lcd.c,45 :: 		
0x00D8	0xDFA1      	RCALL       _Delay_5500us
0x00DA	0xD001      	BRA         L_Lcd_Cmd1
L_Lcd_Cmd0:
;__Lib_Lcd.c,47 :: 		
0x00DC	0xDFAA      	RCALL       _Delay_50us
L_Lcd_Cmd1:
;__Lib_Lcd.c,48 :: 		
L_end_Lcd_Cmd:
0x00DE	0x0012      	RETURN      0
; end of _Lcd_Cmd
_RES032:
;__Lib_MathDouble.c,128 :: 		
;__Lib_MathDouble.c,134 :: 		
0x00E0	0x6A02      	CLRF        R2, 0
;__Lib_MathDouble.c,135 :: 		
0x00E2	0x6A01      	CLRF        R1, 0
;__Lib_MathDouble.c,136 :: 		
0x00E4	0x6A00      	CLRF        R0, 0
;__Lib_MathDouble.c,137 :: 		
0x00E6	0x6A08      	CLRF        R8, 0
;__Lib_MathDouble.c,138 :: 		
0x00E8	0x6A03      	CLRF        R3, 0
;__Lib_MathDouble.c,139 :: 		
0x00EA	0x0E00      	MOVLW       0
;__Lib_MathDouble.c,141 :: 		
L_end_RES032:
0x00EC	0x0012      	RETURN      0
; end of _RES032
_SETFOV32:
;__Lib_MathDouble.c,82 :: 		
;__Lib_MathDouble.c,90 :: 		
0x00EE	0x820B      	BSF         R11, 1, 0
;__Lib_MathDouble.c,91 :: 		
0x00F0	0xAE0B      	BTFSS       R11, 7, 0
;__Lib_MathDouble.c,92 :: 		
0x00F2	0xF000EF81  	GOTO        SETFOV32EEE
;__Lib_MathDouble.c,94 :: 		
0x00F6	0x6803      	SETF        R3, 0
;__Lib_MathDouble.c,95 :: 		
0x00F8	0x6802      	SETF        R2, 0
;__Lib_MathDouble.c,96 :: 		
0x00FA	0x6801      	SETF        R1, 0
;__Lib_MathDouble.c,97 :: 		
0x00FC	0x6800      	SETF        R0, 0
;__Lib_MathDouble.c,98 :: 		
0x00FE	0x360A      	RLCF        R10, 1, 0
;__Lib_MathDouble.c,99 :: 		
0x0100	0x3202      	RRCF        R2, 1, 0
;__Lib_MathDouble.c,100 :: 		
SETFOV32EEE:
;__Lib_MathDouble.c,101 :: 		
0x0102	0x0EFF      	MOVLW       255
;__Lib_MathDouble.c,103 :: 		
L_end_SETFOV32:
0x0104	0x0012      	RETURN      0
; end of _SETFOV32
_NRM3232:
;__Lib_MathDouble.c,455 :: 		
;__Lib_MathDouble.c,463 :: 		
0x0106	0x6A0C      	CLRF        R12, 0
;__Lib_MathDouble.c,464 :: 		
0x0108	0x6A0E      	CLRF        R14, 0
;__Lib_MathDouble.c,465 :: 		
0x010A	0x5002      	MOVF        R2, 0, 0
;__Lib_MathDouble.c,466 :: 		
0x010C	0xA4D8      	BTFSS       STATUS, 2, 0
;__Lib_MathDouble.c,467 :: 		
0x010E	0xF000EF9C  	GOTO        NORM3232
;__Lib_MathDouble.c,468 :: 		
0x0112	0xF002C001  	MOVFF       R1, R2
;__Lib_MathDouble.c,469 :: 		
0x0116	0xF001C000  	MOVFF       R0, R1
;__Lib_MathDouble.c,470 :: 		
0x011A	0x6A00      	CLRF        R0, 0
;__Lib_MathDouble.c,471 :: 		
0x011C	0x860E      	BSF         R14, 3, 0
;__Lib_MathDouble.c,473 :: 		
0x011E	0x5002      	MOVF        R2, 0, 0
;__Lib_MathDouble.c,474 :: 		
0x0120	0xA4D8      	BTFSS       STATUS, 2, 0
;__Lib_MathDouble.c,475 :: 		
0x0122	0xF000EF9C  	GOTO        NORM3232
;__Lib_MathDouble.c,476 :: 		
0x0126	0xF002C001  	MOVFF       R1, R2
;__Lib_MathDouble.c,477 :: 		
0x012A	0x6A01      	CLRF        R1, 0
;__Lib_MathDouble.c,478 :: 		
0x012C	0x960E      	BCF         R14, 3, 0
;__Lib_MathDouble.c,479 :: 		
0x012E	0x880E      	BSF         R14, 4, 0
;__Lib_MathDouble.c,481 :: 		
0x0130	0x5002      	MOVF        R2, 0, 0
;__Lib_MathDouble.c,482 :: 		
0x0132	0xB4D8      	BTFSC       STATUS, 2, 0
;__Lib_MathDouble.c,483 :: 		
0x0134	0xF000EFAE  	GOTO        JPNRES032
;__Lib_MathDouble.c,484 :: 		
NORM3232:
;__Lib_MathDouble.c,485 :: 		
0x0138	0x500E      	MOVF        R14, 0, 0
;__Lib_MathDouble.c,486 :: 		
0x013A	0x5E03      	SUBWF       R3, 1, 0
;__Lib_MathDouble.c,487 :: 		
0x013C	0xA4D8      	BTFSS       STATUS, 2, 0
;__Lib_MathDouble.c,488 :: 		
0x013E	0xA0D8      	BTFSS       STATUS, 0, 0
;__Lib_MathDouble.c,489 :: 		
0x0140	0xF000EFB3  	GOTO        JPNSETFUN32
;__Lib_MathDouble.c,490 :: 		
0x0144	0x90D8      	BCF         STATUS, 0, 0
;__Lib_MathDouble.c,491 :: 		
NORM3232A:
;__Lib_MathDouble.c,492 :: 		
0x0146	0xBE02      	BTFSC       R2, 7, 0
;__Lib_MathDouble.c,493 :: 		
0x0148	0xF000EFB8  	GOTO        JMPNFIXSIGN32
;__Lib_MathDouble.c,494 :: 		
0x014C	0x3600      	RLCF        R0, 1, 0
;__Lib_MathDouble.c,495 :: 		
0x014E	0x3601      	RLCF        R1, 1, 0
;__Lib_MathDouble.c,496 :: 		
0x0150	0x3602      	RLCF        R2, 1, 0
;__Lib_MathDouble.c,497 :: 		
0x0152	0x2E03      	DECFSZ      R3, 1, 0
;__Lib_MathDouble.c,498 :: 		
0x0154	0xF000EFA3  	GOTO        NORM3232A
;__Lib_MathDouble.c,499 :: 		
0x0158	0xF000EFB3  	GOTO        JPNSETFUN32
;__Lib_MathDouble.c,500 :: 		
JPNRES032:
;__Lib_MathDouble.c,501 :: 		
0x015C	0x0E01      	MOVLW       1
;__Lib_MathDouble.c,502 :: 		
0x015E	0x6E0C      	MOVWF       R12, 0
;__Lib_MathDouble.c,504 :: 		
0x0160	0xDFBF      	RCALL       _RES032
;__Lib_MathDouble.c,506 :: 		
0x0162	0xF000EFBB  	GOTO        NORM32EEE
;__Lib_MathDouble.c,507 :: 		
JPNSETFUN32:
;__Lib_MathDouble.c,508 :: 		
0x0166	0x0E02      	MOVLW       2
;__Lib_MathDouble.c,509 :: 		
0x0168	0x6E0C      	MOVWF       R12, 0
;__Lib_MathDouble.c,511 :: 		
0x016A	0xDF6B      	RCALL       _SETFUN32
;__Lib_MathDouble.c,513 :: 		
0x016C	0xF000EFBB  	GOTO        NORM32EEE
;__Lib_MathDouble.c,514 :: 		
JMPNFIXSIGN32:
;__Lib_MathDouble.c,515 :: 		
0x0170	0x0E04      	MOVLW       4
;__Lib_MathDouble.c,516 :: 		
0x0172	0x6E0C      	MOVWF       R12, 0
;__Lib_MathDouble.c,518 :: 		
0x0174	0xDF73      	RCALL       _FIXSIGN32
;__Lib_MathDouble.c,520 :: 		
NORM32EEE:
;__Lib_MathDouble.c,527 :: 		
L_end_NRM3232:
0x0176	0x0012      	RETURN      0
; end of _NRM3232
_SETFDZ32:
;__Lib_MathDouble.c,106 :: 		
;__Lib_MathDouble.c,110 :: 		
0x0178	0x6A0B      	CLRF        R11, 0
;__Lib_MathDouble.c,111 :: 		
0x017A	0x860B      	BSF         R11, 3, 0
;__Lib_MathDouble.c,112 :: 		
0x017C	0x0EFF      	MOVLW       255
;__Lib_MathDouble.c,114 :: 		
L_end_SETFDZ32:
0x017E	0x0012      	RETURN      0
; end of _SETFDZ32
_strcpy:
;__Lib_CString.c,126 :: 		
;__Lib_CString.c,129 :: 		
0x0180	0xF004C04C  	MOVFF       FARG_strcpy_to, R4
0x0184	0xF005C04D  	MOVFF       FARG_strcpy_to+1, R5
;__Lib_CString.c,130 :: 		
L_strcpy34:
0x0188	0xF002C004  	MOVFF       R4, R2
0x018C	0xF003C005  	MOVFF       R5, R3
0x0190	0x4A04      	INFSNZ      R4, 1 
0x0192	0x2A05      	INCF        R5, 1 
0x0194	0xF000C04E  	MOVFF       FARG_strcpy_from, R0
0x0198	0xF001C04F  	MOVFF       FARG_strcpy_from+1, R1
0x019C	0x4A4E      	INFSNZ      FARG_strcpy_from, 1 
0x019E	0x2A4F      	INCF        FARG_strcpy_from+1, 1 
0x01A0	0xFFE9C000  	MOVFF       R0, FSR0L
0x01A4	0xFFEAC001  	MOVFF       R1, FSR0H
0x01A8	0xFFE1C002  	MOVFF       R2, FSR1L
0x01AC	0xFFE2C003  	MOVFF       R3, FSR1H
0x01B0	0xFFE6CFEE  	MOVFF       POSTINC0, POSTINC1
0x01B4	0xFFE9C002  	MOVFF       R2, FSR0L
0x01B8	0xFFEAC003  	MOVFF       R3, FSR0H
0x01BC	0x52EE      	MOVF        POSTINC0, 1 
0x01BE	0xE001      	BZ          L_strcpy35
;__Lib_CString.c,131 :: 		
0x01C0	0xD7E3      	BRA         L_strcpy34
L_strcpy35:
;__Lib_CString.c,132 :: 		
0x01C2	0xF000C04C  	MOVFF       FARG_strcpy_to, R0
0x01C6	0xF001C04D  	MOVFF       FARG_strcpy_to+1, R1
;__Lib_CString.c,133 :: 		
L_end_strcpy:
0x01CA	0x0012      	RETURN      0
; end of _strcpy
_Div_8X8_S:
;__Lib_Math.c,326 :: 		
;__Lib_Math.c,335 :: 		
0x01CC	0x6A0D      	CLRF        R13, 0
;__Lib_Math.c,336 :: 		
0x01CE	0x6A08      	CLRF        R8, 0
;__Lib_Math.c,337 :: 		
0x01D0	0x5000      	MOVF        R0, 0, 0
;__Lib_Math.c,338 :: 		
0x01D2	0xB4D8      	BTFSC       STATUS, 2, 0
;__Lib_Math.c,339 :: 		
0x01D4	0x0C00      	RETLW       0
;__Lib_Math.c,340 :: 		
0x01D6	0x1804      	XORWF       R4, 0, 0
;__Lib_Math.c,341 :: 		
0x01D8	0x6E0A      	MOVWF       R10, 0
;__Lib_Math.c,342 :: 		
0x01DA	0xBE0A      	BTFSC       R10, 7, 0
;__Lib_Math.c,343 :: 		
0x01DC	0x1E0D      	COMF        R13, 1, 0
;__Lib_Math.c,344 :: 		
0x01DE	0x6A0B      	CLRF        R11, 0
;__Lib_Math.c,345 :: 		
0x01E0	0xAE04      	BTFSS       R4, 7, 0
;__Lib_Math.c,346 :: 		
0x01E2	0xD002      	BRA         $+6
;__Lib_Math.c,347 :: 		
0x01E4	0x1E04      	COMF        R4, 1, 0
;__Lib_Math.c,348 :: 		
0x01E6	0x2A04      	INCF        R4, 1, 0
;__Lib_Math.c,349 :: 		
0x01E8	0xAE00      	BTFSS       R0, 7, 0
;__Lib_Math.c,350 :: 		
0x01EA	0xD002      	BRA         $+6
;__Lib_Math.c,351 :: 		
0x01EC	0x1E00      	COMF        R0, 1, 0
;__Lib_Math.c,352 :: 		
0x01EE	0x2A00      	INCF        R0, 1, 0
;__Lib_Math.c,353 :: 		
0x01F0	0x5000      	MOVF        R0, 0, 0
;__Lib_Math.c,354 :: 		
0x01F2	0x1004      	IORWF       R4, 0, 0
;__Lib_Math.c,355 :: 		
0x01F4	0x6E0A      	MOVWF       R10, 0
;__Lib_Math.c,356 :: 		
0x01F6	0xBE0A      	BTFSC       R10, 7, 0
;__Lib_Math.c,357 :: 		
0x01F8	0xD01F      	BRA         $+64
;__Lib_Math.c,358 :: 		
0x01FA	0x5004      	MOVF        R4, 0, 0
;__Lib_Math.c,359 :: 		
0x01FC	0x5E08      	SUBWF       R8, 1, 0
;__Lib_Math.c,360 :: 		
0x01FE	0x3600      	RLCF        R0, 1, 0
;__Lib_Math.c,361 :: 		
0x0200	0x3400      	RLCF        R0, 0, 0
;__Lib_Math.c,362 :: 		
0x0202	0x3608      	RLCF        R8, 1, 0
;__Lib_Math.c,363 :: 		
0x0204	0x5004      	MOVF        R4, 0, 0
;__Lib_Math.c,364 :: 		
0x0206	0x2608      	ADDWF       R8, 1, 0
;__Lib_Math.c,365 :: 		
0x0208	0x3600      	RLCF        R0, 1, 0
;__Lib_Math.c,366 :: 		
0x020A	0x0E06      	MOVLW       6
;__Lib_Math.c,367 :: 		
0x020C	0x6E0C      	MOVWF       R12, 0
;__Lib_Math.c,368 :: 		
0x020E	0x3400      	RLCF        R0, 0, 0
;__Lib_Math.c,369 :: 		
0x0210	0x3608      	RLCF        R8, 1, 0
;__Lib_Math.c,370 :: 		
0x0212	0x5004      	MOVF        R4, 0, 0
;__Lib_Math.c,371 :: 		
0x0214	0xB000      	BTFSC       R0, 0, 0
;__Lib_Math.c,372 :: 		
0x0216	0x5E08      	SUBWF       R8, 1, 0
;__Lib_Math.c,373 :: 		
0x0218	0xA000      	BTFSS       R0, 0, 0
;__Lib_Math.c,374 :: 		
0x021A	0x2608      	ADDWF       R8, 1, 0
;__Lib_Math.c,375 :: 		
0x021C	0x3600      	RLCF        R0, 1, 0
;__Lib_Math.c,376 :: 		
0x021E	0x2E0C      	DECFSZ      R12, 1, 0
;__Lib_Math.c,377 :: 		
0x0220	0xD7F6      	BRA         $-18
;__Lib_Math.c,378 :: 		
0x0222	0xA000      	BTFSS       R0, 0, 0
;__Lib_Math.c,379 :: 		
0x0224	0x2608      	ADDWF       R8, 1, 0
;__Lib_Math.c,380 :: 		
0x0226	0xB00B      	BTFSC       R11, 0, 0
;__Lib_Math.c,381 :: 		
0x0228	0xD015      	BRA         $+44
;__Lib_Math.c,382 :: 		
0x022A	0xAE0D      	BTFSS       R13, 7, 0
;__Lib_Math.c,383 :: 		
0x022C	0x0C00      	RETLW       0
;__Lib_Math.c,384 :: 		
0x022E	0x1E00      	COMF        R0, 1, 0
;__Lib_Math.c,385 :: 		
0x0230	0x2A00      	INCF        R0, 1, 0
;__Lib_Math.c,386 :: 		
0x0232	0x1E08      	COMF        R8, 1, 0
;__Lib_Math.c,387 :: 		
0x0234	0x2A08      	INCF        R8, 1, 0
;__Lib_Math.c,388 :: 		
0x0236	0x0C00      	RETLW       0
;__Lib_Math.c,389 :: 		
0x0238	0xAE04      	BTFSS       R4, 7, 0
;__Lib_Math.c,390 :: 		
0x023A	0xD009      	BRA         $+20
;__Lib_Math.c,391 :: 		
0x023C	0xBE00      	BTFSC       R0, 7, 0
;__Lib_Math.c,392 :: 		
0x023E	0xD004      	BRA         $+10
;__Lib_Math.c,393 :: 		
0x0240	0x5000      	MOVF        R0, 0, 0
;__Lib_Math.c,394 :: 		
0x0242	0x6E08      	MOVWF       R8, 0
;__Lib_Math.c,395 :: 		
0x0244	0x6A00      	CLRF        R0, 0
;__Lib_Math.c,396 :: 		
0x0246	0xD7F1      	BRA         $-28
;__Lib_Math.c,397 :: 		
0x0248	0x6A00      	CLRF        R0, 0
;__Lib_Math.c,398 :: 		
0x024A	0x2A00      	INCF        R0, 1, 0
;__Lib_Math.c,399 :: 		
0x024C	0x0C00      	RETLW       0
;__Lib_Math.c,400 :: 		
0x024E	0x1E00      	COMF        R0, 1, 0
;__Lib_Math.c,401 :: 		
0x0250	0x2A0B      	INCF        R11, 1, 0
;__Lib_Math.c,402 :: 		
0x0252	0xD7D3      	BRA         $-88
;__Lib_Math.c,403 :: 		
0x0254	0x2A08      	INCF        R8, 1, 0
;__Lib_Math.c,404 :: 		
0x0256	0x5004      	MOVF        R4, 0, 0
;__Lib_Math.c,405 :: 		
0x0258	0x5C08      	SUBWF       R8, 0, 0
;__Lib_Math.c,406 :: 		
0x025A	0xA4D8      	BTFSS       STATUS, 2, 0
;__Lib_Math.c,407 :: 		
0x025C	0xD7E6      	BRA         $-50
;__Lib_Math.c,408 :: 		
0x025E	0x6A08      	CLRF        R8, 0
;__Lib_Math.c,409 :: 		
0x0260	0x2A00      	INCF        R0, 1, 0
;__Lib_Math.c,410 :: 		
0x0262	0xAE00      	BTFSS       R0, 7, 0
;__Lib_Math.c,411 :: 		
0x0264	0xD7E2      	BRA         $-58
;__Lib_Math.c,412 :: 		
0x0266	0x0CFF      	RETLW       255
;__Lib_Math.c,414 :: 		
L_end_Div_8X8_S:
0x0268	0x0012      	RETURN      0
; end of _Div_8X8_S
_Delay_22us:
;__Lib_Delays.c,15 :: 		void Delay_22us() {
;__Lib_Delays.c,16 :: 		Delay_us(22);
0x026A	0x0E0E      	MOVLW       14
0x026C	0x6E0D      	MOVWF       R13, 0
L_Delay_22us1:
0x026E	0x2E0D      	DECFSZ      R13, 1, 0
0x0270	0xD7FE      	BRA         L_Delay_22us1
0x0272	0x0000      	NOP
;__Lib_Delays.c,17 :: 		}
L_end_Delay_22us:
0x0274	0x0012      	RETURN      0
; end of _Delay_22us
_Mul_32x32_FP:
;__Lib_MathDouble.c,1130 :: 		
;__Lib_MathDouble.c,1148 :: 		
0x0276	0x6A08      	CLRF        R8, 0
;__Lib_MathDouble.c,1149 :: 		
0x0278	0x6A09      	CLRF        R9, 0
;__Lib_MathDouble.c,1151 :: 		
0x027A	0x0E00      	MOVLW       0
;__Lib_MathDouble.c,1152 :: 		
0x027C	0x6207      	CPFSEQ      R7, 0
;__Lib_MathDouble.c,1153 :: 		
0x027E	0x6403      	CPFSGT      R3, 0
;__Lib_MathDouble.c,1154 :: 		
0x0280	0xF001EFC0  	GOTO        MULJPRES032
;__Lib_MathDouble.c,1157 :: 		
0x0284	0x5002      	MOVF        R2, 0, 0
;__Lib_MathDouble.c,1158 :: 		
0x0286	0x1806      	XORWF       R6, 0, 0
;__Lib_MathDouble.c,1159 :: 		
0x0288	0x6E0A      	MOVWF       R10, 0
;__Lib_MathDouble.c,1161 :: 		
0x028A	0x5007      	MOVF        R7, 0, 0
;__Lib_MathDouble.c,1162 :: 		
0x028C	0x2603      	ADDWF       R3, 1, 0
;__Lib_MathDouble.c,1163 :: 		
0x028E	0x0E7E      	MOVLW       126
;__Lib_MathDouble.c,1164 :: 		
0x0290	0xA0D8      	BTFSS       STATUS, 0, 0
;__Lib_MathDouble.c,1165 :: 		
0x0292	0xF001EF51  	GOTO        MTUN32
;__Lib_MathDouble.c,1167 :: 		
0x0296	0x5E03      	SUBWF       R3, 1, 0
;__Lib_MathDouble.c,1168 :: 		
0x0298	0xB0D8      	BTFSC       STATUS, 0, 0
;__Lib_MathDouble.c,1169 :: 		
0x029A	0xF001EFC4  	GOTO        MULJPSETFOV32
;__Lib_MathDouble.c,1170 :: 		
0x029E	0xF001EF55  	GOTO        MOK32
;__Lib_MathDouble.c,1172 :: 		
MTUN32:
;__Lib_MathDouble.c,1173 :: 		
0x02A2	0x5E03      	SUBWF       R3, 1, 0
;__Lib_MathDouble.c,1174 :: 		
0x02A4	0xA0D8      	BTFSS       STATUS, 0, 0
;__Lib_MathDouble.c,1175 :: 		
0x02A6	0xF001EFC8  	GOTO        MULJPSETFUN32
;__Lib_MathDouble.c,1177 :: 		
MOK32:
;__Lib_MathDouble.c,1178 :: 		
0x02AA	0x8E02      	BSF         R2, 7, 0
;__Lib_MathDouble.c,1179 :: 		
0x02AC	0x8E06      	BSF         R6, 7, 0
;__Lib_MathDouble.c,1181 :: 		
0x02AE	0xF00EC002  	MOVFF       R2, R14
;__Lib_MathDouble.c,1182 :: 		
0x02B2	0xF00BC001  	MOVFF       R1, R11
;__Lib_MathDouble.c,1183 :: 		
0x02B6	0xF00DC000  	MOVFF       R0, R13
;__Lib_MathDouble.c,1185 :: 		
0x02BA	0x5000      	MOVF        R0, 0, 0
;__Lib_MathDouble.c,1186 :: 		
0x02BC	0x0204      	MULWF       R4, 0
;__Lib_MathDouble.c,1187 :: 		
0x02BE	0xF00CCFF4  	MOVFF       PRODH, R12
;__Lib_MathDouble.c,1189 :: 		
0x02C2	0x5001      	MOVF        R1, 0, 0
;__Lib_MathDouble.c,1190 :: 		
0x02C4	0x0205      	MULWF       R5, 0
;__Lib_MathDouble.c,1191 :: 		
0x02C6	0xF000CFF4  	MOVFF       PRODH, R0
;__Lib_MathDouble.c,1192 :: 		
0x02CA	0xF008CFF3  	MOVFF       PRODL, R8
;__Lib_MathDouble.c,1194 :: 		
0x02CE	0x0204      	MULWF       R4, 0
;__Lib_MathDouble.c,1195 :: 		
0x02D0	0x50F3      	MOVF        PRODL, 0, 0
;__Lib_MathDouble.c,1196 :: 		
0x02D2	0x260C      	ADDWF       R12, 1, 0
;__Lib_MathDouble.c,1197 :: 		
0x02D4	0x50F4      	MOVF        PRODH, 0, 0
;__Lib_MathDouble.c,1198 :: 		
0x02D6	0x2208      	ADDWFC      R8, 1, 0
;__Lib_MathDouble.c,1199 :: 		
0x02D8	0x0E00      	MOVLW       0
;__Lib_MathDouble.c,1200 :: 		
0x02DA	0x2200      	ADDWFC      R0, 1, 0
;__Lib_MathDouble.c,1202 :: 		
0x02DC	0x500D      	MOVF        R13, 0, 0
;__Lib_MathDouble.c,1203 :: 		
0x02DE	0x0205      	MULWF       R5, 0
;__Lib_MathDouble.c,1204 :: 		
0x02E0	0x50F3      	MOVF        PRODL, 0, 0
;__Lib_MathDouble.c,1205 :: 		
0x02E2	0x260C      	ADDWF       R12, 1, 0
;__Lib_MathDouble.c,1206 :: 		
0x02E4	0x50F4      	MOVF        PRODH, 0, 0
;__Lib_MathDouble.c,1207 :: 		
0x02E6	0x2208      	ADDWFC      R8, 1, 0
;__Lib_MathDouble.c,1208 :: 		
0x02E8	0x0E00      	MOVLW       0
;__Lib_MathDouble.c,1209 :: 		
0x02EA	0x2200      	ADDWFC      R0, 1, 0
;__Lib_MathDouble.c,1211 :: 		
0x02EC	0x5002      	MOVF        R2, 0, 0
;__Lib_MathDouble.c,1212 :: 		
0x02EE	0x0204      	MULWF       R4, 0
;__Lib_MathDouble.c,1213 :: 		
0x02F0	0x50F3      	MOVF        PRODL, 0, 0
;__Lib_MathDouble.c,1214 :: 		
0x02F2	0x2608      	ADDWF       R8, 1, 0
;__Lib_MathDouble.c,1215 :: 		
0x02F4	0x50F4      	MOVF        PRODH, 0, 0
;__Lib_MathDouble.c,1216 :: 		
0x02F6	0x2200      	ADDWFC      R0, 1, 0
;__Lib_MathDouble.c,1217 :: 		
0x02F8	0x5002      	MOVF        R2, 0, 0
;__Lib_MathDouble.c,1218 :: 		
0x02FA	0x0205      	MULWF       R5, 0
;__Lib_MathDouble.c,1219 :: 		
0x02FC	0x6A01      	CLRF        R1, 0
;__Lib_MathDouble.c,1220 :: 		
0x02FE	0x0E00      	MOVLW       0
;__Lib_MathDouble.c,1221 :: 		
0x0300	0x2201      	ADDWFC      R1, 1, 0
;__Lib_MathDouble.c,1222 :: 		
0x0302	0x50F3      	MOVF        PRODL, 0, 0
;__Lib_MathDouble.c,1223 :: 		
0x0304	0x2600      	ADDWF       R0, 1, 0
;__Lib_MathDouble.c,1224 :: 		
0x0306	0x50F4      	MOVF        PRODH, 0, 0
;__Lib_MathDouble.c,1225 :: 		
0x0308	0x2201      	ADDWFC      R1, 1, 0
;__Lib_MathDouble.c,1227 :: 		
0x030A	0x500D      	MOVF        R13, 0, 0
;__Lib_MathDouble.c,1228 :: 		
0x030C	0x0206      	MULWF       R6, 0
;__Lib_MathDouble.c,1229 :: 		
0x030E	0x50F3      	MOVF        PRODL, 0, 0
;__Lib_MathDouble.c,1230 :: 		
0x0310	0x2608      	ADDWF       R8, 1, 0
;__Lib_MathDouble.c,1231 :: 		
0x0312	0x50F4      	MOVF        PRODH, 0, 0
;__Lib_MathDouble.c,1232 :: 		
0x0314	0x2200      	ADDWFC      R0, 1, 0
;__Lib_MathDouble.c,1233 :: 		
0x0316	0x6A02      	CLRF        R2, 0
;__Lib_MathDouble.c,1234 :: 		
0x0318	0x0E00      	MOVLW       0
;__Lib_MathDouble.c,1235 :: 		
0x031A	0x2201      	ADDWFC      R1, 1, 0
;__Lib_MathDouble.c,1236 :: 		
0x031C	0x2202      	ADDWFC      R2, 1, 0
;__Lib_MathDouble.c,1238 :: 		
0x031E	0x500B      	MOVF        R11, 0, 0
;__Lib_MathDouble.c,1239 :: 		
0x0320	0x0206      	MULWF       R6, 0
;__Lib_MathDouble.c,1240 :: 		
0x0322	0x50F3      	MOVF        PRODL, 0, 0
;__Lib_MathDouble.c,1241 :: 		
0x0324	0x2600      	ADDWF       R0, 1, 0
;__Lib_MathDouble.c,1242 :: 		
0x0326	0x50F4      	MOVF        PRODH, 0, 0
;__Lib_MathDouble.c,1243 :: 		
0x0328	0x2201      	ADDWFC      R1, 1, 0
;__Lib_MathDouble.c,1244 :: 		
0x032A	0x0E00      	MOVLW       0
;__Lib_MathDouble.c,1245 :: 		
0x032C	0x2202      	ADDWFC      R2, 1, 0
;__Lib_MathDouble.c,1247 :: 		
0x032E	0x500E      	MOVF        R14, 0, 0
;__Lib_MathDouble.c,1248 :: 		
0x0330	0x0206      	MULWF       R6, 0
;__Lib_MathDouble.c,1249 :: 		
0x0332	0x50F3      	MOVF        PRODL, 0, 0
;__Lib_MathDouble.c,1250 :: 		
0x0334	0x2601      	ADDWF       R1, 1, 0
;__Lib_MathDouble.c,1251 :: 		
0x0336	0x50F4      	MOVF        PRODH, 0, 0
;__Lib_MathDouble.c,1252 :: 		
0x0338	0x2202      	ADDWFC      R2, 1, 0
;__Lib_MathDouble.c,1254 :: 		
0x033A	0xBE02      	BTFSC       R2, 7, 0
;__Lib_MathDouble.c,1255 :: 		
0x033C	0xF001EFA8  	GOTO        MROUND32
;__Lib_MathDouble.c,1256 :: 		
0x0340	0x3608      	RLCF        R8, 1, 0
;__Lib_MathDouble.c,1257 :: 		
0x0342	0x3600      	RLCF        R0, 1, 0
;__Lib_MathDouble.c,1258 :: 		
0x0344	0x3601      	RLCF        R1, 1, 0
;__Lib_MathDouble.c,1259 :: 		
0x0346	0x3602      	RLCF        R2, 1, 0
;__Lib_MathDouble.c,1260 :: 		
0x0348	0x0603      	DECF        R3, 1, 0
;__Lib_MathDouble.c,1261 :: 		
0x034A	0xB4D8      	BTFSC       STATUS, 2, 0
;__Lib_MathDouble.c,1262 :: 		
0x034C	0xF001EFC8  	GOTO        MULJPSETFUN32
;__Lib_MathDouble.c,1264 :: 		
MROUND32:
;__Lib_MathDouble.c,1267 :: 		
0x0350	0xF001EFBB  	GOTO        MUL32OK
;__Lib_MathDouble.c,1268 :: 		
0x0354	0x80D8      	BSF         STATUS, 0, 0
;__Lib_MathDouble.c,1269 :: 		
0x0356	0x0E80      	MOVLW       128
;__Lib_MathDouble.c,1270 :: 		
0x0358	0x6408      	CPFSGT      R8, 0
;__Lib_MathDouble.c,1271 :: 		
0x035A	0x3000      	RRCF        R0, 0, 0
;__Lib_MathDouble.c,1272 :: 		
0x035C	0x0E00      	MOVLW       0
;__Lib_MathDouble.c,1273 :: 		
0x035E	0x2200      	ADDWFC      R0, 1, 0
;__Lib_MathDouble.c,1274 :: 		
0x0360	0x2201      	ADDWFC      R1, 1, 0
;__Lib_MathDouble.c,1275 :: 		
0x0362	0x2202      	ADDWFC      R2, 1, 0
;__Lib_MathDouble.c,1277 :: 		
0x0364	0xA0D8      	BTFSS       STATUS, 0, 0
;__Lib_MathDouble.c,1278 :: 		
0x0366	0xF001EFBB  	GOTO        MUL32OK
;__Lib_MathDouble.c,1279 :: 		
0x036A	0x3202      	RRCF        R2, 1, 0
;__Lib_MathDouble.c,1280 :: 		
0x036C	0x3201      	RRCF        R1, 1, 0
;__Lib_MathDouble.c,1281 :: 		
0x036E	0x3200      	RRCF        R0, 1, 0
;__Lib_MathDouble.c,1282 :: 		
0x0370	0x4A03      	INFSNZ      R3, 1, 0
;__Lib_MathDouble.c,1283 :: 		
0x0372	0xF001EFC4  	GOTO        MULJPSETFOV32
;__Lib_MathDouble.c,1285 :: 		
MUL32OK:
;__Lib_MathDouble.c,1286 :: 		
0x0376	0xAE0A      	BTFSS       R10, 7, 0
;__Lib_MathDouble.c,1287 :: 		
0x0378	0x9E02      	BCF         R2, 7, 0
;__Lib_MathDouble.c,1289 :: 		
0x037A	0x0E00      	MOVLW       0
;__Lib_MathDouble.c,1290 :: 		
0x037C	0xF001EFCA  	GOTO        MULEEE
;__Lib_MathDouble.c,1291 :: 		
MULJPRES032:
;__Lib_MathDouble.c,1292 :: 		
0x0380	0x0E01      	MOVLW       1
;__Lib_MathDouble.c,1295 :: 		
0x0382	0xDEAE      	RCALL       _RES032
;__Lib_MathDouble.c,1297 :: 		
0x0384	0xF001EFCA  	GOTO        MULEEE
;__Lib_MathDouble.c,1298 :: 		
MULJPSETFOV32:
;__Lib_MathDouble.c,1299 :: 		
0x0388	0x0E02      	MOVLW       2
;__Lib_MathDouble.c,1302 :: 		
0x038A	0xDEB1      	RCALL       _SETFOV32
;__Lib_MathDouble.c,1304 :: 		
0x038C	0xF001EFCA  	GOTO        MULEEE
;__Lib_MathDouble.c,1305 :: 		
MULJPSETFUN32:
;__Lib_MathDouble.c,1306 :: 		
0x0390	0x0E04      	MOVLW       4
;__Lib_MathDouble.c,1309 :: 		
0x0392	0xDE57      	RCALL       _SETFUN32
;__Lib_MathDouble.c,1311 :: 		
MULEEE:
;__Lib_MathDouble.c,1318 :: 		
L_end_Mul_32x32_FP:
0x0394	0x0012      	RETURN      0
; end of _Mul_32x32_FP
_Lcd_Chr_CP:
;__Lib_Lcd.c,50 :: 		
;__Lib_Lcd.c,52 :: 		
0x0396	0x903D      	BCF         __Lib_Lcd_cmd_status, BitPos(__Lib_Lcd_cmd_status+0) 
;__Lib_Lcd.c,53 :: 		
0x0398	0xF050C04C  	MOVFF       FARG_Lcd_Chr_CP_out_char, FARG_Lcd_Cmd_out_char
0x039C	0xDE63      	RCALL       _Lcd_Cmd
;__Lib_Lcd.c,54 :: 		
0x039E	0x803D      	BSF         __Lib_Lcd_cmd_status, BitPos(__Lib_Lcd_cmd_status+0) 
;__Lib_Lcd.c,55 :: 		
L_end_Lcd_Chr_CP:
0x03A0	0x0012      	RETURN      0
; end of _Lcd_Chr_CP
_Compare_Double:
;__Lib_MathDouble.c,2518 :: 		
;__Lib_MathDouble.c,2529 :: 		
0x03A2	0x6A0A      	CLRF        R10, 0
;__Lib_MathDouble.c,2530 :: 		
0x03A4	0x5003      	MOVF        R3, 0, 0
;__Lib_MathDouble.c,2531 :: 		
0x03A6	0xA4D8      	BTFSS       STATUS, 2, 0
;__Lib_MathDouble.c,2532 :: 		
0x03A8	0x800A      	BSF         R10, 0, 0
;__Lib_MathDouble.c,2533 :: 		
0x03AA	0x5007      	MOVF        R7, 0, 0
;__Lib_MathDouble.c,2534 :: 		
0x03AC	0xA4D8      	BTFSS       STATUS, 2, 0
;__Lib_MathDouble.c,2535 :: 		
0x03AE	0x820A      	BSF         R10, 1, 0
;__Lib_MathDouble.c,2537 :: 		
0x03B0	0x500A      	MOVF        R10, 0, 0
;__Lib_MathDouble.c,2538 :: 		
0x03B2	0xB4D8      	BTFSC       STATUS, 2, 0
;__Lib_MathDouble.c,2539 :: 		
0x03B4	0xF002EF34  	GOTO        COMPARE_EQU
;__Lib_MathDouble.c,2540 :: 		
0x03B8	0x0A03      	XORLW       3
;__Lib_MathDouble.c,2541 :: 		
0x03BA	0xB4D8      	BTFSC       STATUS, 2, 0
;__Lib_MathDouble.c,2542 :: 		
0x03BC	0xF001EFED  	GOTO        COMPARE_NOTZERO
;__Lib_MathDouble.c,2544 :: 		
0x03C0	0xB00A      	BTFSC       R10, 0, 0
;__Lib_MathDouble.c,2545 :: 		
0x03C2	0xF001EFE8  	GOTO        COMPARE_XNOTZERO
;__Lib_MathDouble.c,2547 :: 		
0x03C6	0xAE06      	BTFSS       R6, 7, 0
;__Lib_MathDouble.c,2548 :: 		
0x03C8	0xF002EF32  	GOTO        COMPARE_LT
;__Lib_MathDouble.c,2549 :: 		
0x03CC	0xF002EF30  	GOTO        COMPARE_GT
;__Lib_MathDouble.c,2550 :: 		
COMPARE_XNOTZERO:
;__Lib_MathDouble.c,2551 :: 		
0x03D0	0xAE02      	BTFSS       R2, 7, 0
;__Lib_MathDouble.c,2552 :: 		
0x03D2	0xF002EF30  	GOTO        COMPARE_GT
;__Lib_MathDouble.c,2553 :: 		
0x03D6	0xF002EF32  	GOTO        COMPARE_LT
;__Lib_MathDouble.c,2555 :: 		
COMPARE_NOTZERO:
;__Lib_MathDouble.c,2556 :: 		
0x03DA	0x5002      	MOVF        R2, 0, 0
;__Lib_MathDouble.c,2557 :: 		
0x03DC	0x0B80      	ANDLW       128
;__Lib_MathDouble.c,2558 :: 		
0x03DE	0x6E0A      	MOVWF       R10, 0
;__Lib_MathDouble.c,2559 :: 		
0x03E0	0x9E02      	BCF         R2, 7, 0
;__Lib_MathDouble.c,2561 :: 		
0x03E2	0x5006      	MOVF        R6, 0, 0
;__Lib_MathDouble.c,2562 :: 		
0x03E4	0x0B80      	ANDLW       128
;__Lib_MathDouble.c,2563 :: 		
0x03E6	0x9E06      	BCF         R6, 7, 0
;__Lib_MathDouble.c,2565 :: 		
0x03E8	0x180A      	XORWF       R10, 0, 0
;__Lib_MathDouble.c,2566 :: 		
0x03EA	0xB4D8      	BTFSC       STATUS, 2, 0
;__Lib_MathDouble.c,2567 :: 		
0x03EC	0xF001EFFE  	GOTO        COMPARE_TESTALL
;__Lib_MathDouble.c,2569 :: 		
0x03F0	0x500A      	MOVF        R10, 0, 0
;__Lib_MathDouble.c,2570 :: 		
0x03F2	0xB4D8      	BTFSC       STATUS, 2, 0
;__Lib_MathDouble.c,2571 :: 		
0x03F4	0xF002EF30  	GOTO        COMPARE_GT
;__Lib_MathDouble.c,2572 :: 		
0x03F8	0xF002EF32  	GOTO        COMPARE_LT
;__Lib_MathDouble.c,2574 :: 		
COMPARE_TESTALL:
;__Lib_MathDouble.c,2575 :: 		
0x03FC	0x5007      	MOVF        R7, 0, 0
;__Lib_MathDouble.c,2576 :: 		
0x03FE	0x5C03      	SUBWF       R3, 0, 0
;__Lib_MathDouble.c,2577 :: 		
0x0400	0xB4D8      	BTFSC       STATUS, 2, 0
;__Lib_MathDouble.c,2578 :: 		
0x0402	0xF002EF08  	GOTO        COMPARE_C1
;__Lib_MathDouble.c,2579 :: 		
0x0406	0xA0D8      	BTFSS       STATUS, 0, 0
;__Lib_MathDouble.c,2580 :: 		
0x0408	0xF002EF24  	GOTO        GT_FALSE
;__Lib_MathDouble.c,2581 :: 		
0x040C	0xF002EF2A  	GOTO        GT_TRUE
;__Lib_MathDouble.c,2582 :: 		
COMPARE_C1:
;__Lib_MathDouble.c,2583 :: 		
0x0410	0x5006      	MOVF        R6, 0, 0
;__Lib_MathDouble.c,2584 :: 		
0x0412	0x5C02      	SUBWF       R2, 0, 0
;__Lib_MathDouble.c,2585 :: 		
0x0414	0xB4D8      	BTFSC       STATUS, 2, 0
;__Lib_MathDouble.c,2586 :: 		
0x0416	0xF002EF12  	GOTO        COMPARE_C2
;__Lib_MathDouble.c,2587 :: 		
0x041A	0xA0D8      	BTFSS       STATUS, 0, 0
;__Lib_MathDouble.c,2588 :: 		
0x041C	0xF002EF24  	GOTO        GT_FALSE
;__Lib_MathDouble.c,2589 :: 		
0x0420	0xF002EF2A  	GOTO        GT_TRUE
;__Lib_MathDouble.c,2590 :: 		
COMPARE_C2:
;__Lib_MathDouble.c,2591 :: 		
0x0424	0x5005      	MOVF        R5, 0, 0
;__Lib_MathDouble.c,2592 :: 		
0x0426	0x5C01      	SUBWF       R1, 0, 0
;__Lib_MathDouble.c,2593 :: 		
0x0428	0xB4D8      	BTFSC       STATUS, 2, 0
;__Lib_MathDouble.c,2594 :: 		
0x042A	0xF002EF1C  	GOTO        COMPARE_C3
;__Lib_MathDouble.c,2595 :: 		
0x042E	0xA0D8      	BTFSS       STATUS, 0, 0
;__Lib_MathDouble.c,2596 :: 		
0x0430	0xF002EF24  	GOTO        GT_FALSE
;__Lib_MathDouble.c,2597 :: 		
0x0434	0xF002EF2A  	GOTO        GT_TRUE
;__Lib_MathDouble.c,2598 :: 		
COMPARE_C3:
;__Lib_MathDouble.c,2599 :: 		
0x0438	0x5004      	MOVF        R4, 0, 0
;__Lib_MathDouble.c,2600 :: 		
0x043A	0x5C00      	SUBWF       R0, 0, 0
;__Lib_MathDouble.c,2601 :: 		
0x043C	0xB4D8      	BTFSC       STATUS, 2, 0
;__Lib_MathDouble.c,2602 :: 		
0x043E	0xF002EF34  	GOTO        COMPARE_EQU
;__Lib_MathDouble.c,2603 :: 		
0x0442	0xB0D8      	BTFSC       STATUS, 0, 0
;__Lib_MathDouble.c,2604 :: 		
0x0444	0xF002EF2A  	GOTO        GT_TRUE
;__Lib_MathDouble.c,2606 :: 		
GT_FALSE:
;__Lib_MathDouble.c,2607 :: 		
0x0448	0x520A      	MOVF        R10, 1, 0
;__Lib_MathDouble.c,2608 :: 		
0x044A	0xB4D8      	BTFSC       STATUS, 2, 0
;__Lib_MathDouble.c,2609 :: 		
0x044C	0xF002EF32  	GOTO        COMPARE_LT
;__Lib_MathDouble.c,2610 :: 		
0x0450	0xF002EF30  	GOTO        COMPARE_GT
;__Lib_MathDouble.c,2611 :: 		
GT_TRUE:
;__Lib_MathDouble.c,2612 :: 		
0x0454	0x520A      	MOVF        R10, 1, 0
;__Lib_MathDouble.c,2613 :: 		
0x0456	0xB4D8      	BTFSC       STATUS, 2, 0
;__Lib_MathDouble.c,2614 :: 		
0x0458	0xF002EF30  	GOTO        COMPARE_GT
;__Lib_MathDouble.c,2615 :: 		
0x045C	0xF002EF32  	GOTO        COMPARE_LT
;__Lib_MathDouble.c,2617 :: 		
COMPARE_GT:
;__Lib_MathDouble.c,2620 :: 		
0x0460	0x80D8      	BSF         STATUS, 0, 0
;__Lib_MathDouble.c,2621 :: 		
0x0462	0x0012      	RETURN      0
;__Lib_MathDouble.c,2622 :: 		
COMPARE_LT:
;__Lib_MathDouble.c,2625 :: 		
0x0464	0x90D8      	BCF         STATUS, 0, 0
;__Lib_MathDouble.c,2626 :: 		
0x0466	0x0012      	RETURN      0
;__Lib_MathDouble.c,2627 :: 		
COMPARE_EQU:
;__Lib_MathDouble.c,2630 :: 		
0x0468	0x80D8      	BSF         STATUS, 0, 0
;__Lib_MathDouble.c,2631 :: 		
0x046A	0x84D8      	BSF         STATUS, 2, 0
;__Lib_MathDouble.c,2632 :: 		
0x046C	0x0012      	RETURN      0
;__Lib_MathDouble.c,2634 :: 		
L_end_Compare_Double:
0x046E	0x0012      	RETURN      0
; end of _Compare_Double
_Lcd_Init:
;__Lib_Lcd.c,84 :: 		
;__Lib_Lcd.c,86 :: 		
0x0470	0x9A93      	BCF         LCD_EN_Direction, BitPos(LCD_EN_Direction+0) 
;__Lib_Lcd.c,87 :: 		
0x0472	0x9893      	BCF         LCD_RS_Direction, BitPos(LCD_RS_Direction+0) 
;__Lib_Lcd.c,88 :: 		
0x0474	0x9093      	BCF         LCD_D4_Direction, BitPos(LCD_D4_Direction+0) 
;__Lib_Lcd.c,89 :: 		
0x0476	0x9293      	BCF         LCD_D5_Direction, BitPos(LCD_D5_Direction+0) 
;__Lib_Lcd.c,90 :: 		
0x0478	0x9493      	BCF         LCD_D6_Direction, BitPos(LCD_D6_Direction+0) 
;__Lib_Lcd.c,91 :: 		
0x047A	0x9693      	BCF         LCD_D7_Direction, BitPos(LCD_D7_Direction+0) 
;__Lib_Lcd.c,93 :: 		
0x047C	0x9A81      	BCF         LCD_EN, BitPos(LCD_EN+0) 
;__Lib_Lcd.c,94 :: 		
0x047E	0x9881      	BCF         LCD_RS, BitPos(LCD_RS+0) 
;__Lib_Lcd.c,95 :: 		
0x0480	0x9681      	BCF         LCD_D7, BitPos(LCD_D7+0) 
;__Lib_Lcd.c,96 :: 		
0x0482	0x9481      	BCF         LCD_D6, BitPos(LCD_D6+0) 
;__Lib_Lcd.c,97 :: 		
0x0484	0x9281      	BCF         LCD_D5, BitPos(LCD_D5+0) 
;__Lib_Lcd.c,98 :: 		
0x0486	0x9081      	BCF         LCD_D4, BitPos(LCD_D4+0) 
;__Lib_Lcd.c,100 :: 		
0x0488	0xDDC9      	RCALL       _Delay_5500us
;__Lib_Lcd.c,101 :: 		
0x048A	0xDDC8      	RCALL       _Delay_5500us
;__Lib_Lcd.c,102 :: 		
0x048C	0xDDC7      	RCALL       _Delay_5500us
;__Lib_Lcd.c,105 :: 		
0x048E	0x8281      	BSF         LCD_D5, BitPos(LCD_D5+0) 
;__Lib_Lcd.c,106 :: 		
0x0490	0x8081      	BSF         LCD_D4, BitPos(LCD_D4+0) 
;__Lib_Lcd.c,107 :: 		
0x0492	0x8A81      	BSF         LCD_EN, BitPos(LCD_EN+0) 
;__Lib_Lcd.c,108 :: 		
0x0494	0xDDD3      	RCALL       _Delay_1us
;__Lib_Lcd.c,109 :: 		
0x0496	0x9A81      	BCF         LCD_EN, BitPos(LCD_EN+0) 
;__Lib_Lcd.c,110 :: 		
0x0498	0xDDC1      	RCALL       _Delay_5500us
;__Lib_Lcd.c,112 :: 		
0x049A	0x8A81      	BSF         LCD_EN, BitPos(LCD_EN+0) 
;__Lib_Lcd.c,113 :: 		
0x049C	0xDDCF      	RCALL       _Delay_1us
;__Lib_Lcd.c,114 :: 		
0x049E	0x9A81      	BCF         LCD_EN, BitPos(LCD_EN+0) 
;__Lib_Lcd.c,115 :: 		
0x04A0	0xDDBD      	RCALL       _Delay_5500us
;__Lib_Lcd.c,117 :: 		
0x04A2	0x8A81      	BSF         LCD_EN, BitPos(LCD_EN+0) 
;__Lib_Lcd.c,118 :: 		
0x04A4	0xDDCB      	RCALL       _Delay_1us
;__Lib_Lcd.c,119 :: 		
0x04A6	0x9A81      	BCF         LCD_EN, BitPos(LCD_EN+0) 
;__Lib_Lcd.c,120 :: 		
0x04A8	0xDDB9      	RCALL       _Delay_5500us
;__Lib_Lcd.c,123 :: 		
0x04AA	0x9081      	BCF         LCD_D4, BitPos(LCD_D4+0) 
;__Lib_Lcd.c,124 :: 		
0x04AC	0x8A81      	BSF         LCD_EN, BitPos(LCD_EN+0) 
;__Lib_Lcd.c,125 :: 		
0x04AE	0xDDC6      	RCALL       _Delay_1us
;__Lib_Lcd.c,126 :: 		
0x04B0	0x9A81      	BCF         LCD_EN, BitPos(LCD_EN+0) 
;__Lib_Lcd.c,127 :: 		
0x04B2	0xDDB4      	RCALL       _Delay_5500us
;__Lib_Lcd.c,130 :: 		
0x04B4	0x8A81      	BSF         LCD_EN, BitPos(LCD_EN+0) 
;__Lib_Lcd.c,131 :: 		
0x04B6	0xDDC2      	RCALL       _Delay_1us
;__Lib_Lcd.c,132 :: 		
0x04B8	0x9A81      	BCF         LCD_EN, BitPos(LCD_EN+0) 
;__Lib_Lcd.c,134 :: 		
0x04BA	0x9281      	BCF         LCD_D5, BitPos(LCD_D5+0) 
;__Lib_Lcd.c,135 :: 		
0x04BC	0x8681      	BSF         LCD_D7, BitPos(LCD_D7+0) 
;__Lib_Lcd.c,136 :: 		
0x04BE	0x8A81      	BSF         LCD_EN, BitPos(LCD_EN+0) 
;__Lib_Lcd.c,137 :: 		
0x04C0	0xDDBD      	RCALL       _Delay_1us
;__Lib_Lcd.c,138 :: 		
0x04C2	0x9A81      	BCF         LCD_EN, BitPos(LCD_EN+0) 
;__Lib_Lcd.c,139 :: 		
0x04C4	0xDDAB      	RCALL       _Delay_5500us
;__Lib_Lcd.c,142 :: 		
0x04C6	0x9681      	BCF         LCD_D7, BitPos(LCD_D7+0) 
;__Lib_Lcd.c,143 :: 		
0x04C8	0x8081      	BSF         LCD_D4, BitPos(LCD_D4+0) 
;__Lib_Lcd.c,144 :: 		
0x04CA	0x8A81      	BSF         LCD_EN, BitPos(LCD_EN+0) 
;__Lib_Lcd.c,145 :: 		
0x04CC	0xDDB7      	RCALL       _Delay_1us
;__Lib_Lcd.c,146 :: 		
0x04CE	0x9A81      	BCF         LCD_EN, BitPos(LCD_EN+0) 
;__Lib_Lcd.c,148 :: 		
0x04D0	0x9081      	BCF         LCD_D4, BitPos(LCD_D4+0) 
;__Lib_Lcd.c,149 :: 		
0x04D2	0x8A81      	BSF         LCD_EN, BitPos(LCD_EN+0) 
;__Lib_Lcd.c,150 :: 		
0x04D4	0xDDB3      	RCALL       _Delay_1us
;__Lib_Lcd.c,151 :: 		
0x04D6	0x9A81      	BCF         LCD_EN, BitPos(LCD_EN+0) 
;__Lib_Lcd.c,152 :: 		
0x04D8	0xDDA1      	RCALL       _Delay_5500us
;__Lib_Lcd.c,155 :: 		
0x04DA	0x8A81      	BSF         LCD_EN, BitPos(LCD_EN+0) 
;__Lib_Lcd.c,156 :: 		
0x04DC	0xDDAF      	RCALL       _Delay_1us
;__Lib_Lcd.c,157 :: 		
0x04DE	0x9A81      	BCF         LCD_EN, BitPos(LCD_EN+0) 
;__Lib_Lcd.c,159 :: 		
0x04E0	0x8081      	BSF         LCD_D4, BitPos(LCD_D4+0) 
;__Lib_Lcd.c,160 :: 		
0x04E2	0x8A81      	BSF         LCD_EN, BitPos(LCD_EN+0) 
;__Lib_Lcd.c,161 :: 		
0x04E4	0xDDAB      	RCALL       _Delay_1us
;__Lib_Lcd.c,162 :: 		
0x04E6	0x9A81      	BCF         LCD_EN, BitPos(LCD_EN+0) 
;__Lib_Lcd.c,163 :: 		
0x04E8	0xDD99      	RCALL       _Delay_5500us
;__Lib_Lcd.c,166 :: 		
0x04EA	0x9081      	BCF         LCD_D4, BitPos(LCD_D4+0) 
;__Lib_Lcd.c,167 :: 		
0x04EC	0x8A81      	BSF         LCD_EN, BitPos(LCD_EN+0) 
;__Lib_Lcd.c,168 :: 		
0x04EE	0xDDA6      	RCALL       _Delay_1us
;__Lib_Lcd.c,169 :: 		
0x04F0	0x9A81      	BCF         LCD_EN, BitPos(LCD_EN+0) 
;__Lib_Lcd.c,171 :: 		
0x04F2	0x8681      	BSF         LCD_D7, BitPos(LCD_D7+0) 
;__Lib_Lcd.c,172 :: 		
0x04F4	0x8481      	BSF         LCD_D6, BitPos(LCD_D6+0) 
;__Lib_Lcd.c,173 :: 		
0x04F6	0x8281      	BSF         LCD_D5, BitPos(LCD_D5+0) 
;__Lib_Lcd.c,174 :: 		
0x04F8	0x8081      	BSF         LCD_D4, BitPos(LCD_D4+0) 
;__Lib_Lcd.c,175 :: 		
0x04FA	0x8A81      	BSF         LCD_EN, BitPos(LCD_EN+0) 
;__Lib_Lcd.c,176 :: 		
0x04FC	0xDD9F      	RCALL       _Delay_1us
;__Lib_Lcd.c,177 :: 		
0x04FE	0x9A81      	BCF         LCD_EN, BitPos(LCD_EN+0) 
;__Lib_Lcd.c,179 :: 		
0x0500	0xDD8D      	RCALL       _Delay_5500us
;__Lib_Lcd.c,181 :: 		
0x0502	0x803D      	BSF         __Lib_Lcd_cmd_status, BitPos(__Lib_Lcd_cmd_status+0) 
;__Lib_Lcd.c,182 :: 		
L_end_Lcd_Init:
0x0504	0x0012      	RETURN      0
; end of _Lcd_Init
_ADC_Init:
;__Lib_ADC_K22_B.c,23 :: 		
;__Lib_ADC_K22_B.c,24 :: 		
0x0506	0x0E44      	MOVLW       _ADC_Get_Sample
0x0508	0x6E35      	MOVWF       _ADC_Get_Sample_Ptr 
0x050A	0x0E0B      	MOVLW       hi_addr(_ADC_Get_Sample)
0x050C	0x6E36      	MOVWF       _ADC_Get_Sample_Ptr+1 
0x050E	0x0E3E      	MOVLW       FARG_ADC_Get_Sample_channel
0x0510	0x6E37      	MOVWF       _ADC_Get_Sample_Ptr+2 
0x0512	0x0E00      	MOVLW       hi_addr(FARG_ADC_Get_Sample_channel)
0x0514	0x6E38      	MOVWF       _ADC_Get_Sample_Ptr+3 
;__Lib_ADC_K22_B.c,26 :: 		
0x0516	0x6AC2      	CLRF        ADCON0 
;__Lib_ADC_K22_B.c,27 :: 		
0x0518	0x1C21      	COMF        _vref_mask, 0 
0x051A	0x6E00      	MOVWF       R0 
0x051C	0x5000      	MOVF        R0, 0 
0x051E	0x16C1      	ANDWF       ADCON1, 1 
;__Lib_ADC_K22_B.c,28 :: 		
0x0520	0x0E0F      	MOVLW       15
0x0522	0x12C0      	IORWF       ADCON2, 1 
;__Lib_ADC_K22_B.c,29 :: 		
0x0524	0x8EC0      	BSF         ADCON2, 7 
;__Lib_ADC_K22_B.c,30 :: 		
0x0526	0x80C2      	BSF         ADCON0, 0 
;__Lib_ADC_K22_B.c,31 :: 		
L_end_ADC_Init:
0x0528	0x0012      	RETURN      0
; end of _ADC_Init
_Lcd_Out:
;__Lib_Lcd.c,184 :: 		
;__Lib_Lcd.c,187 :: 		
0x052A	0xD00F      	BRA         L_Lcd_Out11
;__Lib_Lcd.c,188 :: 		
L_Lcd_Out13:
0x052C	0x0E80      	MOVLW       128
0x052E	0x6E3E      	MOVWF       FARG_Lcd_Out_row 
0x0530	0xD019      	BRA         L_Lcd_Out12
;__Lib_Lcd.c,189 :: 		
L_Lcd_Out14:
0x0532	0x0EC0      	MOVLW       192
0x0534	0x6E3E      	MOVWF       FARG_Lcd_Out_row 
0x0536	0xD016      	BRA         L_Lcd_Out12
;__Lib_Lcd.c,190 :: 		
L_Lcd_Out15:
0x0538	0x0E94      	MOVLW       148
0x053A	0x6E3E      	MOVWF       FARG_Lcd_Out_row 
0x053C	0xD013      	BRA         L_Lcd_Out12
;__Lib_Lcd.c,191 :: 		
L_Lcd_Out16:
0x053E	0x0ED4      	MOVLW       212
0x0540	0x6E3E      	MOVWF       FARG_Lcd_Out_row 
0x0542	0xD010      	BRA         L_Lcd_Out12
;__Lib_Lcd.c,192 :: 		
L_Lcd_Out17:
0x0544	0x0E80      	MOVLW       128
0x0546	0x6E3E      	MOVWF       FARG_Lcd_Out_row 
;__Lib_Lcd.c,193 :: 		
0x0548	0xD00D      	BRA         L_Lcd_Out12
L_Lcd_Out11:
0x054A	0x503E      	MOVF        FARG_Lcd_Out_row, 0 
0x054C	0x0A01      	XORLW       1
0x054E	0xE0EE      	BZ          L_Lcd_Out13
0x0550	0x503E      	MOVF        FARG_Lcd_Out_row, 0 
0x0552	0x0A02      	XORLW       2
0x0554	0xE0EE      	BZ          L_Lcd_Out14
0x0556	0x503E      	MOVF        FARG_Lcd_Out_row, 0 
0x0558	0x0A03      	XORLW       3
0x055A	0xE0EE      	BZ          L_Lcd_Out15
0x055C	0x503E      	MOVF        FARG_Lcd_Out_row, 0 
0x055E	0x0A04      	XORLW       4
0x0560	0xE0EE      	BZ          L_Lcd_Out16
0x0562	0xD7F0      	BRA         L_Lcd_Out17
L_Lcd_Out12:
;__Lib_Lcd.c,194 :: 		
0x0564	0x043F      	DECF        FARG_Lcd_Out_column, 0 
0x0566	0x6E00      	MOVWF       R0 
0x0568	0x503E      	MOVF        FARG_Lcd_Out_row, 0 
0x056A	0x2600      	ADDWF       R0, 1 
0x056C	0xF03EC000  	MOVFF       R0, FARG_Lcd_Out_row
;__Lib_Lcd.c,196 :: 		
0x0570	0xF050C000  	MOVFF       R0, FARG_Lcd_Cmd_out_char
0x0574	0xDD77      	RCALL       _Lcd_Cmd
;__Lib_Lcd.c,197 :: 		
0x0576	0x903D      	BCF         __Lib_Lcd_cmd_status, BitPos(__Lib_Lcd_cmd_status+0) 
;__Lib_Lcd.c,198 :: 		
0x0578	0x6A42      	CLRF        Lcd_Out_i_L0 
;__Lib_Lcd.c,199 :: 		
L_Lcd_Out18:
0x057A	0x5042      	MOVF        Lcd_Out_i_L0, 0 
0x057C	0x2440      	ADDWF       FARG_Lcd_Out_text, 0 
0x057E	0x6EE9      	MOVWF       FSR0L 
0x0580	0x0E00      	MOVLW       0
0x0582	0x2041      	ADDWFC      FARG_Lcd_Out_text+1, 0 
0x0584	0x6EEA      	MOVWF       FSR0H 
0x0586	0x52EE      	MOVF        POSTINC0, 1 
0x0588	0xE00B      	BZ          L_Lcd_Out19
;__Lib_Lcd.c,200 :: 		
0x058A	0x5042      	MOVF        Lcd_Out_i_L0, 0 
0x058C	0x2440      	ADDWF       FARG_Lcd_Out_text, 0 
0x058E	0x6EE9      	MOVWF       FSR0L 
0x0590	0x0E00      	MOVLW       0
0x0592	0x2041      	ADDWFC      FARG_Lcd_Out_text+1, 0 
0x0594	0x6EEA      	MOVWF       FSR0H 
0x0596	0xF04CCFEE  	MOVFF       POSTINC0, FARG_Lcd_Chr_CP_out_char
0x059A	0xDEFD      	RCALL       _Lcd_Chr_CP
0x059C	0x2A42      	INCF        Lcd_Out_i_L0, 1 
0x059E	0xD7ED      	BRA         L_Lcd_Out18
L_Lcd_Out19:
;__Lib_Lcd.c,201 :: 		
0x05A0	0x803D      	BSF         __Lib_Lcd_cmd_status, BitPos(__Lib_Lcd_cmd_status+0) 
;__Lib_Lcd.c,202 :: 		
L_end_Lcd_Out:
0x05A2	0x0012      	RETURN      0
; end of _Lcd_Out
___CC2DW:
;__Lib_System.c,21 :: 		
;__Lib_System.c,23 :: 		
_CC2DL_Loop1:
;__Lib_System.c,24 :: 		
0x05A4	0x0009      	TBLRD*+
;__Lib_System.c,25 :: 		
0x05A6	0xFFE6CFF5  	MOVFF       TABLAT, POSTINC1
;__Lib_System.c,26 :: 		
0x05AA	0x0600      	DECF        R0, 1, 0
;__Lib_System.c,27 :: 		
0x05AC	0xE1FB      	BNZ         _CC2DL_Loop1
;__Lib_System.c,28 :: 		
0x05AE	0x0601      	DECF        R1, 1, 0
;__Lib_System.c,29 :: 		
0x05B0	0xE1F9      	BNZ         _CC2DL_Loop1
;__Lib_System.c,31 :: 		
L_end___CC2DW:
0x05B2	0x0012      	RETURN      0
; end of ___CC2DW
_Div_32x32_FP:
;__Lib_MathDouble.c,1325 :: 		
;__Lib_MathDouble.c,1339 :: 		
0x05B4	0x5004      	MOVF        R4, 0 
0x05B6	0x0A00      	XORLW       0
0x05B8	0xE112      	BNZ         L_Div_32x32_FP11
;__Lib_MathDouble.c,1340 :: 		
0x05BA	0x5005      	MOVF        R5, 0 
0x05BC	0x0A00      	XORLW       0
0x05BE	0xE10F      	BNZ         L_Div_32x32_FP12
;__Lib_MathDouble.c,1341 :: 		
0x05C0	0x5006      	MOVF        R6, 0 
0x05C2	0x0A00      	XORLW       0
0x05C4	0xE10C      	BNZ         L_Div_32x32_FP13
;__Lib_MathDouble.c,1342 :: 		
0x05C6	0x5007      	MOVF        R7, 0 
0x05C8	0x0A00      	XORLW       0
0x05CA	0xE109      	BNZ         L_Div_32x32_FP14
;__Lib_MathDouble.c,1343 :: 		
0x05CC	0x0EFF      	MOVLW       255
0x05CE	0x6E00      	MOVWF       R0 
;__Lib_MathDouble.c,1344 :: 		
0x05D0	0x0EFF      	MOVLW       255
0x05D2	0x6E01      	MOVWF       R1 
;__Lib_MathDouble.c,1345 :: 		
0x05D4	0x0E7F      	MOVLW       127
0x05D6	0x6E02      	MOVWF       R2 
;__Lib_MathDouble.c,1346 :: 		
0x05D8	0x0EFF      	MOVLW       255
0x05DA	0x6E03      	MOVWF       R3 
;__Lib_MathDouble.c,1347 :: 		
0x05DC	0xD0A4      	BRA         L_end_Div_32x32_FP
;__Lib_MathDouble.c,1348 :: 		
L_Div_32x32_FP14:
L_Div_32x32_FP13:
L_Div_32x32_FP12:
L_Div_32x32_FP11:
;__Lib_MathDouble.c,1353 :: 		
0x05DE	0x6A08      	CLRF        R8, 0
;__Lib_MathDouble.c,1354 :: 		
0x05E0	0x6A09      	CLRF        R9, 0
;__Lib_MathDouble.c,1356 :: 		
0x05E2	0x5007      	MOVF        R7, 0, 0
;__Lib_MathDouble.c,1357 :: 		
0x05E4	0xB4D8      	BTFSC       STATUS, 2, 0
;__Lib_MathDouble.c,1358 :: 		
0x05E6	0xF003EF85  	GOTO        JPDSETFDZ32
;__Lib_MathDouble.c,1360 :: 		
0x05EA	0x5003      	MOVF        R3, 0, 0
;__Lib_MathDouble.c,1361 :: 		
0x05EC	0xB4D8      	BTFSC       STATUS, 2, 0
;__Lib_MathDouble.c,1362 :: 		
0x05EE	0xF003EF89  	GOTO        JPDRES032
;__Lib_MathDouble.c,1364 :: 		
0x05F2	0x5002      	MOVF        R2, 0, 0
;__Lib_MathDouble.c,1365 :: 		
0x05F4	0x1806      	XORWF       R6, 0, 0
;__Lib_MathDouble.c,1366 :: 		
0x05F6	0x6E0A      	MOVWF       R10, 0
;__Lib_MathDouble.c,1367 :: 		
0x05F8	0x8E02      	BSF         R2, 7, 0
;__Lib_MathDouble.c,1368 :: 		
0x05FA	0x8E06      	BSF         R6, 7, 0
;__Lib_MathDouble.c,1370 :: 		
0x05FC	0x6A0E      	CLRF        R14, 0
;__Lib_MathDouble.c,1371 :: 		
0x05FE	0xF008C002  	MOVFF       R2, R8
;__Lib_MathDouble.c,1372 :: 		
0x0602	0xF00CC001  	MOVFF       R1, R12
;__Lib_MathDouble.c,1373 :: 		
0x0606	0xF00DC000  	MOVFF       R0, R13
;__Lib_MathDouble.c,1375 :: 		
0x060A	0x5004      	MOVF        R4, 0, 0
;__Lib_MathDouble.c,1376 :: 		
0x060C	0x5E0D      	SUBWF       R13, 1, 0
;__Lib_MathDouble.c,1377 :: 		
0x060E	0x5005      	MOVF        R5, 0, 0
;__Lib_MathDouble.c,1378 :: 		
0x0610	0xA0D8      	BTFSS       STATUS, 0, 0
;__Lib_MathDouble.c,1379 :: 		
0x0612	0x3C05      	INCFSZ      R5, 0, 0
;__Lib_MathDouble.c,1381 :: 		
0x0614	0x5E0C      	SUBWF       R12, 1, 0
;__Lib_MathDouble.c,1382 :: 		
0x0616	0x5006      	MOVF        R6, 0, 0
;__Lib_MathDouble.c,1383 :: 		
0x0618	0xA0D8      	BTFSS       STATUS, 0, 0
;__Lib_MathDouble.c,1384 :: 		
0x061A	0x3C06      	INCFSZ      R6, 0, 0
;__Lib_MathDouble.c,1386 :: 		
0x061C	0x5E08      	SUBWF       R8, 1, 0
;__Lib_MathDouble.c,1387 :: 		
0x061E	0x6A08      	CLRF        R8, 0
;__Lib_MathDouble.c,1388 :: 		
0x0620	0x6A0C      	CLRF        R12, 0
;__Lib_MathDouble.c,1389 :: 		
0x0622	0x6A0D      	CLRF        R13, 0
;__Lib_MathDouble.c,1390 :: 		
0x0624	0xA0D8      	BTFSS       STATUS, 0, 0
;__Lib_MathDouble.c,1391 :: 		
0x0626	0xF003EF1C  	GOTO        DALIGN32OK
;__Lib_MathDouble.c,1393 :: 		
0x062A	0x90D8      	BCF         STATUS, 0, 0
;__Lib_MathDouble.c,1394 :: 		
0x062C	0x3202      	RRCF        R2, 1, 0
;__Lib_MathDouble.c,1395 :: 		
0x062E	0x3201      	RRCF        R1, 1, 0
;__Lib_MathDouble.c,1396 :: 		
0x0630	0x3200      	RRCF        R0, 1, 0
;__Lib_MathDouble.c,1397 :: 		
0x0632	0x3208      	RRCF        R8, 1, 0
;__Lib_MathDouble.c,1398 :: 		
0x0634	0x0E01      	MOVLW       1
;__Lib_MathDouble.c,1399 :: 		
0x0636	0x6E0E      	MOVWF       R14, 0
;__Lib_MathDouble.c,1400 :: 		
DALIGN32OK:
;__Lib_MathDouble.c,1401 :: 		
0x0638	0x5007      	MOVF        R7, 0, 0
;__Lib_MathDouble.c,1402 :: 		
0x063A	0x5E03      	SUBWF       R3, 1, 0
;__Lib_MathDouble.c,1403 :: 		
0x063C	0xA0D8      	BTFSS       STATUS, 0, 0
;__Lib_MathDouble.c,1404 :: 		
0x063E	0xF003EF29  	GOTO        ALTB32
;__Lib_MathDouble.c,1406 :: 		
0x0642	0x0E7E      	MOVLW       126
;__Lib_MathDouble.c,1407 :: 		
0x0644	0x240E      	ADDWF       R14, 0, 0
;__Lib_MathDouble.c,1408 :: 		
0x0646	0x2603      	ADDWF       R3, 1, 0
;__Lib_MathDouble.c,1409 :: 		
0x0648	0xB0D8      	BTFSC       STATUS, 0, 0
;__Lib_MathDouble.c,1410 :: 		
0x064A	0xF003EF8D  	GOTO        JPDSETFOV32
;__Lib_MathDouble.c,1411 :: 		
0x064E	0xF003EF2F  	GOTO        DARGOK32
;__Lib_MathDouble.c,1412 :: 		
ALTB32:
;__Lib_MathDouble.c,1413 :: 		
0x0652	0x0E7E      	MOVLW       126
;__Lib_MathDouble.c,1414 :: 		
0x0654	0x240E      	ADDWF       R14, 0, 0
;__Lib_MathDouble.c,1415 :: 		
0x0656	0x2603      	ADDWF       R3, 1, 0
;__Lib_MathDouble.c,1416 :: 		
0x0658	0xA0D8      	BTFSS       STATUS, 0, 0
;__Lib_MathDouble.c,1417 :: 		
0x065A	0xF003EF91  	GOTO        JPDSETFUN32
;__Lib_MathDouble.c,1418 :: 		
DARGOK32:
;__Lib_MathDouble.c,1419 :: 		
0x065E	0x0E18      	MOVLW       24
;__Lib_MathDouble.c,1420 :: 		
0x0660	0x6E0B      	MOVWF       R11, 0
;__Lib_MathDouble.c,1421 :: 		
DLOOP32:
;__Lib_MathDouble.c,1422 :: 		
0x0662	0x360D      	RLCF        R13, 1, 0
;__Lib_MathDouble.c,1423 :: 		
0x0664	0x360C      	RLCF        R12, 1, 0
;__Lib_MathDouble.c,1424 :: 		
0x0666	0x3608      	RLCF        R8, 1, 0
;__Lib_MathDouble.c,1425 :: 		
0x0668	0x3600      	RLCF        R0, 1, 0
;__Lib_MathDouble.c,1426 :: 		
0x066A	0x3601      	RLCF        R1, 1, 0
;__Lib_MathDouble.c,1427 :: 		
0x066C	0x3602      	RLCF        R2, 1, 0
;__Lib_MathDouble.c,1428 :: 		
0x066E	0x360E      	RLCF        R14, 1, 0
;__Lib_MathDouble.c,1430 :: 		
0x0670	0x5004      	MOVF        R4, 0, 0
;__Lib_MathDouble.c,1431 :: 		
0x0672	0x5E00      	SUBWF       R0, 1, 0
;__Lib_MathDouble.c,1432 :: 		
0x0674	0x5005      	MOVF        R5, 0, 0
;__Lib_MathDouble.c,1433 :: 		
0x0676	0xA0D8      	BTFSS       STATUS, 0, 0
;__Lib_MathDouble.c,1434 :: 		
0x0678	0x3C05      	INCFSZ      R5, 0, 0
;__Lib_MathDouble.c,1436 :: 		
0x067A	0x5E01      	SUBWF       R1, 1, 0
;__Lib_MathDouble.c,1437 :: 		
0x067C	0x5006      	MOVF        R6, 0, 0
;__Lib_MathDouble.c,1438 :: 		
0x067E	0xA0D8      	BTFSS       STATUS, 0, 0
;__Lib_MathDouble.c,1439 :: 		
0x0680	0x3C06      	INCFSZ      R6, 0, 0
;__Lib_MathDouble.c,1441 :: 		
0x0682	0x5E02      	SUBWF       R2, 1, 0
;__Lib_MathDouble.c,1442 :: 		
0x0684	0x3406      	RLCF        R6, 0, 0
;__Lib_MathDouble.c,1443 :: 		
0x0686	0x120E      	IORWF       R14, 1, 0
;__Lib_MathDouble.c,1444 :: 		
0x0688	0xA00E      	BTFSS       R14, 0, 0
;__Lib_MathDouble.c,1445 :: 		
0x068A	0xF003EF4A  	GOTO        DREST32
;__Lib_MathDouble.c,1446 :: 		
0x068E	0x800D      	BSF         R13, 0, 0
;__Lib_MathDouble.c,1447 :: 		
0x0690	0xF003EF55  	GOTO        DOK32
;__Lib_MathDouble.c,1448 :: 		
DREST32:
;__Lib_MathDouble.c,1449 :: 		
0x0694	0x5004      	MOVF        R4, 0, 0
;__Lib_MathDouble.c,1450 :: 		
0x0696	0x2600      	ADDWF       R0, 1, 0
;__Lib_MathDouble.c,1451 :: 		
0x0698	0x5005      	MOVF        R5, 0, 0
;__Lib_MathDouble.c,1452 :: 		
0x069A	0xB0D8      	BTFSC       STATUS, 0, 0
;__Lib_MathDouble.c,1453 :: 		
0x069C	0x3C05      	INCFSZ      R5, 0, 0
;__Lib_MathDouble.c,1455 :: 		
0x069E	0x2601      	ADDWF       R1, 1, 0
;__Lib_MathDouble.c,1456 :: 		
0x06A0	0x5006      	MOVF        R6, 0, 0
;__Lib_MathDouble.c,1457 :: 		
0x06A2	0xB0D8      	BTFSC       STATUS, 0, 0
;__Lib_MathDouble.c,1458 :: 		
0x06A4	0x2806      	INCF        R6, 0, 0
;__Lib_MathDouble.c,1459 :: 		
0x06A6	0x2602      	ADDWF       R2, 1, 0
;__Lib_MathDouble.c,1460 :: 		
0x06A8	0x900D      	BCF         R13, 0, 0
;__Lib_MathDouble.c,1461 :: 		
DOK32:
;__Lib_MathDouble.c,1462 :: 		
0x06AA	0x2E0B      	DECFSZ      R11, 1, 0
;__Lib_MathDouble.c,1463 :: 		
0x06AC	0xF003EF31  	GOTO        DLOOP32
;__Lib_MathDouble.c,1467 :: 		
0x06B0	0xF003EF7B  	GOTO        DIV32OK
;__Lib_MathDouble.c,1468 :: 		
0x06B4	0x90D8      	BCF         STATUS, 0, 0
;__Lib_MathDouble.c,1469 :: 		
0x06B6	0x3600      	RLCF        R0, 1, 0
;__Lib_MathDouble.c,1470 :: 		
0x06B8	0x3601      	RLCF        R1, 1, 0
;__Lib_MathDouble.c,1471 :: 		
0x06BA	0x3602      	RLCF        R2, 1, 0
;__Lib_MathDouble.c,1472 :: 		
0x06BC	0x360E      	RLCF        R14, 1, 0
;__Lib_MathDouble.c,1474 :: 		
0x06BE	0x5004      	MOVF        R4, 0, 0
;__Lib_MathDouble.c,1475 :: 		
0x06C0	0x5E00      	SUBWF       R0, 1, 0
;__Lib_MathDouble.c,1476 :: 		
0x06C2	0x5005      	MOVF        R5, 0, 0
;__Lib_MathDouble.c,1477 :: 		
0x06C4	0xA0D8      	BTFSS       STATUS, 0, 0
;__Lib_MathDouble.c,1478 :: 		
0x06C6	0x3C05      	INCFSZ      R5, 0, 0
;__Lib_MathDouble.c,1479 :: 		
0x06C8	0x5E01      	SUBWF       R1, 1, 0
;__Lib_MathDouble.c,1480 :: 		
0x06CA	0x5006      	MOVF        R6, 0, 0
;__Lib_MathDouble.c,1481 :: 		
0x06CC	0xA0D8      	BTFSS       STATUS, 0, 0
;__Lib_MathDouble.c,1482 :: 		
0x06CE	0x3C06      	INCFSZ      R6, 0, 0
;__Lib_MathDouble.c,1483 :: 		
0x06D0	0x5E02      	SUBWF       R2, 1, 0
;__Lib_MathDouble.c,1484 :: 		
0x06D2	0x3406      	RLCF        R6, 0, 0
;__Lib_MathDouble.c,1485 :: 		
0x06D4	0x100E      	IORWF       R14, 0, 0
;__Lib_MathDouble.c,1486 :: 		
0x06D6	0x0B01      	ANDLW       1
;__Lib_MathDouble.c,1487 :: 		
0x06D8	0x260D      	ADDWF       R13, 1, 0
;__Lib_MathDouble.c,1488 :: 		
0x06DA	0xB0D8      	BTFSC       STATUS, 0, 0
;__Lib_MathDouble.c,1489 :: 		
0x06DC	0x2A0C      	INCF        R12, 1, 0
;__Lib_MathDouble.c,1490 :: 		
0x06DE	0xB4D8      	BTFSC       STATUS, 2, 0
;__Lib_MathDouble.c,1491 :: 		
0x06E0	0x2A08      	INCF        R8, 1, 0
;__Lib_MathDouble.c,1492 :: 		
0x06E2	0xA4D8      	BTFSS       STATUS, 2, 0
;__Lib_MathDouble.c,1493 :: 		
0x06E4	0xF003EF7B  	GOTO        DIV32OK
;__Lib_MathDouble.c,1494 :: 		
0x06E8	0x3208      	RRCF        R8, 1, 0
;__Lib_MathDouble.c,1495 :: 		
0x06EA	0x320C      	RRCF        R12, 1, 0
;__Lib_MathDouble.c,1496 :: 		
0x06EC	0x320D      	RRCF        R13, 1, 0
;__Lib_MathDouble.c,1497 :: 		
0x06EE	0x2A03      	INCF        R3, 1, 0
;__Lib_MathDouble.c,1498 :: 		
0x06F0	0xB4D8      	BTFSC       STATUS, 2, 0
;__Lib_MathDouble.c,1499 :: 		
0x06F2	0xF003EF8D  	GOTO        JPDSETFOV32
;__Lib_MathDouble.c,1500 :: 		
DIV32OK:
;__Lib_MathDouble.c,1501 :: 		
0x06F6	0xAE0A      	BTFSS       R10, 7, 0
;__Lib_MathDouble.c,1502 :: 		
0x06F8	0x9E08      	BCF         R8, 7, 0
;__Lib_MathDouble.c,1503 :: 		
0x06FA	0x5008      	MOVF        R8, 0, 0
;__Lib_MathDouble.c,1504 :: 		
0x06FC	0x6E02      	MOVWF       R2, 0
;__Lib_MathDouble.c,1505 :: 		
0x06FE	0x500C      	MOVF        R12, 0, 0
;__Lib_MathDouble.c,1506 :: 		
0x0700	0x6E01      	MOVWF       R1, 0
;__Lib_MathDouble.c,1507 :: 		
0x0702	0x500D      	MOVF        R13, 0, 0
;__Lib_MathDouble.c,1508 :: 		
0x0704	0x6E00      	MOVWF       R0, 0
;__Lib_MathDouble.c,1511 :: 		
0x0706	0xF003EF93  	GOTO        DIV32EEE
;__Lib_MathDouble.c,1512 :: 		
JPDSETFDZ32:
;__Lib_MathDouble.c,1513 :: 		
0x070A	0x0E01      	MOVLW       1
;__Lib_MathDouble.c,1516 :: 		
0x070C	0xDD35      	RCALL       _SETFDZ32
;__Lib_MathDouble.c,1518 :: 		
0x070E	0xF003EF93  	GOTO        DIV32EEE
;__Lib_MathDouble.c,1519 :: 		
JPDRES032:
;__Lib_MathDouble.c,1520 :: 		
0x0712	0x0E02      	MOVLW       2
;__Lib_MathDouble.c,1523 :: 		
0x0714	0xDCE5      	RCALL       _RES032
;__Lib_MathDouble.c,1525 :: 		
0x0716	0xF003EF93  	GOTO        DIV32EEE
;__Lib_MathDouble.c,1526 :: 		
JPDSETFOV32:
;__Lib_MathDouble.c,1527 :: 		
0x071A	0x0E04      	MOVLW       4
;__Lib_MathDouble.c,1530 :: 		
0x071C	0xDCE8      	RCALL       _SETFOV32
;__Lib_MathDouble.c,1532 :: 		
0x071E	0xF003EF93  	GOTO        DIV32EEE
;__Lib_MathDouble.c,1533 :: 		
JPDSETFUN32:
;__Lib_MathDouble.c,1534 :: 		
0x0722	0x0E08      	MOVLW       8
;__Lib_MathDouble.c,1537 :: 		
0x0724	0xDC8E      	RCALL       _SETFUN32
;__Lib_MathDouble.c,1539 :: 		
DIV32EEE:
;__Lib_MathDouble.c,1547 :: 		
L_end_Div_32x32_FP:
0x0726	0x0012      	RETURN      0
; end of _Div_32x32_FP
_FloatToStr:
;__Lib_Conversions.c,521 :: 		
;__Lib_Conversions.c,523 :: 		
0x0728	0x6A4A      	CLRF        FloatToStr_bpoint_L0 
0x072A	0x6A4B      	CLRF        FloatToStr_dexpon_L0 
;__Lib_Conversions.c,528 :: 		
0x072C	0xF046C03E  	MOVFF       FARG_FloatToStr_fnum, FloatToStr_un_L0
0x0730	0xF047C03F  	MOVFF       FARG_FloatToStr_fnum+1, FloatToStr_un_L0+1
0x0734	0xF048C040  	MOVFF       FARG_FloatToStr_fnum+2, FloatToStr_un_L0+2
0x0738	0xF049C041  	MOVFF       FARG_FloatToStr_fnum+3, FloatToStr_un_L0+3
;__Lib_Conversions.c,529 :: 		
0x073C	0x5049      	MOVF        FloatToStr_un_L0+3, 0 
0x073E	0x0AFF      	XORLW       255
0x0740	0xE108      	BNZ         L__FloatToStr197
0x0742	0x5048      	MOVF        FloatToStr_un_L0+2, 0 
0x0744	0x0AFF      	XORLW       255
0x0746	0xE105      	BNZ         L__FloatToStr197
0x0748	0x5047      	MOVF        FloatToStr_un_L0+1, 0 
0x074A	0x0AFF      	XORLW       255
0x074C	0xE102      	BNZ         L__FloatToStr197
0x074E	0x5046      	MOVF        FloatToStr_un_L0, 0 
0x0750	0x0AFF      	XORLW       255
L__FloatToStr197:
0x0752	0xE10C      	BNZ         L_FloatToStr90
;__Lib_Conversions.c,530 :: 		
0x0754	0xF04CC042  	MOVFF       FARG_FloatToStr_str, FARG_strcpy_to
0x0758	0xF04DC043  	MOVFF       FARG_FloatToStr_str+1, FARG_strcpy_to+1
0x075C	0x0E22      	MOVLW       ?lstr1___Lib_Conversions
0x075E	0x6E4E      	MOVWF       FARG_strcpy_from 
0x0760	0x0E00      	MOVLW       hi_addr(?lstr1___Lib_Conversions)
0x0762	0x6E4F      	MOVWF       FARG_strcpy_from+1 
0x0764	0xDD0D      	RCALL       _strcpy
;__Lib_Conversions.c,531 :: 		
0x0766	0x0E03      	MOVLW       3
0x0768	0x6E00      	MOVWF       R0 
0x076A	0xD1EB      	BRA         L_end_FloatToStr
;__Lib_Conversions.c,532 :: 		
L_FloatToStr90:
;__Lib_Conversions.c,533 :: 		
0x076C	0x0E01      	MOVLW       1
0x076E	0x6E44      	MOVWF       FloatToStr_i_L0 
;__Lib_Conversions.c,534 :: 		
0x0770	0xAE48      	BTFSS       FloatToStr_un_L0+2, 7 
0x0772	0xD00E      	BRA         L_FloatToStr91
;__Lib_Conversions.c,535 :: 		
0x0774	0x0E80      	MOVLW       128
0x0776	0x1848      	XORWF       FloatToStr_un_L0+2, 0 
0x0778	0x6E00      	MOVWF       R0 
0x077A	0xF048C000  	MOVFF       R0, FloatToStr_un_L0+2
;__Lib_Conversions.c,536 :: 		
0x077E	0x2A44      	INCF        FloatToStr_i_L0, 1 
;__Lib_Conversions.c,537 :: 		
0x0780	0xFFE1C042  	MOVFF       FARG_FloatToStr_str, FSR1L
0x0784	0xFFE2C043  	MOVFF       FARG_FloatToStr_str+1, FSR1H
0x0788	0x0E2D      	MOVLW       45
0x078A	0x6EE6      	MOVWF       POSTINC1 
0x078C	0x4A42      	INFSNZ      FARG_FloatToStr_str, 1 
0x078E	0x2A43      	INCF        FARG_FloatToStr_str+1, 1 
;__Lib_Conversions.c,538 :: 		
L_FloatToStr91:
;__Lib_Conversions.c,539 :: 		
0x0790	0x0E00      	MOVLW       0
0x0792	0x6E00      	MOVWF       R0 
0x0794	0x1849      	XORWF       FloatToStr_un_L0+3, 0 
0x0796	0xE108      	BNZ         L__FloatToStr198
0x0798	0x5000      	MOVF        R0, 0 
0x079A	0x1848      	XORWF       FloatToStr_un_L0+2, 0 
0x079C	0xE105      	BNZ         L__FloatToStr198
0x079E	0x5000      	MOVF        R0, 0 
0x07A0	0x1847      	XORWF       FloatToStr_un_L0+1, 0 
0x07A2	0xE102      	BNZ         L__FloatToStr198
0x07A4	0x5046      	MOVF        FloatToStr_un_L0, 0 
0x07A6	0x0A00      	XORLW       0
L__FloatToStr198:
0x07A8	0xE10B      	BNZ         L_FloatToStr92
;__Lib_Conversions.c,540 :: 		
0x07AA	0xF04CC042  	MOVFF       FARG_FloatToStr_str, FARG_strcpy_to
0x07AE	0xF04DC043  	MOVFF       FARG_FloatToStr_str+1, FARG_strcpy_to+1
0x07B2	0x0E1F      	MOVLW       ?lstr2___Lib_Conversions
0x07B4	0x6E4E      	MOVWF       FARG_strcpy_from 
0x07B6	0x0E00      	MOVLW       hi_addr(?lstr2___Lib_Conversions)
0x07B8	0x6E4F      	MOVWF       FARG_strcpy_from+1 
0x07BA	0xDCE2      	RCALL       _strcpy
;__Lib_Conversions.c,541 :: 		
0x07BC	0x6A00      	CLRF        R0 
0x07BE	0xD1C1      	BRA         L_end_FloatToStr
;__Lib_Conversions.c,542 :: 		
L_FloatToStr92:
;__Lib_Conversions.c,543 :: 		
0x07C0	0x5049      	MOVF        FloatToStr_un_L0+3, 0 
0x07C2	0x0AFF      	XORLW       255
0x07C4	0xE108      	BNZ         L__FloatToStr199
0x07C6	0x5048      	MOVF        FloatToStr_un_L0+2, 0 
0x07C8	0x0A00      	XORLW       0
0x07CA	0xE105      	BNZ         L__FloatToStr199
0x07CC	0x5047      	MOVF        FloatToStr_un_L0+1, 0 
0x07CE	0x0A00      	XORLW       0
0x07D0	0xE102      	BNZ         L__FloatToStr199
0x07D2	0x5046      	MOVF        FloatToStr_un_L0, 0 
0x07D4	0x0A00      	XORLW       0
L__FloatToStr199:
0x07D6	0xE10C      	BNZ         L_FloatToStr93
;__Lib_Conversions.c,544 :: 		
0x07D8	0xF04CC042  	MOVFF       FARG_FloatToStr_str, FARG_strcpy_to
0x07DC	0xF04DC043  	MOVFF       FARG_FloatToStr_str+1, FARG_strcpy_to+1
0x07E0	0x0E1B      	MOVLW       ?lstr3___Lib_Conversions
0x07E2	0x6E4E      	MOVWF       FARG_strcpy_from 
0x07E4	0x0E00      	MOVLW       hi_addr(?lstr3___Lib_Conversions)
0x07E6	0x6E4F      	MOVWF       FARG_strcpy_from+1 
0x07E8	0xDCCB      	RCALL       _strcpy
;__Lib_Conversions.c,545 :: 		
0x07EA	0xF000C044  	MOVFF       FloatToStr_i_L0, R0
0x07EE	0xD1A9      	BRA         L_end_FloatToStr
;__Lib_Conversions.c,546 :: 		
L_FloatToStr93:
;__Lib_Conversions.c,554 :: 		
L_FloatToStr94:
0x07F0	0x0E00      	MOVLW       0
0x07F2	0x6E04      	MOVWF       R4 
0x07F4	0x0E00      	MOVLW       0
0x07F6	0x6E05      	MOVWF       R5 
0x07F8	0x0E00      	MOVLW       0
0x07FA	0x6E06      	MOVWF       R6 
0x07FC	0x0E7F      	MOVLW       127
0x07FE	0x6E07      	MOVWF       R7 
0x0800	0xF000C046  	MOVFF       FloatToStr_un_L0, R0
0x0804	0xF001C047  	MOVFF       FloatToStr_un_L0+1, R1
0x0808	0xF002C048  	MOVFF       FloatToStr_un_L0+2, R2
0x080C	0xF003C049  	MOVFF       FloatToStr_un_L0+3, R3
0x0810	0xDDC8      	RCALL       _Compare_Double
0x0812	0x0E01      	MOVLW       1
0x0814	0xB0D8      	BTFSC       STATUS, 0 
0x0816	0x0E00      	MOVLW       0
0x0818	0x6E00      	MOVWF       R0 
0x081A	0x5200      	MOVF        R0, 1 
0x081C	0xE01B      	BZ          L_FloatToStr95
;__Lib_Conversions.c,555 :: 		
0x081E	0xF000C046  	MOVFF       FloatToStr_un_L0, R0
0x0822	0xF001C047  	MOVFF       FloatToStr_un_L0+1, R1
0x0826	0xF002C048  	MOVFF       FloatToStr_un_L0+2, R2
0x082A	0xF003C049  	MOVFF       FloatToStr_un_L0+3, R3
0x082E	0x0E00      	MOVLW       0
0x0830	0x6E04      	MOVWF       R4 
0x0832	0x0E00      	MOVLW       0
0x0834	0x6E05      	MOVWF       R5 
0x0836	0x0E20      	MOVLW       32
0x0838	0x6E06      	MOVWF       R6 
0x083A	0x0E82      	MOVLW       130
0x083C	0x6E07      	MOVWF       R7 
0x083E	0xDD1B      	RCALL       _Mul_32x32_FP
0x0840	0xF046C000  	MOVFF       R0, FloatToStr_un_L0
0x0844	0xF047C001  	MOVFF       R1, FloatToStr_un_L0+1
0x0848	0xF048C002  	MOVFF       R2, FloatToStr_un_L0+2
0x084C	0xF049C003  	MOVFF       R3, FloatToStr_un_L0+3
;__Lib_Conversions.c,556 :: 		
0x0850	0x064B      	DECF        FloatToStr_dexpon_L0, 1 
;__Lib_Conversions.c,557 :: 		
0x0852	0xD7CE      	BRA         L_FloatToStr94
L_FloatToStr95:
;__Lib_Conversions.c,562 :: 		
L_FloatToStr96:
0x0854	0x0E00      	MOVLW       0
0x0856	0x6E04      	MOVWF       R4 
0x0858	0x0E00      	MOVLW       0
0x085A	0x6E05      	MOVWF       R5 
0x085C	0x0E20      	MOVLW       32
0x085E	0x6E06      	MOVWF       R6 
0x0860	0x0E82      	MOVLW       130
0x0862	0x6E07      	MOVWF       R7 
0x0864	0xF000C046  	MOVFF       FloatToStr_un_L0, R0
0x0868	0xF001C047  	MOVFF       FloatToStr_un_L0+1, R1
0x086C	0xF002C048  	MOVFF       FloatToStr_un_L0+2, R2
0x0870	0xF003C049  	MOVFF       FloatToStr_un_L0+3, R3
0x0874	0xDD96      	RCALL       _Compare_Double
0x0876	0x0E00      	MOVLW       0
0x0878	0xB0D8      	BTFSC       STATUS, 0 
0x087A	0x0E01      	MOVLW       1
0x087C	0x6E00      	MOVWF       R0 
0x087E	0x5200      	MOVF        R0, 1 
0x0880	0xE01B      	BZ          L_FloatToStr97
;__Lib_Conversions.c,563 :: 		
0x0882	0xF000C046  	MOVFF       FloatToStr_un_L0, R0
0x0886	0xF001C047  	MOVFF       FloatToStr_un_L0+1, R1
0x088A	0xF002C048  	MOVFF       FloatToStr_un_L0+2, R2
0x088E	0xF003C049  	MOVFF       FloatToStr_un_L0+3, R3
0x0892	0x0ECD      	MOVLW       205
0x0894	0x6E04      	MOVWF       R4 
0x0896	0x0ECC      	MOVLW       204
0x0898	0x6E05      	MOVWF       R5 
0x089A	0x0E4C      	MOVLW       76
0x089C	0x6E06      	MOVWF       R6 
0x089E	0x0E7B      	MOVLW       123
0x08A0	0x6E07      	MOVWF       R7 
0x08A2	0xDCE9      	RCALL       _Mul_32x32_FP
0x08A4	0xF046C000  	MOVFF       R0, FloatToStr_un_L0
0x08A8	0xF047C001  	MOVFF       R1, FloatToStr_un_L0+1
0x08AC	0xF048C002  	MOVFF       R2, FloatToStr_un_L0+2
0x08B0	0xF049C003  	MOVFF       R3, FloatToStr_un_L0+3
;__Lib_Conversions.c,564 :: 		
0x08B4	0x2A4B      	INCF        FloatToStr_dexpon_L0, 1 
;__Lib_Conversions.c,565 :: 		
0x08B6	0xD7CE      	BRA         L_FloatToStr96
L_FloatToStr97:
;__Lib_Conversions.c,574 :: 		
0x08B8	0x0EFF      	MOVLW       255
0x08BA	0x1446      	ANDWF       FloatToStr_un_L0, 0 
0x08BC	0x6E08      	MOVWF       R8 
0x08BE	0x0EFF      	MOVLW       255
0x08C0	0x1447      	ANDWF       FloatToStr_un_L0+1, 0 
0x08C2	0x6E09      	MOVWF       R9 
0x08C4	0x0E7F      	MOVLW       127
0x08C6	0x1448      	ANDWF       FloatToStr_un_L0+2, 0 
0x08C8	0x6E0A      	MOVWF       R10 
0x08CA	0x0E00      	MOVLW       0
0x08CC	0x1449      	ANDWF       FloatToStr_un_L0+3, 0 
0x08CE	0x6E0B      	MOVWF       R11 
;__Lib_Conversions.c,575 :: 		
0x08D0	0xF004C008  	MOVFF       R8, R4
0x08D4	0xF005C009  	MOVFF       R9, R5
0x08D8	0xF006C00A  	MOVFF       R10, R6
0x08DC	0xF007C00B  	MOVFF       R11, R7
0x08E0	0x3604      	RLCF        R4, 1 
0x08E2	0x9004      	BCF         R4, 0 
0x08E4	0x3605      	RLCF        R5, 1 
0x08E6	0x3606      	RLCF        R6, 1 
0x08E8	0x3607      	RLCF        R7, 1 
;__Lib_Conversions.c,576 :: 		
0x08EA	0x0E00      	MOVLW       0
0x08EC	0x1446      	ANDWF       FloatToStr_un_L0, 0 
0x08EE	0x6E00      	MOVWF       R0 
0x08F0	0x0E00      	MOVLW       0
0x08F2	0x1447      	ANDWF       FloatToStr_un_L0+1, 0 
0x08F4	0x6E01      	MOVWF       R1 
0x08F6	0x0E00      	MOVLW       0
0x08F8	0x1448      	ANDWF       FloatToStr_un_L0+2, 0 
0x08FA	0x6E02      	MOVWF       R2 
0x08FC	0x0EFF      	MOVLW       255
0x08FE	0x1449      	ANDWF       FloatToStr_un_L0+3, 0 
0x0900	0x6E03      	MOVWF       R3 
0x0902	0xF046C000  	MOVFF       R0, FloatToStr_un_L0
0x0906	0xF047C001  	MOVFF       R1, FloatToStr_un_L0+1
0x090A	0xF048C002  	MOVFF       R2, FloatToStr_un_L0+2
0x090E	0xF049C003  	MOVFF       R3, FloatToStr_un_L0+3
;__Lib_Conversions.c,577 :: 		
0x0912	0x5004      	MOVF        R4, 0 
0x0914	0x1046      	IORWF       FloatToStr_un_L0, 0 
0x0916	0x6E00      	MOVWF       R0 
0x0918	0x5005      	MOVF        R5, 0 
0x091A	0x1047      	IORWF       FloatToStr_un_L0+1, 0 
0x091C	0x6E01      	MOVWF       R1 
0x091E	0x5006      	MOVF        R6, 0 
0x0920	0x1048      	IORWF       FloatToStr_un_L0+2, 0 
0x0922	0x6E02      	MOVWF       R2 
0x0924	0x5007      	MOVF        R7, 0 
0x0926	0x1049      	IORWF       FloatToStr_un_L0+3, 0 
0x0928	0x6E03      	MOVWF       R3 
0x092A	0xF046C000  	MOVFF       R0, FloatToStr_un_L0
0x092E	0xF047C001  	MOVFF       R1, FloatToStr_un_L0+1
0x0932	0xF048C002  	MOVFF       R2, FloatToStr_un_L0+2
0x0936	0xF049C003  	MOVFF       R3, FloatToStr_un_L0+3
;__Lib_Conversions.c,579 :: 		
0x093A	0x0E7F      	MOVLW       127
0x093C	0x5C49      	SUBWF       FloatToStr_un_L0+3, 0 
0x093E	0x6E00      	MOVWF       R0 
0x0940	0xF045C000  	MOVFF       R0, FloatToStr_d_L0
;__Lib_Conversions.c,582 :: 		
0x0944	0x0E01      	MOVLW       1
0x0946	0x6E49      	MOVWF       FloatToStr_un_L0+3 
;__Lib_Conversions.c,583 :: 		
0x0948	0xF004C000  	MOVFF       R0, R4
0x094C	0xF000C046  	MOVFF       FloatToStr_un_L0, R0
0x0950	0xF001C047  	MOVFF       FloatToStr_un_L0+1, R1
0x0954	0xF002C048  	MOVFF       FloatToStr_un_L0+2, R2
0x0958	0xF003C049  	MOVFF       FloatToStr_un_L0+3, R3
0x095C	0x5004      	MOVF        R4, 0 
L__FloatToStr200:
0x095E	0xE007      	BZ          L__FloatToStr201
0x0960	0x3600      	RLCF        R0, 1 
0x0962	0x9000      	BCF         R0, 0 
0x0964	0x3601      	RLCF        R1, 1 
0x0966	0x3602      	RLCF        R2, 1 
0x0968	0x3603      	RLCF        R3, 1 
0x096A	0x0FFF      	ADDLW       255
0x096C	0xD7F8      	BRA         L__FloatToStr200
L__FloatToStr201:
0x096E	0xF046C000  	MOVFF       R0, FloatToStr_un_L0
0x0972	0xF047C001  	MOVFF       R1, FloatToStr_un_L0+1
0x0976	0xF048C002  	MOVFF       R2, FloatToStr_un_L0+2
0x097A	0xF049C003  	MOVFF       R3, FloatToStr_un_L0+3
;__Lib_Conversions.c,584 :: 		
0x097E	0xFFE1C042  	MOVFF       FARG_FloatToStr_str, FSR1L
0x0982	0xFFE2C043  	MOVFF       FARG_FloatToStr_str+1, FSR1H
0x0986	0x5049      	MOVF        FloatToStr_un_L0+3, 0 
0x0988	0x0F30      	ADDLW       48
0x098A	0x6EE6      	MOVWF       POSTINC1 
0x098C	0x4A42      	INFSNZ      FARG_FloatToStr_str, 1 
0x098E	0x2A43      	INCF        FARG_FloatToStr_str+1, 1 
;__Lib_Conversions.c,585 :: 		
0x0990	0x0E80      	MOVLW       128
0x0992	0x184B      	XORWF       FloatToStr_dexpon_L0, 0 
0x0994	0x6E00      	MOVWF       R0 
0x0996	0x0E80      	MOVLW       128
0x0998	0x0A01      	XORLW       1
0x099A	0x5C00      	SUBWF       R0, 0 
0x099C	0xE308      	BNC         L__FloatToStr148
0x099E	0x0E80      	MOVLW       128
0x09A0	0x0A06      	XORLW       6
0x09A2	0x6E00      	MOVWF       R0 
0x09A4	0x0E80      	MOVLW       128
0x09A6	0x184B      	XORWF       FloatToStr_dexpon_L0, 0 
0x09A8	0x5C00      	SUBWF       R0, 0 
0x09AA	0xE301      	BNC         L__FloatToStr148
0x09AC	0xD00A      	BRA         L_FloatToStr100
L__FloatToStr148:
;__Lib_Conversions.c,586 :: 		
0x09AE	0xFFE1C042  	MOVFF       FARG_FloatToStr_str, FSR1L
0x09B2	0xFFE2C043  	MOVFF       FARG_FloatToStr_str+1, FSR1H
0x09B6	0x0E2E      	MOVLW       46
0x09B8	0x6EE6      	MOVWF       POSTINC1 
0x09BA	0x4A42      	INFSNZ      FARG_FloatToStr_str, 1 
0x09BC	0x2A43      	INCF        FARG_FloatToStr_str+1, 1 
;__Lib_Conversions.c,587 :: 		
0x09BE	0x0E01      	MOVLW       1
0x09C0	0x6E4A      	MOVWF       FloatToStr_bpoint_L0 
;__Lib_Conversions.c,588 :: 		
L_FloatToStr100:
;__Lib_Conversions.c,589 :: 		
0x09C2	0x0E06      	MOVLW       6
0x09C4	0x6E45      	MOVWF       FloatToStr_d_L0 
L_FloatToStr101:
0x09C6	0x5045      	MOVF        FloatToStr_d_L0, 0 
0x09C8	0x0A00      	XORLW       0
0x09CA	0xE054      	BZ          L_FloatToStr102
;__Lib_Conversions.c,590 :: 		
0x09CC	0x6A49      	CLRF        FloatToStr_un_L0+3 
;__Lib_Conversions.c,591 :: 		
0x09CE	0xF000C046  	MOVFF       FloatToStr_un_L0, R0
0x09D2	0xF001C047  	MOVFF       FloatToStr_un_L0+1, R1
0x09D6	0xF002C048  	MOVFF       FloatToStr_un_L0+2, R2
0x09DA	0xF003C049  	MOVFF       FloatToStr_un_L0+3, R3
0x09DE	0x3600      	RLCF        R0, 1 
0x09E0	0x9000      	BCF         R0, 0 
0x09E2	0x3601      	RLCF        R1, 1 
0x09E4	0x3602      	RLCF        R2, 1 
0x09E6	0x3603      	RLCF        R3, 1 
0x09E8	0x3600      	RLCF        R0, 1 
0x09EA	0x9000      	BCF         R0, 0 
0x09EC	0x3601      	RLCF        R1, 1 
0x09EE	0x3602      	RLCF        R2, 1 
0x09F0	0x3603      	RLCF        R3, 1 
0x09F2	0x5046      	MOVF        FloatToStr_un_L0, 0 
0x09F4	0x2600      	ADDWF       R0, 1 
0x09F6	0x5047      	MOVF        FloatToStr_un_L0+1, 0 
0x09F8	0x2201      	ADDWFC      R1, 1 
0x09FA	0x5048      	MOVF        FloatToStr_un_L0+2, 0 
0x09FC	0x2202      	ADDWFC      R2, 1 
0x09FE	0x5049      	MOVF        FloatToStr_un_L0+3, 0 
0x0A00	0x2203      	ADDWFC      R3, 1 
0x0A02	0xF046C000  	MOVFF       R0, FloatToStr_un_L0
0x0A06	0xF047C001  	MOVFF       R1, FloatToStr_un_L0+1
0x0A0A	0xF048C002  	MOVFF       R2, FloatToStr_un_L0+2
0x0A0E	0xF049C003  	MOVFF       R3, FloatToStr_un_L0+3
;__Lib_Conversions.c,592 :: 		
0x0A12	0xF000C046  	MOVFF       FloatToStr_un_L0, R0
0x0A16	0xF001C047  	MOVFF       FloatToStr_un_L0+1, R1
0x0A1A	0xF002C048  	MOVFF       FloatToStr_un_L0+2, R2
0x0A1E	0xF003C049  	MOVFF       FloatToStr_un_L0+3, R3
0x0A22	0x3600      	RLCF        R0, 1 
0x0A24	0x9000      	BCF         R0, 0 
0x0A26	0x3601      	RLCF        R1, 1 
0x0A28	0x3602      	RLCF        R2, 1 
0x0A2A	0x3603      	RLCF        R3, 1 
0x0A2C	0xF046C000  	MOVFF       R0, FloatToStr_un_L0
0x0A30	0xF047C001  	MOVFF       R1, FloatToStr_un_L0+1
0x0A34	0xF048C002  	MOVFF       R2, FloatToStr_un_L0+2
0x0A38	0xF049C003  	MOVFF       R3, FloatToStr_un_L0+3
;__Lib_Conversions.c,593 :: 		
0x0A3C	0xFFE1C042  	MOVFF       FARG_FloatToStr_str, FSR1L
0x0A40	0xFFE2C043  	MOVFF       FARG_FloatToStr_str+1, FSR1H
0x0A44	0x5049      	MOVF        FloatToStr_un_L0+3, 0 
0x0A46	0x0F30      	ADDLW       48
0x0A48	0x6EE6      	MOVWF       POSTINC1 
0x0A4A	0x4A42      	INFSNZ      FARG_FloatToStr_str, 1 
0x0A4C	0x2A43      	INCF        FARG_FloatToStr_str+1, 1 
;__Lib_Conversions.c,594 :: 		
0x0A4E	0x504A      	MOVF        FloatToStr_bpoint_L0, 0 
0x0A50	0x0A00      	XORLW       0
0x0A52	0xE10E      	BNZ         L_FloatToStr104
;__Lib_Conversions.c,595 :: 		
0x0A54	0x064B      	DECF        FloatToStr_dexpon_L0, 1 
0x0A56	0x504B      	MOVF        FloatToStr_dexpon_L0, 0 
0x0A58	0x0A00      	XORLW       0
0x0A5A	0xE10A      	BNZ         L_FloatToStr105
;__Lib_Conversions.c,596 :: 		
0x0A5C	0xFFE1C042  	MOVFF       FARG_FloatToStr_str, FSR1L
0x0A60	0xFFE2C043  	MOVFF       FARG_FloatToStr_str+1, FSR1H
0x0A64	0x0E2E      	MOVLW       46
0x0A66	0x6EE6      	MOVWF       POSTINC1 
0x0A68	0x4A42      	INFSNZ      FARG_FloatToStr_str, 1 
0x0A6A	0x2A43      	INCF        FARG_FloatToStr_str+1, 1 
;__Lib_Conversions.c,597 :: 		
0x0A6C	0x0E01      	MOVLW       1
0x0A6E	0x6E4A      	MOVWF       FloatToStr_bpoint_L0 
;__Lib_Conversions.c,598 :: 		
L_FloatToStr105:
L_FloatToStr104:
;__Lib_Conversions.c,589 :: 		
0x0A70	0x0645      	DECF        FloatToStr_d_L0, 1 
;__Lib_Conversions.c,599 :: 		
0x0A72	0xD7A9      	BRA         L_FloatToStr101
L_FloatToStr102:
;__Lib_Conversions.c,600 :: 		
L_FloatToStr106:
0x0A74	0x0EFF      	MOVLW       255
0x0A76	0x2442      	ADDWF       FARG_FloatToStr_str, 0 
0x0A78	0x6EE9      	MOVWF       FSR0L 
0x0A7A	0x0EFF      	MOVLW       255
0x0A7C	0x2043      	ADDWFC      FARG_FloatToStr_str+1, 0 
0x0A7E	0x6EEA      	MOVWF       FSR0H 
0x0A80	0x50EE      	MOVF        POSTINC0, 0 
0x0A82	0x0A30      	XORLW       48
0x0A84	0xE105      	BNZ         L_FloatToStr107
;__Lib_Conversions.c,601 :: 		
0x0A86	0x0E01      	MOVLW       1
0x0A88	0x5E42      	SUBWF       FARG_FloatToStr_str, 1 
0x0A8A	0x0E00      	MOVLW       0
0x0A8C	0x5A43      	SUBWFB      FARG_FloatToStr_str+1, 1 
0x0A8E	0xD7F2      	BRA         L_FloatToStr106
L_FloatToStr107:
;__Lib_Conversions.c,602 :: 		
0x0A90	0x0EFF      	MOVLW       255
0x0A92	0x2442      	ADDWF       FARG_FloatToStr_str, 0 
0x0A94	0x6EE9      	MOVWF       FSR0L 
0x0A96	0x0EFF      	MOVLW       255
0x0A98	0x2043      	ADDWFC      FARG_FloatToStr_str+1, 0 
0x0A9A	0x6EEA      	MOVWF       FSR0H 
0x0A9C	0x50EE      	MOVF        POSTINC0, 0 
0x0A9E	0x0A2E      	XORLW       46
0x0AA0	0xE104      	BNZ         L_FloatToStr108
;__Lib_Conversions.c,603 :: 		
0x0AA2	0x0E01      	MOVLW       1
0x0AA4	0x5E42      	SUBWF       FARG_FloatToStr_str, 1 
0x0AA6	0x0E00      	MOVLW       0
0x0AA8	0x5A43      	SUBWFB      FARG_FloatToStr_str+1, 1 
L_FloatToStr108:
;__Lib_Conversions.c,604 :: 		
0x0AAA	0x504B      	MOVF        FloatToStr_dexpon_L0, 0 
0x0AAC	0x0A00      	XORLW       0
0x0AAE	0xE043      	BZ          L_FloatToStr109
;__Lib_Conversions.c,605 :: 		
0x0AB0	0xFFE1C042  	MOVFF       FARG_FloatToStr_str, FSR1L
0x0AB4	0xFFE2C043  	MOVFF       FARG_FloatToStr_str+1, FSR1H
0x0AB8	0x0E65      	MOVLW       101
0x0ABA	0x6EE6      	MOVWF       POSTINC1 
0x0ABC	0x4A42      	INFSNZ      FARG_FloatToStr_str, 1 
0x0ABE	0x2A43      	INCF        FARG_FloatToStr_str+1, 1 
;__Lib_Conversions.c,606 :: 		
0x0AC0	0x0E80      	MOVLW       128
0x0AC2	0x184B      	XORWF       FloatToStr_dexpon_L0, 0 
0x0AC4	0x6E00      	MOVWF       R0 
0x0AC6	0x0E80      	MOVLW       128
0x0AC8	0x0A00      	XORLW       0
0x0ACA	0x5C00      	SUBWF       R0, 0 
0x0ACC	0xE20B      	BC          L_FloatToStr110
;__Lib_Conversions.c,607 :: 		
0x0ACE	0xFFE1C042  	MOVFF       FARG_FloatToStr_str, FSR1L
0x0AD2	0xFFE2C043  	MOVFF       FARG_FloatToStr_str+1, FSR1H
0x0AD6	0x0E2D      	MOVLW       45
0x0AD8	0x6EE6      	MOVWF       POSTINC1 
0x0ADA	0x4A42      	INFSNZ      FARG_FloatToStr_str, 1 
0x0ADC	0x2A43      	INCF        FARG_FloatToStr_str+1, 1 
;__Lib_Conversions.c,608 :: 		
0x0ADE	0x504B      	MOVF        FloatToStr_dexpon_L0, 0 
0x0AE0	0x0800      	SUBLW       0
0x0AE2	0x6E4B      	MOVWF       FloatToStr_dexpon_L0 
;__Lib_Conversions.c,609 :: 		
L_FloatToStr110:
;__Lib_Conversions.c,610 :: 		
0x0AE4	0xF045C04B  	MOVFF       FloatToStr_dexpon_L0, FloatToStr_d_L0
;__Lib_Conversions.c,611 :: 		
0x0AE8	0x0E80      	MOVLW       128
0x0AEA	0x0A09      	XORLW       9
0x0AEC	0x6E00      	MOVWF       R0 
0x0AEE	0x0E80      	MOVLW       128
0x0AF0	0x184B      	XORWF       FloatToStr_dexpon_L0, 0 
0x0AF2	0x5C00      	SUBWF       R0, 0 
0x0AF4	0xE20F      	BC          L_FloatToStr111
;__Lib_Conversions.c,612 :: 		
0x0AF6	0x0E0A      	MOVLW       10
0x0AF8	0x6E04      	MOVWF       R4 
0x0AFA	0xF000C045  	MOVFF       FloatToStr_d_L0, R0
0x0AFE	0xF000ECE6  	CALL        _Div_8X8_S, 0
0x0B02	0xFFE1C042  	MOVFF       FARG_FloatToStr_str, FSR1L
0x0B06	0xFFE2C043  	MOVFF       FARG_FloatToStr_str+1, FSR1H
0x0B0A	0x5000      	MOVF        R0, 0 
0x0B0C	0x0F30      	ADDLW       48
0x0B0E	0x6EE6      	MOVWF       POSTINC1 
0x0B10	0x4A42      	INFSNZ      FARG_FloatToStr_str, 1 
0x0B12	0x2A43      	INCF        FARG_FloatToStr_str+1, 1 
L_FloatToStr111:
;__Lib_Conversions.c,613 :: 		
0x0B14	0x0E0A      	MOVLW       10
0x0B16	0x6E04      	MOVWF       R4 
0x0B18	0xF000C045  	MOVFF       FloatToStr_d_L0, R0
0x0B1C	0xF000ECE6  	CALL        _Div_8X8_S, 0
0x0B20	0xF000C008  	MOVFF       R8, R0
0x0B24	0xFFE1C042  	MOVFF       FARG_FloatToStr_str, FSR1L
0x0B28	0xFFE2C043  	MOVFF       FARG_FloatToStr_str+1, FSR1H
0x0B2C	0x5000      	MOVF        R0, 0 
0x0B2E	0x0F30      	ADDLW       48
0x0B30	0x6EE6      	MOVWF       POSTINC1 
0x0B32	0x4A42      	INFSNZ      FARG_FloatToStr_str, 1 
0x0B34	0x2A43      	INCF        FARG_FloatToStr_str+1, 1 
;__Lib_Conversions.c,614 :: 		
L_FloatToStr109:
;__Lib_Conversions.c,615 :: 		
0x0B36	0xFFE1C042  	MOVFF       FARG_FloatToStr_str, FSR1L
0x0B3A	0xFFE2C043  	MOVFF       FARG_FloatToStr_str+1, FSR1H
0x0B3E	0x6AE6      	CLRF        POSTINC1 
;__Lib_Conversions.c,616 :: 		
0x0B40	0x6A00      	CLRF        R0 
;__Lib_Conversions.c,617 :: 		
L_end_FloatToStr:
0x0B42	0x0012      	RETURN      0
; end of _FloatToStr
_ADC_Get_Sample:
;__Lib_ADC_K22_B.c,52 :: 		
;__Lib_ADC_K22_B.c,55 :: 		
0x0B44	0x0E83      	MOVLW       131
0x0B46	0x16C2      	ANDWF       ADCON0, 1 
;__Lib_ADC_K22_B.c,57 :: 		
0x0B48	0xF000C03E  	MOVFF       FARG_ADC_Get_Sample_channel, R0
0x0B4C	0x3600      	RLCF        R0, 1 
0x0B4E	0x9000      	BCF         R0, 0 
0x0B50	0x3600      	RLCF        R0, 1 
0x0B52	0x9000      	BCF         R0, 0 
0x0B54	0x5000      	MOVF        R0, 0 
0x0B56	0x12C2      	IORWF       ADCON0, 1 
;__Lib_ADC_K22_B.c,59 :: 		
0x0B58	0xF001EC35  	CALL        _Delay_22us, 0
;__Lib_ADC_K22_B.c,60 :: 		
0x0B5C	0x82C2      	BSF         ADCON0, 1 
;__Lib_ADC_K22_B.c,61 :: 		
L_ADC_Get_Sample4:
0x0B5E	0xA2C2      	BTFSS       ADCON0, 1 
0x0B60	0xD001      	BRA         L_ADC_Get_Sample5
;__Lib_ADC_K22_B.c,62 :: 		
0x0B62	0xD7FD      	BRA         L_ADC_Get_Sample4
L_ADC_Get_Sample5:
;__Lib_ADC_K22_B.c,63 :: 		
0x0B64	0xF001CFC4  	MOVFF       ADRESH, R1
0x0B68	0x6A00      	CLRF        R0 
0x0B6A	0xF03FC000  	MOVFF       R0, ADC_Get_Sample_rslt_L0
0x0B6E	0xF040C001  	MOVFF       R1, ADC_Get_Sample_rslt_L0+1
;__Lib_ADC_K22_B.c,64 :: 		
0x0B72	0x50C3      	MOVF        ADRESL, 0 
0x0B74	0x1200      	IORWF       R0, 1 
0x0B76	0x0E00      	MOVLW       0
0x0B78	0x1201      	IORWF       R1, 1 
0x0B7A	0xF03FC000  	MOVFF       R0, ADC_Get_Sample_rslt_L0
0x0B7E	0xF040C001  	MOVFF       R1, ADC_Get_Sample_rslt_L0+1
;__Lib_ADC_K22_B.c,65 :: 		
0x0B82	0x0E00      	MOVLW       0
0x0B84	0x1400      	ANDWF       R0, 0 
0x0B86	0x6E02      	MOVWF       R2 
0x0B88	0x5001      	MOVF        R1, 0 
0x0B8A	0x0B80      	ANDLW       128
0x0B8C	0x6E03      	MOVWF       R3 
0x0B8E	0x0E00      	MOVLW       0
0x0B90	0x1803      	XORWF       R3, 0 
0x0B92	0xE102      	BNZ         L__ADC_Get_Sample13
0x0B94	0x0E00      	MOVLW       0
0x0B96	0x1802      	XORWF       R2, 0 
L__ADC_Get_Sample13:
0x0B98	0xE002      	BZ          L_ADC_Get_Sample6
;__Lib_ADC_K22_B.c,66 :: 		
0x0B9A	0x6A3F      	CLRF        ADC_Get_Sample_rslt_L0 
0x0B9C	0x6A40      	CLRF        ADC_Get_Sample_rslt_L0+1 
L_ADC_Get_Sample6:
;__Lib_ADC_K22_B.c,67 :: 		
0x0B9E	0xF000C03F  	MOVFF       ADC_Get_Sample_rslt_L0, R0
0x0BA2	0xF001C040  	MOVFF       ADC_Get_Sample_rslt_L0+1, R1
;__Lib_ADC_K22_B.c,68 :: 		
L_end_ADC_Get_Sample:
0x0BA6	0x0012      	RETURN      0
; end of _ADC_Get_Sample
_word2double:
;__Lib_MathDouble.c,2335 :: 		
;__Lib_MathDouble.c,2344 :: 		
0x0BA8	0x5000      	MOVF        R0, 0, 0
;__Lib_MathDouble.c,2345 :: 		
0x0BAA	0x6E08      	MOVWF       R8, 0
;__Lib_MathDouble.c,2346 :: 		
0x0BAC	0x5001      	MOVF        R1, 0, 0
;__Lib_MathDouble.c,2347 :: 		
0x0BAE	0x6E00      	MOVWF       R0, 0
;__Lib_MathDouble.c,2348 :: 		
0x0BB0	0x6A01      	CLRF        R1, 0
;__Lib_MathDouble.c,2349 :: 		
0x0BB2	0x6A02      	CLRF        R2, 0
;__Lib_MathDouble.c,2350 :: 		
0x0BB4	0x6A03      	CLRF        R3, 0
;__Lib_MathDouble.c,2353 :: 		
0x0BB6	0x6A0B      	CLRF        R11, 0
;__Lib_MathDouble.c,2354 :: 		
0x0BB8	0x6A0C      	CLRF        R12, 0
;__Lib_MathDouble.c,2356 :: 		
0x0BBA	0x0E96      	MOVLW       150
;__Lib_MathDouble.c,2357 :: 		
0x0BBC	0x6E03      	MOVWF       R3, 0
;__Lib_MathDouble.c,2358 :: 		
0x0BBE	0x6A0A      	CLRF        R10, 0
;__Lib_MathDouble.c,2360 :: 		
0x0BC0	0xF001C000  	MOVFF       R0, R1
;__Lib_MathDouble.c,2361 :: 		
0x0BC4	0xF000C008  	MOVFF       R8, R0
;__Lib_MathDouble.c,2362 :: 		
0x0BC8	0x6A08      	CLRF        R8, 0
;__Lib_MathDouble.c,2363 :: 		
0x0BCA	0x6A02      	CLRF        R2, 0
;__Lib_MathDouble.c,2365 :: 		
0x0BCC	0xF000EC83  	CALL        _NRM3232, 0
;__Lib_MathDouble.c,2366 :: 		
L_end_word2double:
0x0BD0	0x0012      	RETURN      0
; end of _word2double
_main:
0x0BD2	0xF006EC58  	CALL        3248, 0
;ADC.c,21 :: 		void main() {
;ADC.c,22 :: 		ANSELB =0;
0x0BD6	0x010F      	MOVLB       15
0x0BD8	0x6B39      	CLRF        ANSELB, 1
;ADC.c,23 :: 		ANSELE = 0x02;
0x0BDA	0x0E02      	MOVLW       2
0x0BDC	0x6F3C      	MOVWF       ANSELE, 1
;ADC.c,24 :: 		TRISE1_bit = 1; //Set RE1 as input
0x0BDE	0x8296      	BSF         TRISE1_bit, BitPos(TRISE1_bit+0) 
;ADC.c,26 :: 		ADC_Init();
0x0BE0	0xDC92      	RCALL       _ADC_Init
;ADC.c,27 :: 		Lcd_Init();
0x0BE2	0xDC46      	RCALL       _Lcd_Init
;ADC.c,28 :: 		Lcd_Cmd(_LCD_CLEAR);
0x0BE4	0x0E01      	MOVLW       1
0x0BE6	0x6E50      	MOVWF       FARG_Lcd_Cmd_out_char 
0x0BE8	0xF000EC32  	CALL        _Lcd_Cmd, 0
;ADC.c,29 :: 		Lcd_Cmd(_LCD_CURSOR_OFF);
0x0BEC	0x0E0C      	MOVLW       12
0x0BEE	0x6E50      	MOVWF       FARG_Lcd_Cmd_out_char 
0x0BF0	0xF000EC32  	CALL        _Lcd_Cmd, 0
;ADC.c,31 :: 		Lcd_Out(1, 1, "ADC");
0x0BF4	0x0E01      	MOVLW       1
0x0BF6	0x6E3E      	MOVWF       FARG_Lcd_Out_row 
0x0BF8	0x0E01      	MOVLW       1
0x0BFA	0x6E3F      	MOVWF       FARG_Lcd_Out_column 
0x0BFC	0x0E15      	MOVLW       ?lstr1_ADC
0x0BFE	0x6E40      	MOVWF       FARG_Lcd_Out_text 
0x0C00	0x0E00      	MOVLW       hi_addr(?lstr1_ADC)
0x0C02	0x6E41      	MOVWF       FARG_Lcd_Out_text+1 
0x0C04	0xDC92      	RCALL       _Lcd_Out
;ADC.c,34 :: 		while(1){
L_main0:
;ADC.c,35 :: 		ADCResult = ADC_Get_Sample(6);
0x0C06	0x0E06      	MOVLW       6
0x0C08	0x6E3E      	MOVWF       FARG_ADC_Get_Sample_channel 
0x0C0A	0xDF9C      	RCALL       _ADC_Get_Sample
0x0C0C	0xF019C000  	MOVFF       R0, _ADCResult
0x0C10	0xF01AC001  	MOVFF       R1, _ADCResult+1
;ADC.c,36 :: 		voltage = (ADCResult * 5000.0)/1024.0;
0x0C14	0xDFC9      	RCALL       _word2double
0x0C16	0x0E00      	MOVLW       0
0x0C18	0x6E04      	MOVWF       R4 
0x0C1A	0x0E40      	MOVLW       64
0x0C1C	0x6E05      	MOVWF       R5 
0x0C1E	0x0E1C      	MOVLW       28
0x0C20	0x6E06      	MOVWF       R6 
0x0C22	0x0E8B      	MOVLW       139
0x0C24	0x6E07      	MOVWF       R7 
0x0C26	0xF001EC3B  	CALL        _Mul_32x32_FP, 0
0x0C2A	0x0E00      	MOVLW       0
0x0C2C	0x6E04      	MOVWF       R4 
0x0C2E	0x0E00      	MOVLW       0
0x0C30	0x6E05      	MOVWF       R5 
0x0C32	0x0E00      	MOVLW       0
0x0C34	0x6E06      	MOVWF       R6 
0x0C36	0x0E89      	MOVLW       137
0x0C38	0x6E07      	MOVWF       R7 
0x0C3A	0xDCBC      	RCALL       _Div_32x32_FP
0x0C3C	0xF039C000  	MOVFF       R0, _voltage
0x0C40	0xF03AC001  	MOVFF       R1, _voltage+1
0x0C44	0xF03BC002  	MOVFF       R2, _voltage+2
0x0C48	0xF03CC003  	MOVFF       R3, _voltage+3
;ADC.c,37 :: 		voltage = voltage/1000;
0x0C4C	0x0E00      	MOVLW       0
0x0C4E	0x6E04      	MOVWF       R4 
0x0C50	0x0E00      	MOVLW       0
0x0C52	0x6E05      	MOVWF       R5 
0x0C54	0x0E7A      	MOVLW       122
0x0C56	0x6E06      	MOVWF       R6 
0x0C58	0x0E88      	MOVLW       136
0x0C5A	0x6E07      	MOVWF       R7 
0x0C5C	0xDCAB      	RCALL       _Div_32x32_FP
0x0C5E	0xF039C000  	MOVFF       R0, _voltage
0x0C62	0xF03AC001  	MOVFF       R1, _voltage+1
0x0C66	0xF03BC002  	MOVFF       R2, _voltage+2
0x0C6A	0xF03CC003  	MOVFF       R3, _voltage+3
;ADC.c,38 :: 		FloatToStr(voltage, voltageText);
0x0C6E	0xF03EC000  	MOVFF       R0, FARG_FloatToStr_fnum
0x0C72	0xF03FC001  	MOVFF       R1, FARG_FloatToStr_fnum+1
0x0C76	0xF040C002  	MOVFF       R2, FARG_FloatToStr_fnum+2
0x0C7A	0xF041C003  	MOVFF       R3, FARG_FloatToStr_fnum+3
0x0C7E	0x0E26      	MOVLW       _voltageText
0x0C80	0x6E42      	MOVWF       FARG_FloatToStr_str 
0x0C82	0x0E00      	MOVLW       hi_addr(_voltageText)
0x0C84	0x6E43      	MOVWF       FARG_FloatToStr_str+1 
0x0C86	0xDD50      	RCALL       _FloatToStr
;ADC.c,39 :: 		Lcd_Out(2, 1, voltageText);
0x0C88	0x0E02      	MOVLW       2
0x0C8A	0x6E3E      	MOVWF       FARG_Lcd_Out_row 
0x0C8C	0x0E01      	MOVLW       1
0x0C8E	0x6E3F      	MOVWF       FARG_Lcd_Out_column 
0x0C90	0x0E26      	MOVLW       _voltageText
0x0C92	0x6E40      	MOVWF       FARG_Lcd_Out_text 
0x0C94	0x0E00      	MOVLW       hi_addr(_voltageText)
0x0C96	0x6E41      	MOVWF       FARG_Lcd_Out_text+1 
0x0C98	0xDC48      	RCALL       _Lcd_Out
;ADC.c,40 :: 		}
0x0C9A	0xD7B5      	BRA         L_main0
;ADC.c,41 :: 		}
L_end_main:
0x0C9C	0xD7FF      	BRA         $+0
; end of _main
0x0CB0	0xF015EE10  	LFSR        1, 21
0x0CB4	0x0E11      	MOVLW       17
0x0CB6	0x6E00      	MOVWF       R0 
0x0CB8	0x0E01      	MOVLW       1
0x0CBA	0x6E01      	MOVWF       R1 
0x0CBC	0x0E9E      	MOVLW       158
0x0CBE	0x6EF6      	MOVWF       4086 
0x0CC0	0x0E0C      	MOVLW       12
0x0CC2	0x6EF7      	MOVWF       TBLPTRH 
0x0CC4	0x0E00      	MOVLW       0
0x0CC6	0x6EF8      	MOVWF       TBLPTRU 
0x0CC8	0xF002ECD2  	CALL        1444, 0
0x0CCC	0x0012      	RETURN      0
;ADC.c,0 :: ?ICS?lstr1_ADC
0x0C9E	0x4441 ;?ICS?lstr1_ADC+0
0x0CA0	0x0043 ;?ICS?lstr1_ADC+2
; end of ?ICS?lstr1_ADC
;ADC.c,0 :: ?ICS_ADCResult
0x0CA2	0x0000 ;?ICS_ADCResult+0
; end of ?ICS_ADCResult
;__Lib_Conversions.c,0 :: ?ICS?lstr3___Lib_Conversions
0x0CA4	0x4E49 ;?ICS?lstr3___Lib_Conversions+0
0x0CA6	0x0046 ;?ICS?lstr3___Lib_Conversions+2
; end of ?ICS?lstr3___Lib_Conversions
;__Lib_Conversions.c,0 :: ?ICS?lstr2___Lib_Conversions
0x0CA8	0x0030 ;?ICS?lstr2___Lib_Conversions+0
; end of ?ICS?lstr2___Lib_Conversions
;__Lib_ADC_K22_B.c,0 :: ?ICS_vref_mask
0x0CAA	0x0F ;?ICS_vref_mask+0
; end of ?ICS_vref_mask
;__Lib_Conversions.c,0 :: ?ICS?lstr1___Lib_Conversions
0x0CAB	0x614E ;?ICS?lstr1___Lib_Conversions+0
0x0CAD	0x004E ;?ICS?lstr1___Lib_Conversions+2
; end of ?ICS?lstr1___Lib_Conversions
Symbol List:
//** Routines locations **
//ADDRESS    SIZE    PROCEDURE
//----------------------------------------------
0x001C      [22]    _Delay_5500us
0x0032      [10]    _Delay_50us
0x003C       [6]    _Delay_1us
0x0042      [26]    _SETFUN32
0x005C       [8]    _FIXSIGN32
0x0064     [124]    _Lcd_Cmd
0x00E0      [14]    _RES032
0x00EE      [24]    _SETFOV32
0x0106     [114]    _NRM3232
0x0178       [8]    _SETFDZ32
0x0180      [76]    _strcpy
0x01CC     [158]    _Div_8X8_S
0x026A      [12]    _Delay_22us
0x0276     [288]    _Mul_32x32_FP
0x0396      [12]    _Lcd_Chr_CP
0x03A2     [206]    _Compare_Double
0x0470     [150]    _Lcd_Init
0x0506      [36]    _ADC_Init
0x052A     [122]    _Lcd_Out
0x05A4      [16]    ___CC2DW
0x05B4     [372]    _Div_32x32_FP
0x0728    [1052]    _FloatToStr
0x0B44     [100]    _ADC_Get_Sample
0x0BA8      [42]    _word2double
0x0BD2     [204]    _main
//** Variables locations ** 
//ADDRESS    SIZE    VARIABLE
//----------------------------------------------
0x0000       [1]    R0
0x0001       [1]    R1
0x0002       [2]    strlen_cp_L0
0x0002       [1]    R2
0x0002       [2]    memset_pp_L0
0x0002       [2]    memcpy_dd_L0
0x0002       [2]    memchr_s_L0
0x0003       [1]    R3
0x0003       [2]    memmove_tt_L0
0x0003       [2]    Ltrim_original_L0
0x0004       [2]    strncpy_cp_L0
0x0004       [2]    strcpy_cp_L0
0x0004       [2]    memcpy_ss_L0
0x0004       [2]    strncat_cp_L0
0x0004       [1]    R4
0x0004       [2]    strcat_cp_L0
0x0005       [2]    memmove_ff_L0
0x0005       [2]    LongIntToHex_input_half_L0
0x0005       [2]    Ltrim_p_L0
0x0005       [2]    LongWordToHex_input_half_L0
0x0005       [1]    R5
0x0006       [1]    R6
0x0007       [1]    R7
0x0008       [1]    R8
0x0009       [1]    R9
0x000A       [1]    R10
0x000B       [1]    R11
0x000C       [1]    R12
0x000D       [1]    R13
0x000E       [1]    R14
0x000F       [1]    R15
0x0010       [1]    R16
0x0011       [1]    R17
0x0012       [1]    R18
0x0013       [1]    R19
0x0014       [1]    R20
0x0015       [4]    ?lstr1_ADC
0x0019       [2]    _ADCResult
0x001B       [4]    ?lstr3___Lib_Conversions
0x001F       [2]    ?lstr2___Lib_Conversions
0x0021       [1]    _vref_mask
0x0022       [4]    ?lstr1___Lib_Conversions
0x0026      [15]    _voltageText
0x0035       [4]    _ADC_Get_Sample_Ptr
0x0039       [4]    _voltage
0x003D       [0]    __Lib_Lcd_cmd_status
0x003E       [4]    FARG_FloatToStr_fnum
0x003E       [1]    FARG_Lcd_Out_row
0x003E       [1]    FARG_ADC_Get_Sample_channel
0x003F       [1]    FARG_Lcd_Out_column
0x003F       [2]    ADC_Get_Sample_rslt_L0
0x0040       [2]    FARG_Lcd_Out_text
0x0042       [1]    Lcd_Out_i_L0
0x0042       [2]    FARG_FloatToStr_str
0x0044       [1]    FloatToStr_i_L0
0x0045       [1]    FloatToStr_d_L0
0x0046       [4]    FloatToStr_un_L0
0x004A       [1]    FloatToStr_bpoint_L0
0x004B       [1]    FloatToStr_dexpon_L0
0x004C       [2]    FARG_strcpy_to
0x004C       [1]    FARG_Lcd_Chr_CP_out_char
0x004E       [2]    FARG_strcpy_from
0x0050       [1]    FARG_Lcd_Cmd_out_char
0x0F39       [1]    ANSELB
0x0F3C       [1]    ANSELE
0x0F81       [0]    RB1_bit
0x0F81       [0]    RB3_bit
0x0F81       [0]    RB2_bit
0x0F81       [0]    LCD_D6
0x0F81       [0]    LCD_D7
0x0F81       [0]    RB0_bit
0x0F81       [0]    LCD_D4
0x0F81       [0]    LCD_D5
0x0F81       [0]    RB5_bit
0x0F81       [0]    RB4_bit
0x0F81       [0]    LCD_EN
0x0F81       [0]    LCD_RS
0x0F93       [0]    LCD_D4_Direction
0x0F93       [0]    TRISB4_bit
0x0F93       [0]    TRISB5_bit
0x0F93       [0]    LCD_D5_Direction
0x0F93       [0]    LCD_RS_Direction
0x0F93       [0]    LCD_EN_Direction
0x0F93       [0]    LCD_D6_Direction
0x0F93       [0]    LCD_D7_Direction
0x0F93       [0]    TRISB1_bit
0x0F93       [0]    TRISB0_bit
0x0F93       [0]    TRISB3_bit
0x0F93       [0]    TRISB2_bit
0x0F96       [0]    TRISE1_bit
0x0FC0       [1]    ADCON2
0x0FC1       [1]    ADCON1
0x0FC2       [1]    ADCON0
0x0FC3       [1]    ADRESL
0x0FC4       [1]    ADRESH
0x0FD8       [1]    STATUS
0x0FD9       [1]    FSR2L
0x0FDA       [1]    FSR2H
0x0FDE       [1]    POSTINC2
0x0FE0       [1]    BSR
0x0FE1       [1]    FSR1L
0x0FE2       [1]    FSR1H
0x0FE4       [1]    PREINC1
0x0FE6       [1]    POSTINC1
0x0FE7       [1]    INDF1
0x0FE8       [1]    WREG
0x0FE9       [1]    FSR0L
0x0FEA       [1]    FSR0H
0x0FEE       [1]    POSTINC0
0x0FF3       [1]    PRODL
0x0FF4       [1]    PRODH
0x0FF5       [1]    TABLAT
0x0FF6       [1]    TBLPTRL
0x0FF7       [1]    TBLPTRH
0x0FF8       [1]    TBLPTRU
//** Constants locations ** 
//ADDRESS    SIZE    CONSTANT
//----------------------------------------------
0x0C9E       [4]    ?ICS?lstr1_ADC
0x0CA2       [2]    ?ICS_ADCResult
0x0CA4       [4]    ?ICS?lstr3___Lib_Conversions
0x0CA8       [2]    ?ICS?lstr2___Lib_Conversions
0x0CAA       [1]    ?ICS_vref_mask
0x0CAB       [4]    ?ICS?lstr1___Lib_Conversions
