;  LST file generated by mikroListExporter - v.2.0 
; Date/Time: 5/24/2023 8:41:20 PM
;----------------------------------------------

;Address Opcode 	ASM
0x0000	0xF000EF92  	GOTO        292
_interrupt:
;Exterrnal_Interrupt.c,19 :: 		void interrupt(){
0x0008	0xF019C000  	MOVFF       R0, 25
0x000C	0xF018C001  	MOVFF       R1, 24
0x0010	0xF017C00B  	MOVFF       R11, 23
0x0014	0xF016C00C  	MOVFF       R12, 22
0x0018	0xF015C00D  	MOVFF       R13, 21
;Exterrnal_Interrupt.c,21 :: 		for (x=1; x<=4; x++){
0x001C	0x0E01      	MOVLW       1
0x001E	0x6E48      	MOVWF       _x 
0x0020	0x0E00      	MOVLW       0
0x0022	0x6E49      	MOVWF       _x+1 
L_interrupt0:
0x0024	0x0E80      	MOVLW       128
0x0026	0x6E00      	MOVWF       R0 
0x0028	0x0E80      	MOVLW       128
0x002A	0x1849      	XORWF       _x+1, 0 
0x002C	0x5C00      	SUBWF       R0, 0 
0x002E	0xE102      	BNZ         L__interrupt13
0x0030	0x5048      	MOVF        _x, 0 
0x0032	0x0804      	SUBLW       4
L__interrupt13:
0x0034	0xE310      	BNC         L_interrupt1
;Exterrnal_Interrupt.c,22 :: 		SOS = ~SOS;
0x0036	0x768C      	BTG         LATD3_bit, BitPos(LATD3_bit+0) 
;Exterrnal_Interrupt.c,23 :: 		delay_ms(200);
0x0038	0x0E03      	MOVLW       3
0x003A	0x6E0B      	MOVWF       R11, 0
0x003C	0x0E08      	MOVLW       8
0x003E	0x6E0C      	MOVWF       R12, 0
0x0040	0x0E77      	MOVLW       119
0x0042	0x6E0D      	MOVWF       R13, 0
L_interrupt3:
0x0044	0x2E0D      	DECFSZ      R13, 1, 0
0x0046	0xD7FE      	BRA         L_interrupt3
0x0048	0x2E0C      	DECFSZ      R12, 1, 0
0x004A	0xD7FC      	BRA         L_interrupt3
0x004C	0x2E0B      	DECFSZ      R11, 1, 0
0x004E	0xD7FA      	BRA         L_interrupt3
;Exterrnal_Interrupt.c,21 :: 		for (x=1; x<=4; x++){
0x0050	0x4A48      	INFSNZ      _x, 1 
0x0052	0x2A49      	INCF        _x+1, 1 
;Exterrnal_Interrupt.c,24 :: 		}
0x0054	0xD7E7      	BRA         L_interrupt0
L_interrupt1:
;Exterrnal_Interrupt.c,27 :: 		UART1_Read();                        //PIR1.b5 or RC1IF only clears if you read the buffer uart rx
0x0056	0xD82A      	RCALL       _UART1_Read
;Exterrnal_Interrupt.c,28 :: 		}
L_end_interrupt:
L__interrupt12:
0x0058	0xF000C019  	MOVFF       25, R0
0x005C	0xF001C018  	MOVFF       24, R1
0x0060	0xF00BC017  	MOVFF       23, R11
0x0064	0xF00CC016  	MOVFF       22, R12
0x0068	0xF00DC015  	MOVFF       21, R13
0x006C	0x0011      	RETFIE      1
; end of _interrupt
_UART1_Write:
;__Lib_UART_c67d67.c,63 :: 		
;__Lib_UART_c67d67.c,64 :: 		
L_UART1_Write3:
0x006E	0xB2AC      	BTFSC       TXSTA, 1 
0x0070	0xD002      	BRA         L_UART1_Write4
;__Lib_UART_c67d67.c,65 :: 		
0x0072	0x0000      	NOP
0x0074	0xD7FC      	BRA         L_UART1_Write3
L_UART1_Write4:
;__Lib_UART_c67d67.c,66 :: 		
0x0076	0xFFADC056  	MOVFF       FARG_UART1_Write_data_, TXREG
;__Lib_UART_c67d67.c,67 :: 		
L_end_UART1_Write:
0x007A	0x0012      	RETURN      0
; end of _UART1_Write
_UART1_Write_Text:
;__Lib_UART_c67d67.c,71 :: 		
;__Lib_UART_c67d67.c,72 :: 		
0x007C	0x6A55      	CLRF        UART1_Write_Text_counter_L0 
;__Lib_UART_c67d67.c,74 :: 		
0x007E	0xFFE9C052  	MOVFF       FARG_UART1_Write_Text_uart_text, FSR0L
0x0082	0xFFEAC053  	MOVFF       FARG_UART1_Write_Text_uart_text+1, FSR0H
0x0086	0xF054CFEE  	MOVFF       POSTINC0, UART1_Write_Text_data__L0
;__Lib_UART_c67d67.c,75 :: 		
L_UART1_Write_Text5:
0x008A	0x5054      	MOVF        UART1_Write_Text_data__L0, 0 
0x008C	0x0A00      	XORLW       0
0x008E	0xE00D      	BZ          L_UART1_Write_Text6
;__Lib_UART_c67d67.c,76 :: 		
0x0090	0xF056C054  	MOVFF       UART1_Write_Text_data__L0, FARG_UART1_Write_data_
0x0094	0xDFEC      	RCALL       _UART1_Write
;__Lib_UART_c67d67.c,77 :: 		
0x0096	0x2A55      	INCF        UART1_Write_Text_counter_L0, 1 
;__Lib_UART_c67d67.c,78 :: 		
0x0098	0x5055      	MOVF        UART1_Write_Text_counter_L0, 0 
0x009A	0x2452      	ADDWF       FARG_UART1_Write_Text_uart_text, 0 
0x009C	0x6EE9      	MOVWF       FSR0L 
0x009E	0x0E00      	MOVLW       0
0x00A0	0x2053      	ADDWFC      FARG_UART1_Write_Text_uart_text+1, 0 
0x00A2	0x6EEA      	MOVWF       FSR0H 
0x00A4	0xF054CFEE  	MOVFF       POSTINC0, UART1_Write_Text_data__L0
;__Lib_UART_c67d67.c,79 :: 		
0x00A8	0xD7F0      	BRA         L_UART1_Write_Text5
L_UART1_Write_Text6:
;__Lib_UART_c67d67.c,80 :: 		
L_end_UART1_Write_Text:
0x00AA	0x0012      	RETURN      0
; end of _UART1_Write_Text
_UART1_Read:
;__Lib_UART_c67d67.c,44 :: 		
;__Lib_UART_c67d67.c,47 :: 		
0x00AC	0xF001CFAE  	MOVFF       RCREG, R1
;__Lib_UART_c67d67.c,48 :: 		
0x00B0	0xA2AB      	BTFSS       RCSTA, 1 
0x00B2	0xD002      	BRA         L_UART1_Read2
;__Lib_UART_c67d67.c,49 :: 		
0x00B4	0x98AB      	BCF         RCSTA, 4 
;__Lib_UART_c67d67.c,50 :: 		
0x00B6	0x88AB      	BSF         RCSTA, 4 
;__Lib_UART_c67d67.c,51 :: 		
L_UART1_Read2:
;__Lib_UART_c67d67.c,52 :: 		
0x00B8	0xF000C001  	MOVFF       R1, R0
;__Lib_UART_c67d67.c,53 :: 		
L_end_UART1_Read:
0x00BC	0x0012      	RETURN      0
; end of _UART1_Read
___CC2DW:
;__Lib_System.c,21 :: 		
;__Lib_System.c,23 :: 		
_CC2DL_Loop1:
;__Lib_System.c,24 :: 		
0x00BE	0x0009      	TBLRD*+
;__Lib_System.c,25 :: 		
0x00C0	0xFFE6CFF5  	MOVFF       TABLAT, POSTINC1
;__Lib_System.c,26 :: 		
0x00C4	0x0600      	DECF        R0, 1, 0
;__Lib_System.c,27 :: 		
0x00C6	0xE1FB      	BNZ         _CC2DL_Loop1
;__Lib_System.c,28 :: 		
0x00C8	0x0601      	DECF        R1, 1, 0
;__Lib_System.c,29 :: 		
0x00CA	0xE1F9      	BNZ         _CC2DL_Loop1
;__Lib_System.c,31 :: 		
L_end___CC2DW:
0x00CC	0x0012      	RETURN      0
; end of ___CC2DW
_UART1_Init:
;__Lib_UART_c67d67.c,20 :: 		
;__Lib_UART_c67d67.c,23 :: 		
0x00CE	0x0E6E      	MOVLW       _UART1_Write
0x00D0	0x6E44      	MOVWF       _UART_Wr_Ptr 
0x00D2	0x0E00      	MOVLW       hi_addr(_UART1_Write)
0x00D4	0x6E45      	MOVWF       _UART_Wr_Ptr+1 
0x00D6	0x0E56      	MOVLW       FARG_UART1_Write_data_
0x00D8	0x6E46      	MOVWF       _UART_Wr_Ptr+2 
0x00DA	0x0E00      	MOVLW       hi_addr(FARG_UART1_Write_data_)
0x00DC	0x6E47      	MOVWF       _UART_Wr_Ptr+3 
;__Lib_UART_c67d67.c,24 :: 		
0x00DE	0x0EAC      	MOVLW       _UART1_Read
0x00E0	0x6E40      	MOVWF       _UART_Rd_Ptr 
0x00E2	0x0E00      	MOVLW       hi_addr(_UART1_Read)
0x00E4	0x6E41      	MOVWF       _UART_Rd_Ptr+1 
0x00E6	0x0E00      	MOVLW       0
0x00E8	0x6E42      	MOVWF       _UART_Rd_Ptr+2 
0x00EA	0x0E00      	MOVLW       0
0x00EC	0x6E43      	MOVWF       _UART_Rd_Ptr+3 
;__Lib_UART_c67d67.c,25 :: 		
0x00EE	0x0EFF      	MOVLW       _UART1_Data_Ready
0x00F0	0x6E4E      	MOVWF       _UART_Rdy_Ptr 
0x00F2	0x0EFF      	MOVLW       hi_addr(_UART1_Data_Ready)
0x00F4	0x6E4F      	MOVWF       _UART_Rdy_Ptr+1 
0x00F6	0x0E00      	MOVLW       0
0x00F8	0x6E50      	MOVWF       _UART_Rdy_Ptr+2 
0x00FA	0x0E00      	MOVLW       0
0x00FC	0x6E51      	MOVWF       _UART_Rdy_Ptr+3 
;__Lib_UART_c67d67.c,26 :: 		
0x00FE	0x0EFF      	MOVLW       _UART1_Tx_Idle
0x0100	0x6E4A      	MOVWF       _UART_Tx_Idle_Ptr 
0x0102	0x0EFF      	MOVLW       hi_addr(_UART1_Tx_Idle)
0x0104	0x6E4B      	MOVWF       _UART_Tx_Idle_Ptr+1 
0x0106	0x0E00      	MOVLW       0
0x0108	0x6E4C      	MOVWF       _UART_Tx_Idle_Ptr+2 
0x010A	0x0E00      	MOVLW       0
0x010C	0x6E4D      	MOVWF       _UART_Tx_Idle_Ptr+3 
;__Lib_UART_c67d67.c,28 :: 		
0x010E	0x8AAC      	BSF         TXSTA, 5 
;__Lib_UART_c67d67.c,29 :: 		
0x0110	0x0E90      	MOVLW       144
0x0112	0x6EAB      	MOVWF       RCSTA 
;__Lib_UART_c67d67.c,30 :: 		
0x0114	0x8E94      	BSF         TRISC7_bit, BitPos(TRISC7_bit+0) 
;__Lib_UART_c67d67.c,31 :: 		
0x0116	0x9C94      	BCF         TRISC6_bit, BitPos(TRISC6_bit+0) 
;__Lib_UART_c67d67.c,33 :: 		
L_UART1_Init0:
0x0118	0xAA9E      	BTFSS       PIR1, 5 
0x011A	0xD003      	BRA         L_UART1_Init1
;__Lib_UART_c67d67.c,34 :: 		
0x011C	0xF000CFAE  	MOVFF       RCREG, R0
0x0120	0xD7FB      	BRA         L_UART1_Init0
L_UART1_Init1:
;__Lib_UART_c67d67.c,35 :: 		
L_end_UART1_Init:
0x0122	0x0012      	RETURN      0
; end of _UART1_Init
_main:
0x0124	0xF001EC00  	CALL        512, 0
;Exterrnal_Interrupt.c,59 :: 		void main(){
;Exterrnal_Interrupt.c,60 :: 		INTCON = 0b11000000;       //set INtcon to use pheripheral interrupt
0x0128	0x0EC0      	MOVLW       192
0x012A	0x6EF2      	MOVWF       INTCON 
;Exterrnal_Interrupt.c,61 :: 		PIE1 = 0b00100000;
0x012C	0x0E20      	MOVLW       32
0x012E	0x6E9D      	MOVWF       PIE1 
;Exterrnal_Interrupt.c,63 :: 		ANSELD = 0;                //disable analog in port D
0x0130	0x010F      	MOVLB       15
0x0132	0x6B3B      	CLRF        ANSELD, 1
;Exterrnal_Interrupt.c,64 :: 		ANSELB = 0;                //disable analog in port B
0x0134	0x6B39      	CLRF        ANSELB, 1
;Exterrnal_Interrupt.c,65 :: 		TRISD = 0;                 //Set port D as output
0x0136	0x6A95      	CLRF        TRISD 
;Exterrnal_Interrupt.c,66 :: 		ANSELC = 0;
0x0138	0x6B3A      	CLRF        ANSELC, 1
;Exterrnal_Interrupt.c,68 :: 		UART1_Init(19200);
0x013A	0x86B8      	BSF         BAUDCON, 3, 0
0x013C	0x6AB0      	CLRF        SPBRGH 
0x013E	0x0E67      	MOVLW       103
0x0140	0x6EAF      	MOVWF       SPBRG 
0x0142	0x84AC      	BSF         TXSTA, 2, 0
0x0144	0xDFC4      	RCALL       _UART1_Init
;Exterrnal_Interrupt.c,69 :: 		delay_ms(500);
0x0146	0x0E06      	MOVLW       6
0x0148	0x6E0B      	MOVWF       R11, 0
0x014A	0x0E13      	MOVLW       19
0x014C	0x6E0C      	MOVWF       R12, 0
0x014E	0x0EAD      	MOVLW       173
0x0150	0x6E0D      	MOVWF       R13, 0
L_main4:
0x0152	0x2E0D      	DECFSZ      R13, 1, 0
0x0154	0xD7FE      	BRA         L_main4
0x0156	0x2E0C      	DECFSZ      R12, 1, 0
0x0158	0xD7FC      	BRA         L_main4
0x015A	0x2E0B      	DECFSZ      R11, 1, 0
0x015C	0xD7FA      	BRA         L_main4
0x015E	0x0000      	NOP
0x0160	0x0000      	NOP
;Exterrnal_Interrupt.c,71 :: 		UART1_Write_Text("Start typing to cause an Interrupt \r\n");
0x0162	0x0E1A      	MOVLW       ?lstr1_Exterrnal_Interrupt
0x0164	0x6E52      	MOVWF       FARG_UART1_Write_Text_uart_text 
0x0166	0x0E00      	MOVLW       hi_addr(?lstr1_Exterrnal_Interrupt)
0x0168	0x6E53      	MOVWF       FARG_UART1_Write_Text_uart_text+1 
0x016A	0xDF88      	RCALL       _UART1_Write_Text
;Exterrnal_Interrupt.c,72 :: 		delay_ms(500);
0x016C	0x0E06      	MOVLW       6
0x016E	0x6E0B      	MOVWF       R11, 0
0x0170	0x0E13      	MOVLW       19
0x0172	0x6E0C      	MOVWF       R12, 0
0x0174	0x0EAD      	MOVLW       173
0x0176	0x6E0D      	MOVWF       R13, 0
L_main5:
0x0178	0x2E0D      	DECFSZ      R13, 1, 0
0x017A	0xD7FE      	BRA         L_main5
0x017C	0x2E0C      	DECFSZ      R12, 1, 0
0x017E	0xD7FC      	BRA         L_main5
0x0180	0x2E0B      	DECFSZ      R11, 1, 0
0x0182	0xD7FA      	BRA         L_main5
0x0184	0x0000      	NOP
0x0186	0x0000      	NOP
;Exterrnal_Interrupt.c,74 :: 		while(1){
L_main6:
;Exterrnal_Interrupt.c,76 :: 		LED_Red = ~LED_Red;
0x0188	0x708C      	BTG         LATD0_bit, BitPos(LATD0_bit+0) 
;Exterrnal_Interrupt.c,77 :: 		delay_ms(200);
0x018A	0x0E03      	MOVLW       3
0x018C	0x6E0B      	MOVWF       R11, 0
0x018E	0x0E08      	MOVLW       8
0x0190	0x6E0C      	MOVWF       R12, 0
0x0192	0x0E77      	MOVLW       119
0x0194	0x6E0D      	MOVWF       R13, 0
L_main8:
0x0196	0x2E0D      	DECFSZ      R13, 1, 0
0x0198	0xD7FE      	BRA         L_main8
0x019A	0x2E0C      	DECFSZ      R12, 1, 0
0x019C	0xD7FC      	BRA         L_main8
0x019E	0x2E0B      	DECFSZ      R11, 1, 0
0x01A0	0xD7FA      	BRA         L_main8
;Exterrnal_Interrupt.c,78 :: 		LED_Green = ~LED_Green;
0x01A2	0x728C      	BTG         LATD1_bit, BitPos(LATD1_bit+0) 
;Exterrnal_Interrupt.c,79 :: 		delay_ms(200);
0x01A4	0x0E03      	MOVLW       3
0x01A6	0x6E0B      	MOVWF       R11, 0
0x01A8	0x0E08      	MOVLW       8
0x01AA	0x6E0C      	MOVWF       R12, 0
0x01AC	0x0E77      	MOVLW       119
0x01AE	0x6E0D      	MOVWF       R13, 0
L_main9:
0x01B0	0x2E0D      	DECFSZ      R13, 1, 0
0x01B2	0xD7FE      	BRA         L_main9
0x01B4	0x2E0C      	DECFSZ      R12, 1, 0
0x01B6	0xD7FC      	BRA         L_main9
0x01B8	0x2E0B      	DECFSZ      R11, 1, 0
0x01BA	0xD7FA      	BRA         L_main9
;Exterrnal_Interrupt.c,80 :: 		LED_Blue = ~LED_Blue;
0x01BC	0x748C      	BTG         LATD2_bit, BitPos(LATD2_bit+0) 
;Exterrnal_Interrupt.c,81 :: 		delay_ms(200);
0x01BE	0x0E03      	MOVLW       3
0x01C0	0x6E0B      	MOVWF       R11, 0
0x01C2	0x0E08      	MOVLW       8
0x01C4	0x6E0C      	MOVWF       R12, 0
0x01C6	0x0E77      	MOVLW       119
0x01C8	0x6E0D      	MOVWF       R13, 0
L_main10:
0x01CA	0x2E0D      	DECFSZ      R13, 1, 0
0x01CC	0xD7FE      	BRA         L_main10
0x01CE	0x2E0C      	DECFSZ      R12, 1, 0
0x01D0	0xD7FC      	BRA         L_main10
0x01D2	0x2E0B      	DECFSZ      R11, 1, 0
0x01D4	0xD7FA      	BRA         L_main10
;Exterrnal_Interrupt.c,83 :: 		}
0x01D6	0xD7D8      	BRA         L_main6
;Exterrnal_Interrupt.c,85 :: 		}
L_end_main:
0x01D8	0xD7FF      	BRA         $+0
; end of _main
0x0200	0xF01AEE10  	LFSR        1, 26
0x0204	0x0E26      	MOVLW       38
0x0206	0x6E00      	MOVWF       R0 
0x0208	0x0E01      	MOVLW       1
0x020A	0x6E01      	MOVWF       R1 
0x020C	0x0EDA      	MOVLW       218
0x020E	0x6EF6      	MOVWF       4086 
0x0210	0x0E01      	MOVLW       1
0x0212	0x6EF7      	MOVWF       TBLPTRH 
0x0214	0x0E00      	MOVLW       0
0x0216	0x6EF8      	MOVWF       TBLPTRU 
0x0218	0xF000EC5F  	CALL        190, 0
0x021C	0x0012      	RETURN      0
;Exterrnal_Interrupt.c,0 :: ?ICS?lstr1_Exterrnal_Interrupt
0x01DA	0x7453 ;?ICS?lstr1_Exterrnal_Interrupt+0
0x01DC	0x7261 ;?ICS?lstr1_Exterrnal_Interrupt+2
0x01DE	0x2074 ;?ICS?lstr1_Exterrnal_Interrupt+4
0x01E0	0x7974 ;?ICS?lstr1_Exterrnal_Interrupt+6
0x01E2	0x6970 ;?ICS?lstr1_Exterrnal_Interrupt+8
0x01E4	0x676E ;?ICS?lstr1_Exterrnal_Interrupt+10
0x01E6	0x7420 ;?ICS?lstr1_Exterrnal_Interrupt+12
0x01E8	0x206F ;?ICS?lstr1_Exterrnal_Interrupt+14
0x01EA	0x6163 ;?ICS?lstr1_Exterrnal_Interrupt+16
0x01EC	0x7375 ;?ICS?lstr1_Exterrnal_Interrupt+18
0x01EE	0x2065 ;?ICS?lstr1_Exterrnal_Interrupt+20
0x01F0	0x6E61 ;?ICS?lstr1_Exterrnal_Interrupt+22
0x01F2	0x4920 ;?ICS?lstr1_Exterrnal_Interrupt+24
0x01F4	0x746E ;?ICS?lstr1_Exterrnal_Interrupt+26
0x01F6	0x7265 ;?ICS?lstr1_Exterrnal_Interrupt+28
0x01F8	0x7572 ;?ICS?lstr1_Exterrnal_Interrupt+30
0x01FA	0x7470 ;?ICS?lstr1_Exterrnal_Interrupt+32
0x01FC	0x0D20 ;?ICS?lstr1_Exterrnal_Interrupt+34
0x01FE	0x000A ;?ICS?lstr1_Exterrnal_Interrupt+36
; end of ?ICS?lstr1_Exterrnal_Interrupt
Symbol List:
//** Routines locations **
//ADDRESS    SIZE    PROCEDURE
//----------------------------------------------
0x0008     [102]    _interrupt
0x006E      [14]    _UART1_Write
0x007C      [48]    _UART1_Write_Text
0x00AC      [18]    _UART1_Read
0x00BE      [16]    ___CC2DW
0x00CE      [86]    _UART1_Init
0x0124     [182]    _main
//** Variables locations ** 
//ADDRESS    SIZE    VARIABLE
//----------------------------------------------
0x0000       [1]    R0
0x0000       [1]    UART2_Init_tmp_L0
0x0000       [1]    UART1_Init_tmp_L0
0x0001       [1]    UART2_Read___tmp_UART2_Read_L0
0x0001       [1]    UART1_Read___tmp_UART1_Read_L0
0x0001       [1]    R1
0x0002       [1]    R2
0x0003       [1]    R3
0x0004       [1]    R4
0x0005       [1]    R5
0x0006       [1]    R6
0x0007       [1]    R7
0x0008       [1]    R8
0x0009       [1]    R9
0x000A       [1]    R10
0x000B       [1]    R11
0x000C       [1]    R12
0x000D       [1]    R13
0x000E       [1]    R14
0x000F       [1]    R15
0x0010       [1]    R16
0x0011       [1]    R17
0x0012       [1]    R18
0x0013       [1]    R19
0x0014       [1]    R20
0x001A      [38]    ?lstr1_Exterrnal_Interrupt
0x0040       [4]    _UART_Rd_Ptr
0x0044       [4]    _UART_Wr_Ptr
0x0048       [2]    _x
0x004A       [4]    _UART_Tx_Idle_Ptr
0x004E       [4]    _UART_Rdy_Ptr
0x0052       [2]    FARG_UART1_Write_Text_uart_text
0x0054       [1]    UART1_Write_Text_data__L0
0x0055       [1]    UART1_Write_Text_counter_L0
0x0056       [1]    FARG_UART1_Write_data_
0x0F39       [1]    ANSELB
0x0F3A       [1]    ANSELC
0x0F3B       [1]    ANSELD
0x0F8C       [0]    LATD3_bit
0x0F8C       [0]    LATD2_bit
0x0F8C       [0]    LATD0_bit
0x0F8C       [0]    LATD1_bit
0x0F94       [0]    TRISC7_bit
0x0F94       [0]    TRISC6_bit
0x0F95       [1]    TRISD
0x0F9D       [1]    PIE1
0x0F9E       [1]    PIR1
0x0FAB       [1]    RCSTA
0x0FAC       [1]    TXSTA
0x0FAD       [1]    TXREG
0x0FAE       [1]    RCREG
0x0FAF       [1]    SPBRG
0x0FB0       [1]    SPBRGH
0x0FB8       [1]    BAUDCON
0x0FD8       [1]    STATUS
0x0FD9       [1]    FSR2L
0x0FDA       [1]    FSR2H
0x0FDE       [1]    POSTINC2
0x0FE0       [1]    BSR
0x0FE1       [1]    FSR1L
0x0FE2       [1]    FSR1H
0x0FE4       [1]    PREINC1
0x0FE6       [1]    POSTINC1
0x0FE7       [1]    INDF1
0x0FE8       [1]    WREG
0x0FE9       [1]    FSR0L
0x0FEA       [1]    FSR0H
0x0FEE       [1]    POSTINC0
0x0FF2       [1]    INTCON
0x0FF3       [1]    PRODL
0x0FF4       [1]    PRODH
0x0FF5       [1]    TABLAT
0x0FF6       [1]    TBLPTRL
0x0FF7       [1]    TBLPTRH
0x0FF8       [1]    TBLPTRU
//** Constants locations ** 
//ADDRESS    SIZE    CONSTANT
//----------------------------------------------
0x01DA      [38]    ?ICS?lstr1_Exterrnal_Interrupt
